For Column 7 ------------------------------------
Count   Value
820184	341
602738	578
520996	344
432608	351
424805	109
285709	235
281578	361
198588	105
191053	107
183889	106
110241	126
101707	110
100056	359
73689	347
73639	236
72284	121
66499	352
62624	117
59096	348
53905	112
50536	118
48973	113
43352	233
31147	340
20347	232
17700	358
13914	114
13756	353
12984	104
12430	343
12324	355
9916	365
9854	116
9080	111
8242	678
5576	364
4443	101
3751	125
2643	238
2476	231
2294	124
1901	350
1463	345
1444	675
900	342
828	572
809	363
750	346
609	356
387	120
299	230
238	677
207	571
167	237
122	122
121	115
111	234
95	354
93	102
59	455
48	119
47	349
44	366
33	103
31	676
23	360
20	672
18	685
16	460
13	881
11	357
4	123
3	577
3	362
 
For Column 8 ------------------------------------
Count   Value
820184	PETIT LARCENY
602738	HARRASSMENT 2
520996	ASSAULT 3 & RELATED OFFENSES
504892	CRIMINAL MISCHIEF & RELATED OF
424805	GRAND LARCENY
348333	DANGEROUS DRUGS
281578	OFF. AGNST PUB ORD SENSBLTY &
198588	ROBBERY
191053	BURGLARY
183889	FELONY ASSAULT
124175	DANGEROUS WEAPONS
118483	MISCELLANEOUS PENAL LAW
101707	GRAND LARCENY OF MOTOR VEHICLE
100056	OFFENSES AGAINST PUBLIC ADMINI
73689	INTOXICATED & IMPAIRED DRIVING
66499	CRIMINAL TRESPASS
59096	VEHICLE AND TRAFFIC LAWS
53905	THEFT-FRAUD
53206	SEX CRIMES
48973	FORGERY
31147	FRAUDS
29427	POSSESSION OF STOLEN PROPERTY
17700	OFFENSES INVOLVING FRAUD
13914	ARSON
13756	UNAUTHORIZED USE OF A VEHICLE
12984	RAPE
12324	OFFENSES AGAINST THE PERSON
11360	ADMINISTRATIVE CODE
9652	OTHER OFFENSES RELATED TO THEF
5489	OTHER STATE LAWS (NON PENAL LA
4443	MURDER & NON-NEGL. MANSLAUGHTER
3751	NYS LAWS-UNCLASSIFIED FELONY
2778	THEFT OF SERVICES
2643	FRAUDULENT ACCOSTING
2476	BURGLAR'S TOOLS
2290	KIDNAPPING & RELATED OFFENSES
2023	GAMBLING
1342	OFFENSES RELATED TO CHILDREN
900	PETIT LARCENY OF MOTOR VEHICLE
841	PROSTITUTION & RELATED OFFENSES
828	DISORDERLY CONDUCT
809	OFFENSES AGAINST PUBLIC SAFETY
750	ALCOHOLIC BEVERAGE CONTROL LAW
365	CHILD ABANDONMENT/NON SUPPORT
299	JOSTLING
232	OTHER STATE LAWS
207	LOITERING/GAMBLING (CARDS, DIC
167	ESCAPE 3
143	ENDAN WELFARE INCOMP
95	ANTICIPATORY OFFENSES
93	HOMICIDE-NEGLIGENT-VEHICLE
83	AGRICULTURE & MRKTS LAW-UNCLASSIFIED
75	NEW YORK CITY HEALTH CODE
59	UNLAWFUL POSS. WEAP. ON SCHOOL
48	INTOXICATED/IMPAIRED DRIVING
47	DISRUPTION OF A RELIGIOUS SERV
33	HOMICIDE-NEGLIGENT,UNCLASSIFIE
23	LOITERING FOR DRUG PURPOSES
20	LOITERING
18	ADMINISTRATIVE CODES
16	LOITERING/DEVIATE SEX
13	OTHER TRAFFIC INFRACTION
11	FORTUNE TELLING
6	NYS LAWS-UNCLASSIFIED VIOLATION
4	OTHER STATE LAWS (NON PENAL LAW)
4	ABORTION
3	UNDER THE INFLUENCE OF DRUGS
3	OFFENSES AGAINST MARRIAGE UNCL
2	KIDNAPPING
2	KIDNAPPING AND RELATED OFFENSES
 
For Column 9 ------------------------------------
Count   Value
437675	101
367212	638
279781	639
235526	637
220979	338
215344	333
188496	254
177665	321
173010	567
153892	109
146187	259
120151	438
99901	511
99529	397
91548	441
89244	258
82385	221
76386	339
73620	782
72964	905
70092	113
59962	205
53974	198
51746	739
49202	419
48466	421
41769	405
41417	916
41193	729
41026	793
40749	223
35866	349
34387	267
32750	357
30740	269
30421	749
28224	750
26563	343
26428	439
26175	175
25074	759
23704	213
21714	386
20574	503
20214	490
18350	106
17825	117
17497	705
17386	388
17111	718
16950	922
14849	403
14591	748
14058	224
14012	681
13756	462
13484	415
13482	457
13280	707
12411	433
12371	211
12368	114
11738	399
11647	105
11513	760
11451	500
10422	569
9668	878
9650	115
9286	478
9172	263
9018	792
8529	417
8406	384
8356	157
7964	301
7569	401
7508	451
7022	494
6740	398
6681	313
6537	203
6464	407
6393	305
6362	389
6332	412
6268	256
5768	566
5583	521
5368	404
5305	461
5120	382
4899	231
4853	303
4842	307
4780	515
4581	264
4443	undefined
4370	214
4136	424
3826	179
3823	640
3802	422
3752	406
3745	725
3721	847
3603	510
3581	268
3530	809
3465	723
3410	501
3268	413
3242	779
3137	443
3130	420
3111	273
3099	361
3088	411
3071	414
3070	168
3069	425
3021	410
2967	568
2928	367
2820	170
2778	475
2693	390
2643	466
2537	233
2524	243
2476	209
2447	416
2443	204
2352	402
2352	512
2339	418
2253	708
2200	335
2189	377
2090	409
1884	392
1813	493
1795	380
1785	508
1749	489
1719	153
1709	505
1670	502
1645	744
1629	201
1628	181
1553	391
1521	408
1508	155
1455	544
1454	366
1449	241
1432	277
1427	507
1418	430
1401	159
1367	244
1367	177
1348	437
1309	197
1299	848
1180	442
1175	199
1123	683
1091	455
1032	347
1019	730
1001	183
998	375
977	643
975	191
945	570
861	111
852	271
828	625
805	514
805	379
801	193
786	110
750	802
739	724
729	918
727	644
725	907
703	112
700	432
690	435
671	596
671	428
647	761
640	234
595	395
587	509
570	727
560	764
538	788
494	665
489	781
461	341
455	426
441	703
434	519
432	266
401	520
396	565
396	360
380	450
379	772
365	695
349	479
335	477
333	548
332	363
331	858
329	879
313	185
299	464
282	826
282	164
278	329
269	647
258	174
255	799
250	447
247	524
245	498
242	762
233	789
231	371
229	661
226	350
220	104
215	652
212	180
209	853
207	610
203	862
200	166
199	812
199	696
196	711
195	365
191	351
186	849
185	393
177	770
175	187
167	742
167	431
166	633
164	385
163	899
161	261
149	563
149	531
149	880
142	874
141	672
138	719
138	434
137	323
133	491
130	674
129	645
126	331
126	176
125	841
121	688
118	423
113	829
109	701
107	576
96	293
94	687
93	766
90	594
84	746
82	537
81	706
80	557
79	754
78	122
75	649
70	195
69	591
66	327
64	605
61	721
59	595
56	445
54	373
51	890
50	107
50	641
49	297
48	904
48	429
47	627
46	532
46	663
44	529
44	888
42	553
42	780
42	811
41	817
40	818
39	887
38	892
38	291
36	344
33	803
33	265
33	125
31	775
31	533
30	889
30	587
29	585
28	381
27	844
27	289
24	530
23	586
23	604
23	345
22	698
21	285
20	275
19	283
18	872
18	619
17	476
17	342
17	756
16	602
16	584
16	797
15	121
15	436
15	864
15	299
15	248
14	697
14	691
14	593
14	588
13	969
13	715
13	784
12	733
12	281
11	468
10	648
10	866
10	394
10	840
9	731
9	821
9	822
8	868
6	664
6	693
6	561
5	659
5	355
4	843
4	737
4	427
4	786
4	513
4	143
4	827
4	574
3	589
3	162
3	685
3	646
3	622
3	396
3	119
3	845
3	689
3	796
2	860
2	861
2	186
2	787
2	846
2	820
2	694
2	614
2	523
2	178
2	184
2	387
2	836
1	678
1	146
1	885
1	522
1	814
1	839
1	819
1	975
1	148
1	815
 
For Column 10 ------------------------------------
Count   Value
437675	ASSAULT 3
367212	HARASSMENT,SUBD 3,4,5
279781	AGGRAVATED HARASSMENT 2
235526	HARASSMENT,SUBD 1,CIVILIAN
220979	LARCENY,PETIT FROM BUILDING,UN
215344	LARCENY,PETIT FROM STORE-SHOPL
188496	MISCHIEF, CRIMINAL 4, OF MOTOR
177665	LARCENY,PETIT FROM AUTO
173010	MARIJUANA, POSSESSION 4 & 5
153892	ASSAULT 2,1,UNCLASSIFIED
146187	CRIMINAL MISCHIEF,UNCLASSIFIED 4
120151	LARCENY,GRAND FROM BUILDING (NON-RESIDENCE) UNATTENDED
103037	CONTROLLED SUBSTANCE, POSSESSI
99529	ROBBERY,OPEN AREA UNCLASSIFIED
91548	LARCENY,GRAND OF AUTO
89244	CRIMINAL MISCHIEF 4TH, GRAFFIT
82385	BURGLARY,RESIDENCE,DAY
76386	LARCENY,PETIT FROM OPEN AREAS,
73620	WEAPONS, POSSESSION, ETC
73012	INTOXICATED DRIVING,ALCOHOL
70092	MENACING,UNCLASSIFIED
59962	TRESPASS 2, CRIMINAL
53974	CRIMINAL CONTEMPT 1
51746	FRAUD,UNCLASSIFIED-FELONY
49202	LARCENY,GRAND FROM PERSON,UNCL
48466	LARCENY,GRAND FROM VEHICLE/MOTORCYCLE
41769	LARCENY,GRAND BY THEFT OF CREDIT CARD
41417	LEAVING SCENE-ACCIDENT-PERSONA
41193	FORGERY,ETC.,UNCLASSIFIED-FELO
41026	WEAPONS POSSESSION 3
40749	BURGLARY,RESIDENCE,NIGHT
35866	LARCENY,PETIT OF LICENSE PLATE
34387	MISCHIEF, CRIMINAL 3 & 2, OF M
32750	LARCENY,PETIT OF VEHICLE ACCES
30740	MISCHIEF,CRIMINAL,    UNCL 2ND
30421	VIOLATION OF ORDER OF PROTECTI
28224	RESISTING ARREST
26563	LARCENY,PETIT OF BICYCLE
26428	LARCENY,GRAND FROM OPEN AREAS, UNATTENDED
26175	SEXUAL ABUSE 3,2
25074	PUBLIC ADMINISTATION,UNCLASS M
23704	BURGLARY,COMMERCIAL,NIGHT
21714	ROBBERY,PERSONAL ELECTRONIC DEVICE
20574	CONTROLLED SUBSTANCE,INTENT TO
20214	STOLEN PROPERTY 3,POSSESSION
18350	ASSAULT 2,1,PEACE OFFICER
17825	RECKLESS ENDANGERMENT 1
17497	FORGERY,ETC.-MISD.
17386	ROBBERY,RESIDENTIAL COMMON AREA
17249	FRAUD,UNCLASSIFIED-MISDEMEANOR
16950	TRAFFIC,UNCLASSIFIED MISDEMEAN
16577	CONTROLLED SUBSTANCE,POSSESS.
14849	LARCENY,GRAND BY BANK ACCT COMPROMISE-REPRODUCED CHECK
14591	CONTEMPT,CRIMINAL
14058	BURGLARY,RESIDENCE,UNKNOWN TIM
14012	CHILD, ENDANGERING WELFARE
13756	UNAUTHORIZED USE VEHICLE 3
13484	LARCENY,GRAND FROM PERSON,PICK
13482	LARCENY,GRAND OF VEHICULAR/MOTORCYCLE ACCESSORIES
13280	IMPERSONATION 2, PUBLIC SERVAN
12411	LARCENY,GRAND FROM STORE-SHOPL
12371	BURGLARY,COMMERCIAL,DAY
12368	OBSTR BREATH/CIRCUL
11738	ROBBERY,COMMERCIAL UNCLASSIFIED
11647	STRANGULATION 1ST
11513	BRIBERY,PUBLIC ADMINISTRATION
10422	MARIJUANA, SALE 4 & 5
9668	ADM.CODE,UNCLASSIFIED MISDEMEA
9650	RECKLESS ENDANGERMENT 2
9286	THEFT OF SERVICES, UNCLASSIFIE
9172	ARSON 2,3,4
9018	WEAPONS POSSESSION 1 & 2
8529	LARCENY,GRAND FROM PERSON,PURS
8406	ROBBERY,POCKETBOOK/CARRIED BAG
8356	RAPE 1
7964	LARCENY,PETIT BY ACQUIRING LOS
7569	LARCENY,GRAND BY ACQUIRING LOS
7508	LARCENY,GRAND OF MOTORCYCLE
7022	STOLEN PROPERTY 2,1,POSSESSION
6740	ROBBERY,PUBLIC PLACE INSIDE
6681	LARCENY,PETIT BY FALSE PROMISE
6537	TRESPASS 3, CRIMINAL
6464	LARCENY,GRAND BY DISHONEST EMP
6393	LARCENY,PETIT BY CREDIT CARD U
6362	ROBBERY,DWELLING
6332	LARCENY,GRAND FROM RESIDENCE, UNATTENDED
6268	MISCHIEF, CRIMINAL 4, BY FIRE
5768	MARIJUANA, POSSESSION
5583	CONTROLLED SUBSTANCE, SALE 5
5368	LARCENY,GRAND FROM PERSON,PERSONAL ELECTRONIC DEVICE(SNATCH)
5305	UNAUTHORIZED USE VEHICLE 2
5120	ROBBERY,NECKCHAIN/JEWELRY
4899	BURGLARY,TRUCK DAY
4853	LARCENY,PETIT BY CHECK USE
4842	LARCENY,PETIT BY DISHONEST EMP
4780	CONTROLLED SUBSTANCE,SALE 3
4581	ARSON, MOTOR VEHICLE 1 2 3 & 4
4443	undefined
4370	BURGLARY,COMMERCIAL,UNKNOWN TI
4136	LARCENY,GRAND BY CREDIT CARD ACCT COMPROMISE-EXISTING ACCT
3826	AGGRAVATED SEXUAL ASBUSE
3823	AGGRAVATED HARASSMENT 1
3802	LARCENY,GRAND BY OPEN CREDIT CARD (NEW ACCT)
3752	LARCENY,GRAND FROM PERSON, BAG OPEN/DIP
3745	FORGERY,M.V. REGISTRATION
3721	NY STATE LAWS,UNCLASSIFIED FEL
3603	CONTROLLED SUBSTANCE, INTENT T
3581	CRIMINAL MIS 2 & 3
3530	TAX LAW
3465	FORGERY,DRIVERS LICENSE
3268	LARCENY,GRAND BY FALSE PROMISE
3242	PUBLIC ADMINISTRATION,UNCLASSI
3137	LARCENY,GRAND OF BICYCLE
3130	LARCENY,GRAND BY OPEN/COMPROMISE CELL PHONE ACCT
3111	TAMPERING 1,CRIMINAL
3099	ROBBERY,BANK
3088	LARCENY,GRAND FROM EATERY, UNATTENDED
3071	LARCENY,GRAND PERSON,NECK CHAI
3070	SODOMY 1
3069	LARCENY,GRAND BY BANK ACCT COMPROMISE-ATM TRANSACTION
3021	LARCENY,GRAND FROM RETAIL STORE, UNATTENDED
2967	MARIJUANA, POSSESSION 1, 2 & 3
2928	ROBBERY, CHAIN STORE
2820	SEXUAL MISCONDUCT,INTERCOURSE
2778	UNAUTH. SALE OF TRANS. SERVICE
2693	ROBBERY,HOME INVASION
2643	ACCOSTING,FRAUDULENT
2537	BURGLARY,TRUCK NIGHT
2524	BURGLARY,UNCLASSIFIED,NIGHT
2476	BURGLARS TOOLS,UNCLASSIFIED
2447	LARCENY,GRAND FROM NIGHT CLUB, UNATTENDED
2443	TRESPASS 1,CRIMINAL
2352	LARCENY,GRAND BY FALSE PROMISE-NOT IN PERSON CONTACT
2352	CONTROLLED SUBSTANCE,SALE 1
2339	LARCENY,GRAND BY ACQUIRING LOST CREDIT CARD
2253	IMPERSONATION 1, POLICE OFFICE
2200	LARCENY,PETIT FROM TRUCK
2189	ROBBERY,BODEGA/CONVENIENCE STORE
2098	THEFT,RELATED OFFENSES,UNCLASS
2090	LARCENY,GRAND BY EXTORTION
1934	DRUG PARAPHERNALIA,   POSSESSE
1884	ROBBERY,UNLICENSED FOR HIRE VEHICLE
1813	STOLEN PROPERTY-MOTOR VEH 2ND,
1795	ROBBERY,CAR JACKING
1719	RAPE 3
1645	BAIL JUMPING 3
1629	TRESPASS 4,CRIMINAL SUB 2
1628	IMPRISONMENT 2,UNLAWFUL
1553	ROBBERY,LICENSED MEDALLION CAB
1521	LARCENY,GRAND FROM PERSON,LUSH WORKER(SLEEPING/UNCON VICTIM)
1508	RAPE 2
1455	GAMBLING 2,PROMOTING,UNCLASSIF
1454	ROBBERY,BICYCLE
1449	BURGLARY,UNCLASSIFIED,DAY
1432	RECKLESS ENDANGERMENT OF PROPE
1418	LARCENY,GRAND BY BANK ACCT COMPROMISE-UNCLASSIFIED
1401	RAPE 1,ATTEMPT
1367	BURGLARY,UNCLASSIFIED,UNKNOWN
1367	SEXUAL ABUSE
1348	LARCENY,GRAND BY FALSE PROMISE-IN PERSON CONTACT
1309	COERCION 1
1299	NY STATE LAWS,UNCLASSIFIED MIS
1180	LARCENY, GRAND OF AUTO - ATTEM
1175	AGGRAVATED CRIMINAL CONTEMPT
1123	CHILD,ALCOHOL SALE TO
1091	LARCENY,GRAND OF TRUCK
1032	PETIT LARCENY-CHECK FROM MAILB
1019	MANUFACTURE UNAUTHORIZED RECOR
1001	IMPRISONMENT 1,UNLAWFUL
998	ROBBERY,PHARMACY
977	ASSEMBLY,UNLAWFUL
975	CUSTODIAL INTERFERENCE 2
945	MARIJUANA, SALE 1, 2 & 3
861	MENACING,PEACE OFFICER
852	TAMPERING 3,2, CRIMINAL
828	DISORDERLY CONDUCT
805	ROBBERY,GAS STATION
805	CONTROLLED SUBSTANCE,SALE 2
801	CUSTODIAL INTERFERENCE 1
786	MENACING 1ST DEGREE (VICT PEAC
750	ALCOHOLIC BEVERAGE CONTROL LAW
739	FORGERY-ILLEGAL POSSESSION,VEH
729	RECKLESS DRIVING
727	FALSE REPORT 1,FIRE
725	IMPAIRED DRIVING,DRUG
703	MENACING 1ST DEGREE (VICT NOT
700	LARCENY,GRAND BY IDENTITY THEFT-UNCLASSIFIED
690	LARCENY,GRAND FROM TRUCK, UNATTENDED
671	LARCENY,GRAND BY BANK ACCT COMPROMISE-UNAUTHORIZED PURCHASE
671	OBSCENE MATERIAL - UNDER 17 YE
647	BRIBERY, POLICE OFFICER
640	BURGLARY,UNKNOWN TIME
595	ROBBERY,ON BUS/ OR BUS DRIVER
587	POSSESSION HYPODERMIC INSTRUME
570	FORGERY,PRESCRIPTION
560	BAIL JUMPING 1 & 2
538	FIREWORKS, SALE
494	MAKING TERRORISTIC THREAT
489	CRIMINAL DISPOSAL FIREARM 1 &
461	LARCENY,PETIT OF AUTO
455	LARCENY,GRAND BY BANK ACCT COMPROMISE-TELLER
441	CHECK,BAD
434	SALE SCHOOL GROUNDS 4
432	MISCHIEF, CRIMINAL 3&2, BY FIR
401	CONTROLLED SUBSTANCE, SALE 4
396	ROBBERY,ATM LOCATION
396	PROSTITUTION, PATRONIZING 4, 3
380	LARCENY, GRAND OF MOPED
379	COMPUTER TAMPER/TRESSPASS
365	CHILD ABANDONMENT
335	THEFT OF SERVICES- CABLE TV SE
333	GAMBLING, DEVICE, POSSESSION
332	ROBBERY,BAR/RESTAURANT
331	IMITATION PISTOL/AIR RIFLE
329	ADM.CODE,UNCLASSIFIED VIOLATIO
313	KIDNAPPING 2
299	JOSTLING
282	GENERAL BUSINESS LAW,TICKET SP
282	SODOMY 3
278	LARCENY,PETIT FROM COIN MACHIN
269	FALSE REPORT BOMB
258	SEXUAL MISCONDUCT,DEVIATE
255	PUBLIC SAFETY,UNCLASSIFIED MIS
250	GRAND LARCENY-CHECK FROM MAILB
247	CONTROLLED SUBSTANCE,POSSESS.-
245	STOLEN PROPERTY 2,POSSESSION B
242	ESCAPE 2,1
233	FIREWORKS, POSSESS/USE
231	ROBBERY,CHECK CASHING BUSINESS
229	LEWDNESS,PUBLIC
226	LARCENY, PETIT OF MOPED
220	VEHICULAR ASSAULT (INTOX DRIVE
215	RIOT 2/INCITING
212	COURSE OF SEXUAL CONDUCT AGAIN
209	CIGARETTE,NO TAX STAMP,POSSESS
207	LOITERING,GAMBLING,OTHER
203	ALCOHOLIC BEVERAGES,PUBLIC CON
200	SODOMY 2
199	AGRICULTURE & MARKETS LAW,UNCL
199	PROMOTING A SEXUAL PERFORMANCE
196	TAMPERING WITH A WITNESS
195	ROBBERY,LIQUOR STORE
191	LARCENY,PETIT OF MOTORCYCLE
186	NY STATE LAWS,UNCLASSIFIED VIO
185	ROBBERY,OF TRUCK DRIVER
177	COMPUTER UNAUTH. USE/TAMPER
175	KIDNAPPING 1
167	ESCAPE 3
167	LARCENY,GRAND FROM PIER, UNATTENDED
166	EXPOSURE OF A PERSON
164	ROBBERY, PAYROLL
163	PARKR&R,UNCLASSIFIED VIOLATION
161	ARSON 1
149	PROSTITUTION
149	POSSES OR CARRY A KNIFE
142	PEDDLING,UNLAWFUL
141	RIOT 1
138	LARCENY,GRAND BY OPEN BANK ACCT
137	LARCENY,PETIT FROM BOAT
133	STOLEN PROP-MOTOR VEHICLE 3RD,
130	EAVESDROPPING
129	FALSE ALARM FIRE
126	SEX CRIMES
126	LARCENY,PETIT FROM PIER
125	PUBLIC HEALTH LAW,UNCLASSIFIED
121	INCOMPETENT PERSON,RECKLESSY ENDANGERING
118	LARCENY,GRAND FROM BOAT, UNATTENDED
113	LABOR LAW,EMPLOYING CHILDREN
109	BRIBERY,COMMERCIAL
107	PROSTITUTION 4,PROMOTING&SECUR
96	CONSPIRACY 2, 1
94	CHILD,OFFENSES AGAINST,UNCLASS
93	PERJURY 2,1,ETC
90	OBSCENITY 1
84	PERJURY 3,ETC.
82	GAMBLING 2, PROMOTING, POLICY-
81	RECORDS,FALSIFY-TAMPER
80	GAMBLING 1,PROMOTING,POLICY
79	APPEARANCE TICKET FAIL TO RESP
78	HOMICIDE, NEGLIGENT, VEHICLE,
75	FALSE REPORT UNCLASSIFIED
70	COERCION 2
69	OBSCENITY, PERFORMANCE 3
66	LARCENY,PETIT FROM PARKING MET
64	LOITERING TO PROMOTE PROSTITUT
61	BRIBERY,FRAUD
59	UNLAWFUL POSS. WEAPON UPON SCH
56	LARCENY,GRAND OF BOAT
54	ROBBERY,DOCTOR/DENTIST OFFICE
51	N.Y.C. TRANSIT AUTH. R&R
50	END WELFARE VULNERABLE ELDERLY PERSON
50	HEALTHCARE/RENT.REG.
49	FACILITATION 4, CRIMINAL
48	LARCENY,GRAND FROM COIN MACHIN
47	DIS. CON.,AGGRAVATED
46	SUPP. ACT TERR 2ND
44	SALES OF PRESCRIPTION
44	HEALTH CODE,UNCLASSIFIED MISDE
42	GAMBLING 1,PROMOTING,BOOKMAKIN
42	NUISANCE, CRIMINAL
42	DOG STEALING
41	TORTURE/INJURE ANIMAL CRUELTY
40	ABANDON ANIMAL
39	GRAFFITI (ADMINISTRATIVE CODE-
38	PARK R&R,GAMBLING
38	CONSPIRACY 4, 3
36	PETIT LARCENY OF ANIMAL
33	A.B.C.,FALSE PROOF OF AGE
33	MISCHIEF 1,CRIMINAL,EXPLOSIVE
33	HOMICIDE,NEGLIGENT,UNCLASSIFIE
31	GAMBLING 2, PROMOTING, BOOKMAK
31	MONEY LAUNDERING 1 & 2
30	PROSTITUTION 2, COMPULSORY
30	HEALTH CODE,VIOLATION
29	PROSTITUTION 3,PROMOTING BUSIN
28	ROBBERY,HIJACKING
27	CAUSE SPI/KILL ANIMAL
27	CONSPIRACY 6, 5
24	DRUG, INJECTION OF
23	SEX TRAFFICKING
23	LOITERING 1ST DEGREE FOR DRUG
23	LARCENY,PETIT OF BOAT
22	INCOMPETENT PERSON,KNOWINGLY ENDANGERING
21	SOLICITATION 3,2,1, CRIMINAL
20	POSTING ADVERTISEMENTS
19	SOLICITATION 4, CRIMINAL
18	NOISE,UNECESSARY
18	LOITERING,UNCLASSIFIED
17	LARCENY, PETIT OF AUTO - ATTEM
17	CREDIT CARD,UNLAWFUL USE OF
17	ABSCONDING FROM WORK RELEASE 2
16	LOITERING,DEVIATE SEX
16	WOUNDS,REPORTING OF
16	PROSTITUTION 3, PROMOTING UNDE
15	LARCENY,GRAND BY CREDIT CARD COMPROMISE-UNAUTHORIZE PURCHASE
15	FACILITATION 3,2,1, CRIMINAL
15	RADIO DEVICES,UNLAWFUL POSSESS
15	HOMICIDE,NEGLIGENT,VEHICLE
15	BUILDING MATERIAL
14	PROSTITUTION 2, UNDER 16
14	OBSCENITY, MATERIAL 3
14	BIGAMY
14	USE OF A CHILD IN A SEXUAL PER
13	WEAPONS,MFR,TRANSPORT,ETC.
13	POSSESSION ANTI-SECURITY ITEM
13	TRAFFIC,UNCLASSIFIED INFRACTIO
12	ENTERPRISE CORRUPTION
12	SOLICITATION 5,CRIMINAL
11	FORTUNE TELLING
10	PLACE FALSE BOMB
10	FIREWORKS
10	PUBLIC HEALTH LAW,GLUE,UNLAWFU
10	ROBBERY,LICENSED FOR HIRE VEHICLE
9	EDUCATION LAW
9	SALE OF UNAUTHORIZED RECORDING
9	EDUCATION LAW,UNCLASSIFIED
8	GYPSY CAB
8	INCEST
7	WEAPONS,PROHIBITED USE
6	PROSTITUTION, PATRONIZING 2, 1
6	TERRORISM PROVIDE SUPPORT
5	LARCENY,PETIT OF TRUCK
5	NUISANCE,CRIMINAL,UNCLASSIFIED
4	USURY,CRIMINAL
4	ABORTION 1
4	PROSTITUTION,PERMITTING
4	LARCENY,GRAND FROM PARKING MET
4	INAPPROPIATE SHELTER DOG LEFT
4	GENERAL BUSINESS LAW / UNCLASSIFIED
4	POSS METH MANUFACT MATERIAL
3	SODOMY,CONSENSUAL
3	UNDER THE INFLUENCE OF DRUGS
3	MARRIAGE,OFFENSES AGAINST,UNCL
3	PROMOTING SUICIDE ATTEMPT
3	DISSEMINATING A FALSE SEX OFFEND
3	ROBBERY,BEGIN AS SHOPLIFTING
3	PROSTITUTION 1, UNDER 11
3	BREED/TRAIN/HOST ANIMAL FIGHTING
3	CHILD,LICENSED PREMISES
2	NAVIGATION LAW
2	WEAPONS,PROHIBITED USE IMITATI
2	AIRPOLLUTION
2	CONFINING ANIMAL IN VEHICLE/SHELTER
2	LURING A CHILD
2	ROBBERY,CLOTHING
2	LOITERING,SCHOOL
2	FAC. SEXUAL OFFENSE W/CONTROLL
2	EDUCATION LAW, TRUANCY
2	SALE SCHOOL GROUNDS
2	LABOR TRAFFICKING
2	AIR POLLUTION-MOTOR VEH (ADM C
1	NEGLECT/POISON ANIMAL
1	ABORTIONAL ARTICLES,ISSUING
1	ABORTION 2, 1, SELF
1	ENVIRONMENTAL CONTROL BOARD
1	USE CHILD TO COMMIT CONT SUB OFF
1	ANARCHY,CRIMINAL
1	ATTEND/SPECTATOR ANIMAL FIGHTING
1	EDUCATION LAW,STREET TRADE
1	PUBLIC HEALTH LAW,GLUE,INHALAT
1	SMOKING TRANSPORTATION FACILIT
 
For Column 11 ------------------------------------
Count   Value
4975038	COMPLETED
87505	ATTEMPTED
 
For Column 12 ------------------------------------
Count   Value
2892953	MISDEMEANOR
1555733	FELONY
613857	VIOLATION
 
For Column 13 ------------------------------------
Count   Value
4505548	N.Y. POLICE DEPT
388467	N.Y. HOUSING POLICE
106115	N.Y. TRANSIT POLICE
24273	PORT AUTHORITY
13422	OTHER
8933	POLICE DEPT NYC
4764	DEPT OF CORRECTIONS
4628	TRI-BORO BRDG TUNNL
2570	HEALTH & HOSP CORP
1204	N.Y. STATE POLICE
523	METRO NORTH
471	FIRE DEPT (FIRE MARSHAL)
431	LONG ISLAND RAILRD
301	STATN IS RAPID TRANS
270	N.Y. STATE PARKS
181	U.S. PARK POLICE
149	AMTRACK
98	NEW YORK CITY SHERIFF OFFICE
70	NYC PARKS
67	NYS DEPT TAX AND FINANCE
29	SEA GATE POLICE DEPT
14	CONRAIL
13	NYC DEPT ENVIRONMENTAL PROTECTION
1	NYS DEPT ENVIRONMENTAL CONSERVATION
1	DISTRICT ATTORNEY OFFICE
 
For Column 14 ------------------------------------
Count   Value
1515867	BROOKLYN
1205811	MANHATTAN
1095609	BRONX
1003037	QUEENS
242219	STATEN ISLAND
 
For Column 15 ------------------------------------
Count   Value
164605	75
136880	43
126834	44
118156	14
118103	40
110385	46
108915	120
106478	52
106441	73
94009	67
91051	114
89861	47
87256	113
82188	122
81559	48
81160	79
81030	70
80811	115
79887	103
79637	109
78538	18
77946	42
76319	77
74638	104
73865	13
73431	105
71589	71
70043	32
69514	41
68568	83
68042	110
67986	49
66984	25
66201	23
65391	19
65325	90
64758	81
64743	102
64529	60
64215	61
63857	45
61781	9
61386	62
61008	106
60881	1
54533	72
54256	6
53851	63
53650	108
53396	34
53325	107
52685	28
51070	84
50968	68
50172	24
49834	69
49301	30
49209	66
46199	50
45947	88
44802	33
44587	5
43154	10
40876	101
40642	20
40601	7
36169	112
34462	78
33996	26
33780	123
33313	94
32843	111
32379	17
28739	76
25675	100
17337	121
4008	22
 
For Column 16 ------------------------------------
Count   Value
2504112	INSIDE
1183920	FRONT OF
1118851	undefined
140026	OPPOSITE OF
112737	REAR OF
2685	OUTSIDE
212	 
 
For Column 17 ------------------------------------
Count   Value
1690256	STREET
1044755	RESIDENCE - APT. HOUSE
498892	RESIDENCE-HOUSE
379603	RESIDENCE - PUBLIC HOUSING
132591	OTHER
130081	COMMERCIAL BUILDING
103449	TRANSIT - NYC SUBWAY
96839	DEPARTMENT STORE
94882	CHAIN STORE
65929	PUBLIC SCHOOL
59971	PARK/PLAYGROUND
56850	BAR/NIGHT CLUB
56132	RESTAURANT/DINER
55959	GROCERY/BODEGA
42061	CLOTHING/BOUTIQUE
37426	DRUG STORE
32370	undefined
31927	PUBLIC BUILDING
29728	PARKING LOT/GARAGE (PUBLIC)
29388	PARKING LOT/GARAGE (PRIVATE)
26933	FOOD SUPERMARKET
23546	STORE UNCLASSIFIED
23392	HOSPITAL
22693	FAST FOOD
21781	SMALL MERCHANT
20992	BANK
19633	HOTEL/MOTEL
15944	GYM/FITNESS FACILITY
14613	HIGHWAY/PARKWAY
14231	AIRPORT TERMINAL
12946	BEAUTY & NAIL SALON
12152	DOCTOR/DENTIST OFFICE
11827	GAS STATION
10507	BUS (NYC TRANSIT)
10207	DRY CLEANER/LAUNDRY
9083	CHURCH
8378	CONSTRUCTION SITE
7922	OPEN AREAS (OPEN LOTS)
7221	VARIETY STORE
6622	TELECOMM. STORE
6453	CANDY STORE
6173	PRIVATE/PAROCHIAL SCHOOL
5522	CHECK CASHING BUSINESS
5495	FACTORY/WAREHOUSE
5480	BRIDGE
4724	TAXI (YELLOW LICENSED)
4544	STORAGE FACILITY
4419	BUS STOP
4225	ATM
4155	TRANSIT FACILITY (OTHER)
4103	TAXI (LIVERY LICENSED)
3799	JEWELRY
3592	SHOE
3390	BUS TERMINAL
3226	SOCIAL CLUB/POLICY
3215	LIQUOR STORE
2741	TUNNEL
2625	BUS (OTHER)
2153	MARINA/PIER
1933	VIDEO STORE
1884	ABANDONED BUILDING
1874	SYNAGOGUE
1633	BOOK/CARD
1321	FERRY/FERRY TERMINAL
897	TAXI/LIVERY (UNLICENSED)
747	OTHER HOUSE OF WORSHIP
713	PHOTO/COPY
664	CEMETERY
657	MOSQUE
372	LOAN COMPANY
102	TRAMWAY
 
For Column 18 ------------------------------------
Count   Value
5055068	undefined
488	CENTRAL PARK
301	FLUSHING MEADOWS CORONA PARK
186	RIVERSIDE PARK
143	ST. MARY'S PARK BRONX
136	CONEY ISLAND BEACH & BOARDWALK
133	CLAREMONT PARK
127	MARCUS GARVEY PARK
122	MACOMBS DAM PARK
111	VAN CORTLANDT PARK
104	CROTONA PARK
99	WASHINGTON SQUARE PARK
87	HARLEM RIVER PARK
86	PROSPECT PARK
85	ST. NICHOLAS PARK
83	MULLALY PARK
82	SARA D. ROOSEVELT PARK
81	UNION SQUARE PARK
81	RANDALL'S ISLAND PARK
79	ROCKAWAY BEACH AND BOARDWALK
72	TOMPKINS SQUARE PARK
69	BRYANT PARK
64	ST. JAMES PARK
64	EAST RIVER PARK
62	HIGHBRIDGE PARK MANHATTAN SIDE
62	WILLIAMSBRIDGE OVAL
58	MCCARREN PARK
55	FRANZ SIGEL PARK
54	MORNINGSIDE PARK
54	THOMAS JEFFERSON PARK
51	TREMONT PARK
50	SUNSET PARK
48	BRONX PARK
46	FORT GREENE PARK
46	JACKIE ROBINSON PARK MANHATTAN
45	BROOKLYN BRIDGE PARK
44	BATTERY PARK
43	MARIA HERNANDEZ PARK
42	PARADE GROUND
42	LINCOLN TERRACE / ARTHUR S. SOMERS PARK
41	RUFUS KING PARK
38	RAINEY PARK BRONX
37	AQUEDUCT WALK
36	FORT TRYON PARK
36	BAISLEY POND PARK
33	PELHAM BAY PARK
33	HIGHLAND PARK
30	CHELSEA PARK
29	FOREST PARK
29	JOYCE KILMER PARK
29	MERRIAM PLAYGROUND
29	BATTERY PARK CITY
27	ASTORIA PARK
25	MOSHOLU PARKWAY
24	ST. JOHN'S RECREATION CENTER
24	CALVERT VAUX PARK
24	DYKER BEACH PARK
24	SOUNDVIEW PARK
23	HERBERT VON KING PARK
22	MOORE HOMESTEAD PLAYGROUND
22	TRAVERS PARK
22	FREDERICK DOUGLASS PLAYGROUND
21	BETSY HEAD PARK
21	EWEN PARK
20	INWOOD HILL PARK
20	MARINE PARK
20	WATSON GLEASON PLAYGROUND
19	SETON FALLS PARK
19	LUNA PARK
19	NORTHERN PLAYGROUND
19	RICHMAN (ECHO) PARK
19	ROY WILKINS RECREATION CENTER
19	FORT WASHINGTON PARK
18	MATTHEWS - PALMER PLAYGROUND
18	SHORE PARK AND PARKWAY
18	WINGATE PARK
18	LINDEN PARK
18	ECHO TRIANGLE
18	COLEMAN PLAYGROUND
18	DEVOE PARK
18	OWL'S HEAD PARK
17	PARK OF THE AMERICAS
17	ELTON PLAYGROUND
17	CONCRETE PLANT PARK
17	BOWNE PARK
17	FERRY POINT PARK
17	RIVER AVENUE PARKS
16	JACOB H. SCHIFF PLAYGROUND
16	HOFFMAN PARK
16	AMERSFORT PARK
15	COL. YOUNG PLAYGROUND
15	CAPTAIN TILLY PARK
15	UNNAMED PARK ON RIVERSIDE DRIVE
15	CARL SCHURZ PARK
15	CANARSIE PARK
15	BRONX RIVER PARKWAY
15	COMMODORE BARRY PARK
14	GRANT PARK
14	FULTON PARK
14	QUARRY BALLFIELDS
14	JUNIPER VALLEY PARK
14	WILLIS PLAYGROUND
14	STUYVESANT SQUARE
14	BROWER PARK
14	COLUMBUS PARK AT MANHATTAN
13	KISSENA PARK
13	CAPTAIN RIVERA PLAYGROUND
13	SLATTERY PLAYGROUND
13	MOTT PLAYGROUND
13	KELLY PARK
13	ST. MICHAEL'S PARK
13	MADISON SQUARE PARK
12	SETON PARK
12	ARCILLA PLAYGROUND
12	BRIDGE PARK BROOKLYN
12	EAST RIVER WATERFRONT ESPLANADE
12	WASHINGTON'S WALK
12	BELT PARKWAY/SHORE PARKWAY
12	SEWARD PARK
12	ASTORIA HEIGHTS PLAYGROUND
12	PARKSIDE PLAYGROUND BROOKLYN
12	CHELSEA RECREATION CENTER
12	MCKINLEY PARK
11	CHIEF DENNIS L. DEVLIN PARK
11	ALLEY POND PARK
11	DUTCH KILLS PLAYGROUND
11	CLOVE LAKES PARK
11	KAISER PARK
11	STARLIGHT PARK
11	GRAVESEND PARK
11	PLIMPTON PLAYGROUND
10	PENN SOUTH PLAYGROUND
10	FRIENDS FIELD
10	LT. JOSEPH PETROSINO PARK
10	JAMES WELDON JOHNSON PLAYGROUND
10	BATH BEACH PARK
10	SPRINGFIELD PARK
10	BEHAGEN PLAYGROUND
10	LONDON PLANETREE PLAYGROUND
10	LINDSAY TRIANGLE
10	EAST RIVER PLAYGROUND
10	MSGR. MCGOLRICK PARK
10	HARLEM ART PARK
10	ST. ANDREW'S PLAYGROUND
9	HOLCOMBE RUCKER PARK
9	FAIRMOUNT PLAYGROUND
9	BELMONT PLAYGROUND BRONX
9	HUNTS POINT PLAYGROUND
9	CARROLL PARK
9	JAMAICA PLAYGROUND
9	J. HOOD WRIGHT PARK
9	CALLAHAN-KELLY PLAYGROUND
9	MAPLE PLAYGROUND
9	HAMILTON METZ FIELD
9	JACOB JOFFE FIELDS
9	RED HOOK RECREATION AREA
9	ELMHURST PARK
8	PEOPLE'S PARK
8	ROBERT E. VENABLE PARK
8	BUSHWICK PLAYGROUND ON KNICKERBOCKER AVENUE
8	HOWARD PLAYGROUND
8	HAMILTON FISH PARK
8	BROOKVILLE PARK
8	MCCAFFREY PLAYGROUND
8	PUGSLEY CREEK PARK
8	THE HIGH LINE
8	DR. RONALD E. MCNAIR PLAYGROUND
8	BOOKER T. WASHINGTON PLAYGROUND
8	ASSER LEVY PARK
8	PLAYGROUND 52 LII
8	FOX PLAYGROUND BRONX
8	EASTERN PARKWAY
8	HAFFEN PARK
8	JACKIE ROBINSON PLAYGROUND
8	SETH LOW PLAYGROUND/ BEALIN SQUARE
8	HERALD SQUARE
8	MOORE PLAYGROUND
8	FRANKLIN D. ROOSEVELT BOARDWALK AND BEACH
8	STERNBERG PARK
8	ROSEMARY'S PLAYGROUND
8	BUSHWICK INLET PARK
8	HARRIS PARK
7	CPL. THOMPSON PARK
7	HOMECREST PLAYGROUND
7	RAINEY PARK QUEENS
7	RAMON APONTE PARK
7	PATTERSON PLAYGROUND
7	LYONS SQUARE PLAYGROUND
7	RAYMOND BUSH PLAYGROUND
7	LEIF ERICSON PARK
7	MURRAY PLAYGROUND
7	ALLEY PARK
7	QUEENSBRIDGE PARK
7	DE WITT CLINTON PARK
7	EQUITY PARK
7	ST. MICHAEL'S PLAYGROUND
7	CHESTER PLAYGROUND
7	FRED SAMUEL PLAYGROUND
7	INWOOD PARK
7	MARTIN LUTHER KING JR. PLAYGROUND
7	BOWNE PLAYGROUND
7	DANIEL M. O'CONNELL PLAYGROUND
7	PAERDEGAT PARK
7	SARATOGA PARK
7	GORMAN PARK
7	DETECTIVE KEITH L WILLIAMS PARK
7	ZIMMERMAN PLAYGROUND
7	MAFERA PARK
7	FOX PLAYGROUND BROOKLYN
6	MAURICE A FITZGERALD PLAYGROUND
6	COFFEY PARK
6	CORONA GOLF PLAYGROUND
6	GREAT KILLS PARK
6	WASHINGTON HALL PARK
6	MOUNT HOPE PLAYGROUND
6	FRANK D. O'CONNOR PLAYGROUND
6	BENSONHURST PARK
6	IDLEWILD PARK
6	BROWNSVILLE PLAYGROUND
6	ASSER LEVY PLAYGROUND
6	TILDEN PLAYGROUND
6	POOR RICHARD'S PLAYGROUND
6	BROADWAY MALLS
6	DE HOSTOS PLAYGROUND
6	NOSTRAND PLAYGROUND
6	HOYT PLAYGROUND
6	POTOMAC PLAYGROUND
6	GOBLE PLAYGROUND
6	CONFERENCE HOUSE PARK
6	MANHATTAN BEACH PARK
6	JUNCTION PLAYGROUND
6	DITMARS PARK
6	GREELEY SQUARE PARK
6	FATHER DUFFY SQUARE
6	RAINBOW PLAYGROUND
6	NELSON PLAYGROUND
6	SUMNER PLAYGROUND
6	ST. NICHOLAS PLAYGROUND NORTH
5	MOSHOLU PLAYGROUND
5	EAST ELMHURST PLAYGROUND
5	SOUTH PACIFIC PLAYGROUND
5	100% PLAYGROUND
5	MCLAUGHLIN PARK
5	BEACH 9 PLAYGROUND
5	KOLBERT PLAYGROUND
5	P.O. REINALDO SALGADO PLAYGROUND
5	SHERMAN CREEK
5	PLAYGROUND NINETY
5	GOUVERNEUR PLAYGROUND
5	GORMAN PLAYGROUND
5	BARTLETT PLAYGROUND
5	GRACE PLAYGROUND
5	NICHOLAS NAQUAN HEYWARD JR. PARK
5	RAILROAD PARK BRONX
5	SCHENCK PLAYGROUND
5	BUFANO PARK
5	FISH PLAYGROUND
5	PELHAM PARKWAY
5	TAPPEN PARK
5	HIGHBRIDGE PARK BRONX SIDE
5	HUNTER'S POINT SOUTH PARK
5	HOUSTON PLAYGROUND
5	THE PEARLY GATES
5	SIMEONE PARK
5	JOHN JAY PARK
5	LT. LIA PLAYGROUND
5	MARC AND JASON'S PLAYGROUND
5	ALICE KORNEGAY TRIANGLE
5	MARTIN LUTHER KING PLAYGROUND
5	POWELL PLAYGROUND
5	DEAN PLAYGROUND
5	CITY LINE PARK
5	COOPER PARK
5	CROWLEY PLAYGROUND
5	HAPPY WARRIOR PLAYGROUND
5	CADMAN PLAZA PARK
5	SPACE TIME PLAYGROUND
5	POE PARK
5	SAW MILL PLAYGROUND
5	DAWSON PLAYGROUND
5	UNNAMED PARK ON BRUCKNER EXPRESSWAY WEST OF MORRISON AVENUE
5	WEST PLAYGROUND
5	UNIVERSITY WOODS
5	RUSSELL PEDERSEN PLAYGROUND
5	BLAND PLAYGROUND
4	MAJOR MARK PARK
4	ALMEDA PLAYGROUND
4	LINCOLN RD BLOCK ASSOCIATION
4	LORETO PLAYGROUND
4	FLYNN PLAYGROUND
4	LAWRENCE VIRGILIO PLAYGROUND
4	PULASKI PLAYGROUND
4	DOUGHBOY PLAZA
4	CITY HALL PARK
4	BRIDGE PARK 3
4	HARDING PARK
4	PETROSINO SQUARE
4	KISSENA CORRIDOR PARK
4	CUNNINGHAM PARK
4	THOMAS GREENE PLAYGROUND
4	DREW PLAYGROUND
4	MILESTONE PARK
4	J.J. BYRNE PLAYGROUND
4	BILL BROWN PLAYGROUND
4	MONSIGNOR KETT PLAYGROUND
4	UNNAMED PARK ON SUMMIT AVENUE
4	MARION HOPKINSON PLAYGROUND
4	ALLERTON PLAYGROUND
4	WARDS ISLAND PARK
4	BATHGATE PLAYGROUND
4	CRACK IS WACK PLAYGROUND
4	OSBORN PLAYGROUND
4	DEVANNEY TRIANGLE
4	PLAYGROUND 103 CIII
4	GROVER CLEVELAND PLAYGROUND
4	VIDALIA PARK
4	GUN HILL PLAYGROUND
4	HAVEN AVENUE
4	NOBLE PLAYGROUND
4	ESTELLA DIGGS PARK
4	STANLEY ISAACS PLAYGROUND
4	PULASKI PARK
4	TEN EYCK PLAYGROUND
4	HALF-NELSON PLAYGROUND
4	CHERRY TREE PARK
4	ALLEN MALL ONE
4	CHRISTOPHER PARK
4	MARCY PLAYGROUND
4	HELL'S KITCHEN PARK
4	ROEBLING PLAYGROUND
4	FORT HAMILTON ATHLETIC FIELD
4	EVERGREEN PARK
4	MATTHEWS MULINER PLAYGROUND
4	MERCER PLAYGROUND
4	HART PLAYGROUND ON BROADWAY
4	TORSNEY PLAYGROUND
4	CROCHERON PARK
4	CARMANSVILLE PLAYGROUND
4	EPIPHANY PLAYGROUND
4	COLONEL CHARLES YOUNG TRIANGLE
4	HOWARD BENNETT PLAYGROUND
4	MCDONALD PLAYGROUND BROOKLYN
4	JAMES J WALKER PARK
4	PONTIAC PLAYGROUND
4	JOHN J CARTY PARK
3	CROTONA PARKWAY MALLS
3	CEDAR PLAYGROUND
3	DUGAN PLAYGROUND
3	CYPRESS HILLS PLAYGROUND
3	PRINTER'S PARK
3	KOSCIUSZKO POOL
3	ROCHDALE PARK
3	NEPTUNE PLAYGROUND
3	P.O. SERRANO PLAYGROUND
3	MILL POND PARK
3	RECREATIONAL AREA
3	HAGGERTY PARK
3	ADMIRAL FARRAGUT PLAYGROUND
3	GROVE HILL PLAYGROUND
3	ST. CATHERINE'S PARK
3	CONEY ISLAND CREEK PARK
3	ABRAHAM LINCOLN PLAYGROUND
3	SHEEPSHEAD PLAYGROUND
3	PHIL "SCOOTER" RIZZUTO PARK
3	BLOOMINGDALE PARK
3	STAPLETON PLAYGROUND
3	EDMONDS PLAYGROUND
3	CASERTA PLAYGROUND
3	BELMONT PLAYGROUND BROOKLYN
3	MIDDLETON PLAYGROUND
3	VERDI SQUARE
3	UNNAMED PARK ON E 102ND STREET
3	CRISPUS ATTUCKS PLAYGROUND
3	LIVONIA PARK
3	SPERANDEO BROTHERS PLAYGROUND
3	DR. GERTRUDE B. KELLY PLAYGROUND
3	ENNIS PLAYGROUND
3	UNDERHILL PLAYGROUND
3	TONY DAPOLITO RECREATION CENTER
3	NATHAN STRAUS PLAYGROUND
3	SAMUEL SEABURY PLAYGROUND
3	WEBSTER PLAYGROUND
3	LOUIS ARMSTRONG PLAYGROUND
3	BROOKLYN MUSEUM
3	BREININGER PARK
3	STROUD PLAYGROUND
3	TIFFANY PLAYGROUND
3	CATHERINE SLIP MALLS
3	MADISON COMMUNITY GREENTHUMB
3	OGDEN PLIMPTON PLAYGROUND
3	HINES PARK
3	CARVER PLAYGROUND
3	ASPHALT GREEN
3	TOMPKINSVILLE PARK
3	WASHINGTON PARK BROOKLYN
3	COLONEL DAVID MARCUS PLAYGROUND
3	VAN DYKE PLAYGROUND
3	MARLBORO PLAYGROUND
3	DOME PLAYGROUND
3	WNYC TRANSMITTER PARK
3	FRONTERA PARK
3	OCEAN BREEZE PARK
3	AGNES HAYWOOD PLAYGROUND
3	BELLEVUE SOUTH PARK
3	OCEAN HILL PLAYGROUND
3	UNNAMED PARK ON E 120TH STREET
3	HORSESHOE PLAYGROUND
3	BENNETT PARK
3	COLUCCI PLAYGROUND
3	WHALEN PARK
3	ORACLE PLAYGROUND
3	POLICE OFFICER NICHOLAS DEMUTIIS PARK
3	STARS & STRIPES PLAYGROUND
3	LAGUARDIA LANDING LIGHTS
3	MARBLE HILL PLAYGROUND
3	ST. ALBANS PARK
3	HINTON PARK
3	SHELTERING ARMS PLAYGROUND
3	JEROME PLAYGROUND
3	POWER PLAYGROUND
3	SOL BLOOM PLAYGROUND
3	SURF PLAYGROUND
3	LOZADA PLAYGROUND
3	COLLEGE POINT PARK
3	VAN ALST PLAYGROUND
3	BROOKLYN BOTANIC GARDEN
3	MAGENTA PLAYGROUND
3	CLASSON PLAYGROUND AT CLASSON AVENUE & LAFAYETTE AVENUE
3	GRADY PLAYGROUND
3	WHITE PLAYGROUND MANHATTAN
3	MOUNT PROSPECT PARK
2	ALFRED E. SMITH PLAYGROUND
2	BARRETTO POINT PARK
2	JOSEPH AUSTIN PLAYGROUND
2	UNNAMED PARK ON 43RD AVENUE
2	PINK PLAYGROUND
2	IRVING SQUARE PARK
2	UNNAMED PARK ON CROSS BRONX EXPRESSWAY & ARTHUR AVENUE TO BELMONT AVENUE
2	GALAPO PLAYGROUND
2	VLADECK PARK
2	MACDONALD PARK
2	UNNAMED PARK ON BEACH CHANNEL DRIVE & BEACH 89TH TO OLD BEACH 88TH STREET
2	SCARANGELLA PARK
2	REMSEN PLAYGROUND
2	MORRIS GARDEN
2	VETERANS PARK STATEN ISLAND
2	EMERALD PLAYGROUND
2	HARVARD PLAYGROUND
2	DODGER PLAYGROUND
2	HOWARD VON DOHLEN PLAYGROUND
2	PLAYGROUND 174
2	ROCKAWAY FREEWAY
2	PUBLIC PLACE
2	ETHAN ALLEN PLAYGROUND
2	BARUCH PLAYGROUND
2	PARK SLOPE PLAYGROUND
2	ROCK GARDEN PARK
2	BEANSTALK PLAYGROUND
2	BEDFORD PLAYGROUND
2	LATOURETTE PARK & GOLF COURSE
2	RECREATION CENTER 54
2	CASTLE HILL PARK
2	MACNEIL PARK
2	ABIGAIL PLAYGROUND
2	RODNEY PARK NORTH
2	FIRST PARK
2	CHERRY CLINTON PLAYGROUND
2	SOUTH BEACH WETLANDS
2	PLAYGROUND ONE THIRTY FOUR CXXXIV
2	CORPORAL JOHN A. SERAVALLI PLAYGROUND
2	DECATUR PLAYGROUND
2	COURTNEY CALLENDER PLAYGROUND
2	EASTCHESTER PLAYGROUND
2	BRADHURST URBAN RENEWAL PARK
2	TUDOR PARK
2	VLEIGH PLAYGROUND
2	FRANK PRINCIPE PARK
2	BILL BOJANGLES ROBINSON PLAYGROUND
2	WEST 4TH STREET COURTS
2	MELLETT PLAYGROUND
2	NORTH 5TH STREET PIER AND PARK
2	FABER POOL AND PARK
2	TANAHEY PLAYGROUND
2	GRAND CENTRAL PARKWAY
2	UNNAMED PARK ON SOUNDVIEW AVENUE
2	SARATOGA SQUARE URBAN RENEWAL AREA, SITE 164
2	POSEIDON PLAYGROUND
2	QUEENS VILLAGE VETERANS PLAZA
2	HORACE HARDING PLAYGROUND
2	CLARK PLAYGROUND
2	RENAISSANCE PLAYGROUND
2	IMAGINATION PLAYGROUND
2	ST. NICHOLAS PLAYGROUND SOUTH
2	GERTRUDE EDERLE RECREATION CENTER
2	TEN EYCK PLAZA
2	BLAKE HOBBS PLAYGROUND
2	MONTBELLIER PARK
2	SAMUEL N. BENNERSON 2ND PLAYGROUND
2	DOWNING STREET PLAYGROUND
2	HOWARD POOL
2	STEINWAY PLAYGROUND
2	DE MATTI PLAYGROUND
2	FLUSHING FIELDS
2	HENRY HUDSON PARK
2	UNNAMED PARK ON NELSON AVENUE
2	OAKLAND GARDENS
2	JOHN HANCOCK PLAYGROUND
2	SIXTEEN SYCAMORES PLAYGROUND
2	GRAND ARMY PLAZA BROOKLYN
2	LUTHER GULICK PLAYGROUND
2	UNNAMED PARK ON BELT PARKWAY
2	DI GILIO PLAYGROUND
2	AMERICAN PLAYGROUND
2	DUNBAR PLAYGROUND
2	BILDERSEE PLAYGROUND
2	ST. LAWRENCE TRIANGLE
2	UNNAMED PARK ON E 177TH STREET
2	WILLOWBROOK PARK
2	CAMBRIA PLAYGROUND
2	MIDLAND PLAYGROUND
2	HALLETS COVE PLAYGROUND
2	RAVENSWOOD PLAYGROUND
2	NEWPORT PLAYGROUND
2	DETECTIVE JOSEPH MAYROSE PARK
2	NORTHERLEIGH PARK
2	MCGUIRE FIELDS
2	BRIGHTON PLAYGROUND
2	FREDERICK JOHNSON PLAYGROUND
2	CASTLE HILL PLAYGROUND
2	BAYSWATER PARK
2	FLOYD PATTERSON BALLFIELDS
2	LAURELTON PLAYGROUND
2	EAST RIVER WALK
2	LITTLE BAY PARK
2	RIENZI PLAYGROUND
2	GALILEO PLAYGROUND
2	PERETZ SQUARE
2	EAST RIVER ESPLANADE E 90TH ST TO E 125TH ST
2	SOUTH ROCHDALE PLAYGROUND
2	CORONA MAC PARK
2	JEROME PARK
2	WALD PLAYGROUND
2	MARINERS HARBOR PLAYGROUND
2	REDFERN PLAYGROUND
2	DE COLORES COMMUNITY YARD AND CULTURAL CENTER
2	WAGNER PLAYGROUND
2	LINDOWER PARK
2	P.S. 155 PLAYGROUND
2	BEACH CHANNEL PLAYGROUND
2	DONGAN PLAYGROUND
2	CENTREVILLE PLAYGROUND
2	RODNEY PLAYGROUND NORTH
2	FOUNTAIN OF YOUTH PLAYGROUND
2	WALTON PARK
2	UNNAMED PARK ON GRAND AVENUE
2	NEHEMIAH PARK
2	BENJAMIN GLADSTONE SQUARE
2	VESUVIO PLAYGROUND
2	MARIE CURIE PARK
2	COLDEN PLAYGROUND
2	ABE LEBEWOHL PARK
2	SOCRATES SCULPTURE PARK
2	ZION TRIANGLE
2	BAYVIEW PLAYGROUND
2	FRANCIS LEWIS PARK
2	HOLLIS PLAYGROUND
2	MCKINLEY SQUARE
2	GARDEN PLAYGROUND
2	WOODRUFF PLAYGROUND
2	CLINTONVILLE PLAYGROUND
2	MARTIN LUTHER PLAYGROUND
1	UNCLE VITO E. MARANZANO GLENDALE PLAYGROUND
1	VINMONT VETERAN PARK
1	JACKIE ROBINSON PARKWAY
1	MARKHAM PLAYGROUND
1	THE CYCLONE
1	L/CPL THOMAS P. NOONAN JR. PLAYGROUND
1	SCHIFF MALL
1	EAGLE SLOPE
1	RODNEY PARK CENTER
1	THE OLDE TOWNE OF FLUSHING BURIAL GROUND
1	HART PLAYGROUND ON 147 ST
1	UNNAMED PARK ON E 164TH STREET
1	CONTINENTAL ARMY PLAZA
1	MILLBROOK PLAYGROUND
1	ALBEMARLE PLAYGROUND
1	ANIBAL AVILES PLAYGROUND
1	GEORGE WALKER JR. PARK
1	PLANEVIEW PARK
1	CAPTAIN JACOB JOSEPH PLAYGROUND
1	JACKIE ROBINSON COMMUNITY GARDEN
1	BROOK PARK
1	AMERICAN TRIANGLE
1	FORDHAM LANDING PLAYGROUND
1	JULIO CARBALLO FIELDS
1	WRIGHT BROTHERS PLAYGROUND
1	OCEAN PARKWAY MALLS
1	SUNRISE PLAYGROUND
1	EHRENREICH-AUSTIN PLAYGROUND
1	THOMAS PAINE PARK
1	HATTIE CARTHAN PLAYGROUND
1	VETERANS PARK QUEENS
1	ANDREWS GROVE
1	NEPONSIT MALL
1	TOTTENVILLE POOL
1	GRAND PLAYGROUND
1	PAUL RAIMONDA PLAYGROUND
1	PARKSIDE PLAYGROUND BRONX
1	JESSE OWENS PLAYGROUND
1	REIFF PLAYGROUND
1	REAL GOOD PARK
1	EDENWALD PLAYGROUND
1	BARRETTO PARK
1	STRAUS PARK
1	ARROCHAR PLAYGROUND
1	CAPTAIN DERMODY TRIANGLE
1	HAROLD SCHNEIDERMAN PLAYGROUND
1	LAFAYETTE PLAYGROUND ON LAFAYETTE AVENUE
1	TWENTY-FOUR SYCAMORES PARK
1	P.S. 125 PLAYGROUND
1	BEATTY PLAZA
1	CICCARONE PARK
1	VON BRIESEN PARK
1	TAYLOR PLAYGROUND
1	BICENTENNIAL VETERANS MEMORIAL PARK
1	UNNAMED PARK ON CROSS BRONX EXPRESSWAY SERVICE RD & ROSEDALE AVENUE
1	MITCHEL SQUARE
1	GLENWOOD PLAYGROUND
1	THURSBY BASIN PARK
1	UNNAMED PARK ON PROSPECT EXPRESSWAY BETWEEN 3RD AVENUE & 7TH AVENUE
1	RANAQUA PARK
1	BREUKELEN BALLFIELDS
1	GREENPOINT PLAYGROUND
1	AHEARN PARK
1	MORRIS MESA
1	ARVERNE PLAYGROUND
1	MURRAY HILL PLAYGROUND
1	EAST RIVER ESPLANADE AT E 36TH ST AND FDR
1	HERMAN DOLGON PLAYGROUND
1	LATIMER PLAYGROUND
1	NORTH ROCHDALE PLAYGROUND
1	D'AURIA-MURPHY TRIANGLE
1	SIREN SLOPE
1	ADAM YAUCH PARK
1	SEASIDE WILDLIFE NATURE PARK
1	EACH ONE TEACH ONE
1	UNNAMED PARK ON E 170TH STREET
1	BRUST PARK
1	WOOD PARK
1	HAVEMEYER PLAYGROUND
1	P.S. 149 ARTSY BLOOM COMMUNITY GARDEN
1	MURPHY'S BROTHER'S PLAYGROUND
1	SCHMUL PARK
1	SILVER LAKE PARK
1	AMPERE PLAYGROUND
1	STEEPLECHASE PARK
1	BANNEKER PLAYGROUND
1	P.S. 279 PLAYGROUND
1	CORPORAL WILTSHIRE SQUARE
1	PLAUT TRIANGLE
1	RIVERDALE PLAYGROUND
1	TAAFFE PLAYGROUND
1	ADAM CLAYTON POWELL JR. MALLS
1	ANNUNCIATION PARK
1	BAY TERRACE PLAYGROUND
1	LIEUTENANT JOHN H. MARTINSON PLAYGROUND
1	BOERUM PARK
1	EVERGREEN PLAYGROUND
1	THE PAINTER'S PLAYGROUND
1	WAKEFIELD PLAYGROUND
1	POPPENHUSEN PARK
1	ATHENS SQUARE
1	LEFFERTS PLAYGROUND
1	LA GUARDIA PLAYGROUND
1	MCDONALD PLAYGROUND STATEN ISLAND
1	GREENE PLAYGROUND
1	MARCONI PARK
1	LITTLE FLOWER PLAYGROUND
1	METRO TRIANGLE
1	ROLF HENRY PLAYGROUND
1	STAR SPANGLED PLAYGROUND
1	HUNTS POINT RIVERSIDE PARK
1	BUSHWICK PLAYGROUND ON FLUSHING AVENUE
1	FRESH MEADOWS PLAYGROUND
1	NEW DORP PARK
1	PENA HERRERA PARK
1	WAGNER HOUSES POOL
1	STEBBINS PLAYGROUND
1	DRUMM TRIANGLE
1	LOUIS PASTEUR PARK
1	UNNAMED PARK ON 4TH AVENUE
1	ELEANOR ROOSEVELT PLAYGROUND
1	DUKE PARK
1	BERGEN BEACH PLAYGROUND
1	PLAYGROUND SEVENTY FIVE
1	ALBERT J. PARHAM PLAYGROUND
1	HOPE BALLFIELD
1	BELLAIRE PLAYGROUND
1	CHIARANTANO PLAYGROUND
1	BRIDGE PLAYGROUND
1	WILSON PLAYGROUND
1	UNNAMED PARK ON JAY STREET
1	BRYANT TRIANGLE
1	KELTCH PARK
1	SHERIDAN SQUARE VIEWING GARDEN
1	FERMI PLAYGROUND
1	WASHINGTON MARKET PARK
1	UNNAMED PARK ON BERRIMAN STREET
1	LEWIS PLAYGROUND
1	PLAYGROUND TWENTY ONE
1	GARIBALDI PLAYGROUND
1	NEWTOWN PLAYGROUND
1	CLINTON COMMUNITY GARDEN
1	MINETTA TRIANGLE
1	UNNAMED PARK ON WEST MOUNT EDEN AVENUE
1	BRIARWOOD PLAYGROUND
1	BENNINGER PLAYGROUND
1	HIGH ROCK PARK
1	ABINGDON SQUARE
1	NEIGHBORS OF VEGA BAJA
1	DR. RONALD MCNAIR PARK
1	CENTURY PLAYGROUND
1	HOOVER - MANTON PLAYGROUNDS
1	BARTEL-PRITCHARD SQUARE
1	BEACH 30TH STREET PLAYGROUND
1	JEROME SLOPE
1	ALEXANDER HAMILTON PLAYGROUND
1	FREDERICK B. JUDGE PLAYGROUND
1	ISHAM PARK
1	MARCY PARK SOUTH
1	JUDGE MOSES WEINSTEIN PLAYGROUND
1	PLAYGROUND ONE FORTY
1	MCKINLEY PLAYGROUND
1	ROSE HILL PARK
1	YAK PLAYGROUND
1	JOSEPH RODMAN DRAKE PARK
1	YELLOWSTONE PARK
1	ROCKAWAY COMMUNITY PARK
1	MIDLAND FIELD
1	UNIVERSITY MALLS
1	SPIRIT PLAYGROUND
1	UNNAMED PARK ON 3RD AVENUE
1	JACKSON SQUARE
1	MELROSE PLAYGROUND
1	LONG POND PARK
1	PLEASANT PARK GARDEN
1	ANNADALE PLAYGROUND
1	PETERS FIELD
1	SEASIDE PLAYGROUND
1	UNNAMED PARK ON BRUCKNER EXPRESSWAY & ZEREGA AVENUE
1	AMERICAN VETERANS MEMORIAL PIER
1	RALPH DEMARCO PARK
1	HANCOCK T AND T
1	ST. VARTAN PARK
1	BIG BUSH PARK
1	DR. CHARLES R. DREW PARK
1	BROOKLYN HEIGHTS PROMENADE
1	AUDUBON PLAYGROUND
1	COLLECT POND PARK
1	ST. GREGORY'S PLAYGROUND
1	TRIBECA PARK
1	DUANE PARK
1	MANOR PARK
1	SLOPE PARK
1	LEWIS H LATIMER HOUSE
1	RODNEY PARK SOUTH
1	PECK SLIP
1	PROSPECT PLAYGROUND
1	CONEY ISLAND BOAT BASIN
1	SUNSHINE PLAYGROUND
1	STARR PLAYGROUND
1	LOPEZ PLAYGROUND
1	DANTE PARK
1	SPUYTEN DUYVIL PLAYGROUND
1	PRATT PLAYGROUND
1	TRINITY PARK
1	VAN CORTLANDT'S TAIL
1	GRAND FERRY PARK
1	JAMAICA BAY PARK
1	UNNAMED PARK ON CROSS BRONX EXPRESSWAY & ANTHONY AVENUE
1	BRIZZI PLAYGROUND
1	ROGER MORRIS PARK
1	STRIPPOLI SQUARE
1	STORY PLAYGROUND
1	WINFIELD PLAZA
1	TWO COVES COMMUNITY GARDEN
1	JACKIE ROBINSON PARK BROOKLYN
1	HARLEM LANE PLAYGROUND
1	SEDGWICK PLAYGROUND
1	FORT INDEPENDENCE PLAYGROUND
1	PETER MINUIT PLAYGROUND
1	FORDHAM BEDFORD LOT BUSTERS
1	CITY ISLAND WETLANDS
1	BOWLING GREEN
1	THE BACKYARD
1	UNNAMED PARK ON E 175TH STREET
1	JAIME CAMPIZ PLAYGROUND
1	BULOVA PARK
1	CLAREMONT NEIGHBORHOOD GARDEN
1	KOREAN WAR VETERANS PLAZA
1	CHALLENGE PLAYGROUND
1	JEROME PLAYGROUND SOUTH
1	ANDRIES PLAYGROUND
1	LOTT PARK
1	DETECTIVE WILLIAM T. GUNN PARK
1	BURNS PLAYGROUND
1	CURTIS PLAYGROUND
1	WESTERLEIGH PARK
1	BAILEY PLAYGROUND
1	STOCKTON PLAYGROUND
1	BRYAN PARK
1	MAHONEY PLAYGROUND
1	UNNAMED PARK ON 51ST ROAD
1	LYONS POOL
1	MACLAUGHLIN PLAYGROUND
1	ALBEN TRIANGLE
1	COLLEGE POINT FIELDS
1	RODNEY PLAYGROUND SOUTH
1	NAUTILUS PLAYGROUND QUEENS
1	HARVEY PARK
1	DWYER SQUARE
1	FORT TOTTEN PARK
1	LEIF ERICSON FIELDS
1	UNNAMED PARK ON HICKS STREET
1	FRANK GOLDEN PARK
1	SEAN'S PLACE
1	CORLEARS HOOK PARK
1	COBBLE HILL PARK
1	A PHILIP RANDOLPH SQUARE
1	DYCKMAN HOUSE MUSEUM
1	JOHN VINCENT DANIELS JR. SQUARE
1	UNNAMED PARK ON VAN WYCK EXPRESSWAY
1	D'EMIC PLAYGROUND
1	UNNAMED PARK ON THE SOUTHSIDE OF E 175TH STREET
1	OLD TOWN PLAYGROUND
1	ST. NICHOLAS MIRACLE GARDEN
1	UNNAMED PARK ON GOWANUS EXPRESSWAY 63RD STREET TO 86TH STREET
1	ROBERTO CLEMENTE BALLFIELD
1	RAILROAD PLAYGROUND
1	UNNAMED PARK ON E 122ND STREET
1	COLGATE CLOSE
1	ALICE AUSTEN PARK
1	GIVANS CREEK WOODS
1	TRIANGLE AT E175TH STREET
1	WALTER WARD PLAYGROUND
1	PAERDEGAT BASIN PARK
1	OPEN ROAD PARK
1	HANSBOROUGH RECREATION CENTER
1	LINWOOD PLAYGROUND
1	WASHINGTON PARK BRONX
1	MOUNT HOPE GARDEN
1	TOAD HALL PLAYGROUND
1	EL JARDIN DEL PARAISO PARK
1	BENSON PLAYGROUND
1	GARDEN AT MOORSE STREET
1	UNNAMED PARK ON FETHERBED LANE
1	5TH ST SLOPE GARDEN
1	RORY STAUNTON FIELD
1	TEPPER TRIANGLE
1	RAOUL WALLENBERG FOREST
1	MARCY GREEN SOUTH
1	UNNAMED PARK ON CROSS BRONX EXPRESSWAY & FEATHERBED LANE
1	DAVIDSON PLAYGROUND
 
For Column 19 ------------------------------------
Count   Value
4810894	undefined
5457	CASTLE HILL
4550	VAN DYKE I
4276	MARCY
3949	LINCOLN
3936	BUTLER
3863	GRANT
3726	DOUGLASS
3702	LINDEN
3657	FARRAGUT
3616	PINK
3554	BROWNSVILLE
3460	BRONXDALE
3343	SOUNDVIEW
3126	BARUCH
3120	THROGGS NECK
3114	POMONOK
3062	TOMPKINS
3040	BUSHWICK
2978	CYPRESS HILLS
2960	WHITMAN
2948	RED HOOK WEST
2930	INGERSOLL
2892	TILDEN
2890	MONROE
2801	BOULEVARD
2744	SMITH
2692	MITCHEL
2647	MANHATTANVILLE
2579	WILLIAMSBURG
2465	JOHNSON
2286	SUMNER
2252	RED HOOK EAST
2229	SHEEPSHEAD BAY
2227	STAPLETON
2136	GOWANUS
2081	NOSTRAND
2079	CLINTON
1994	ALBANY
1985	PELHAM PARKWAY
1968	RANGEL
1962	LA GUARDIA
1957	SAINT MARY'S PARK
1927	BREVOORT
1919	ADAMS
1891	BRONX RIVER
1873	WALD
1843	BAY VIEW
1836	WEST BRIGHTON I
1770	LOW HOUSES
1721	HUGHES APARTMENTS
1664	MORRIS I
1643	HOWARD
1591	BORINQUEN PLAZA I
1586	TAFT
1584	VLADECK
1567	MARBLE HILL
1563	MARINER'S HARBOR
1563	EASTCHESTER GARDENS
1558	ASTORIA
1551	RICHMOND TERRACE
1548	GLENWOOD
1539	LAFAYETTE
1534	ARMSTRONG II
1510	MORRIS II
1470	COOPER PARK
1451	PATTERSON
1445	HIGHBRIDGE GARDENS
1425	PARKSIDE
1406	UNITY PLAZA (SITES 4-27)
1405	MARLBORO
1402	WAGNER
1399	JACKSON
1392	ARMSTRONG I
1305	RIIS
1293	BORINQUEN PLAZA II
1284	REDFERN
1268	HAMMEL
1261	WEBSTER
1248	BAYSIDE-OCEAN BAY APTS
1198	BOSTON SECOR
1105	SOUTH BEACH
1089	FOREST
1087	AMSTERDAM
1084	GOMPERS
1059	ALBANY II
1031	MILL BROOK
1014	RUTGERS
1001	GARVEY (GROUP A)
990	STUYVESANT GARDENS I
965	SEWARD PARK EXTENSION
953	SACK WERN
940	CLASON POINT GARDENS
939	LONG ISLAND BAPTIST HOUSES
939	WEEKSVILLE GARDENS
933	MELROSE
913	MOORE
911	PENNSYLVANIA AVENUE-WORTMAN AVENUE
849	FORT INDEPENDENCE STREET-HEATH AVENUE
841	CONEY ISLAND I (SITE 1B)
838	TODT HILL
835	MURPHY
828	WOODSIDE
804	GUN HILL
802	WYCKOFF GARDENS
800	INDEPENDENCE
793	ROOSEVELT II
792	RIIS II
788	QUEENSBRIDGE SOUTH
785	BERRY
772	KING TOWERS
760	FIORENTINO PLAZA
752	ROOSEVELT I
748	EDENWALD
746	LEHMAN
737	QUEENSBRIDGE NORTH
714	CONEY ISLAND
670	DAVIDSON
660	THROGGS NECK ADDITION
658	BREUKELEN
653	ATLANTIC TERMINAL SITE 4B
646	UNITY PLAZA (SITES 17,24,25A)
643	303 VERNON AVENUE
628	WILLIAMS PLAZA
619	WSUR (SITE C) 589 AMSTERDAM AVENUE
610	BETANCES I
599	MOTT HAVEN
594	DYCKMAN
589	BLAND
576	BUSHWICK II (GROUPS B & D)
533	BUSHWICK II (GROUPS A & C)
520	BEACH 41ST STREET-BEACH CHANNEL DRIVE
502	UNIVERSITY AVENUE REHAB
500	CARVER
497	DOUGLASS ADDITION
494	TAYLOR STREET-WYTHE AVENUE
493	CLAREMONT REHAB (GROUP 2)
483	MARKHAM GARDENS
482	BAILEY AVENUE-WEST 193RD STREET
461	OCEAN HILL-BROWNSVILLE
458	EAST 173RD STREET-VYSE AVENUE
457	MILL BROOK EXTENSION
441	HYLAN
431	830 AMSTERDAM AVENUE
428	STERLING PLACE REHAB (STERLING-BUFFALO)
425	HOPE GARDENS
424	HOWARD AVENUE
424	MCKINLEY
415	HOWARD AVENUE-PARK PLACE
399	CLAREMONT REHAB (GROUP 5)
393	CARLETON MANOR
383	TAPSCOTT STREET REHAB
376	MORRISANIA
376	TWIN PARKS WEST (SITE 1 & 2)
362	33-35 SARATOGA AVENUE
358	AUDUBON
357	CLAREMONT REHAB (GROUP 4)
341	572 WARREN STREET
338	PARK ROCK REHAB
336	BAISLEY PARK
316	1162-1176 WASHINGTON AVENUE
310	CAMPOS PLAZA I
309	MORRISANIA AIR RIGHTS 42
307	STERLING PLACE REHAB (SAINT JOHNS-STERLING)
307	BUSHWICK II CDA (GROUP E)
306	RALPH AVENUE REHAB
298	LAVANBURG HOMES
285	VLADECK II
280	SOUTH BRONX AREA (SITE 402)
279	LEXINGTON
278	TELLER AVENUE-EAST 166TH STREET
276	UNION AVENUE-EAST 166TH STREET
275	LATIMER GARDENS
270	EAST 180TH STREET-MONTEREY AVENUE
253	BOYNTON AVENUE REHAB
253	SEDGWICK
252	GRAVESEND
247	EAGLE AVENUE-EAST 163RD STREET
245	TWO BRIDGES URA (SITE 7)
243	WEST FARMS ROAD REHAB
243	LOWER EAST SIDE I INFILL
241	HARLEM RIVER
240	HIGHBRIDGE REHABS (ANDERSON AVENUE)
236	OCEAN HILL APARTMENTS
231	BELMONT-SUTTER AREA
230	SUTTER AVENUE-UNION STREET
229	131 SAINT NICHOLAS AVENUE
228	WOODSON
227	LONGFELLOW AVENUE REHAB
223	HARRISON AVENUE REHAB (GROUP B)
222	1471 WATSON AVENUE
217	CLAREMONT REHAB (GROUP 3)
217	HERNANDEZ
216	EAST NEW YORK CITY LINE
211	HIGHBRIDGE REHABS (NELSON AVENUE)
209	CROWN HEIGHTS
190	BEDFORD-STUYVESANT REHAB
186	CLAREMONT PARKWAY-FRANKLIN AVENUE
185	MILBANK-FRAWLEY
162	GRAMPION
150	MORRIS HEIGHTS REHAB
146	BERRY STREET-SOUTH 9TH STREET
141	STEBBINS AVENUE-HEWITT PLACE
136	WEST TREMONT REHAB (GROUP 3)
136	SARATOGA SQUARE
135	LENOX ROAD-ROCKAWAY PARKWAY
134	CASSIDY-LAFAYETTE
131	UNION AVENUE-EAST 163RD STREET
130	HOE AVENUE-EAST 173RD STREET
128	SAMUEL (CITY)
126	MARCY AVENUE-GREENE AVENUE SITE A
125	COLLEGE AVENUE-EAST 165TH STREET
122	UPACA (SITE 5)
120	BARUCH HOUSES ADDITION
116	FORT WASHINGTON AVENUE REHAB
112	UPACA (SITE 6)
111	EAST 165TH STREET-BRYANT AVENUE
111	MARCY AVENUE-GREENE AVENUE SITE B
111	45 ALLEN STREET
109	RANDALL AVENUE-BALCOM AVENUE
107	RUTLAND TOWERS
102	TWIN PARKS EAST (SITE 9)
102	FENIMORE-LEFFERTS
102	LOWER EAST SIDE REHAB (GROUP 5)
100	SOUTHERN BOULEVARD
99	WEST BRIGHTON II
98	BRONX RIVER ADDITION
92	BOSTON ROAD PLAZA
89	VANDALIA AVENUE
89	WEST TREMONT AVENUE-SEDGWICK AVENUE AREA
88	GLEBE AVENUE-WESTCHESTER AVENUE
86	BETHUNE GARDENS
84	MACOMBS ROAD
81	BRYANT AVENUE-EAST 174TH STREET
79	OCEANSIDE-OCEAN BAY APTS
77	REID APARTMENTS
68	FRANKLIN AVENUE I CONVENTIONAL
66	VAN DYKE II
64	WEST TREMONT REHAB (GROUP 2)
64	FRANKLIN AVENUE II CONVENTIONAL
60	MARSHALL PLAZA
57	WEST TREMONT REHAB (GROUP 1)
55	O'DWYER GARDENS
54	BETANCES III
43	NEW LANE AREA
43	JENNINGS STREET
41	LA GUARDIA ADDITION
41	KINGSBOROUGH 77
38	HARRISON AVENUE REHAB (GROUP A)
32	FIRST HOUSES
31	MIDDLETOWN PLAZA
31	BAYCHESTER
30	PALMETTO GARDENS
28	FRANKLIN AVENUE I MHOP
22	FRANKLIN AVENUE III CONVENTIONAL
22	LOWER EAST SIDE II
22	WASHINGTON HEIGHTS REHAB PHASE III
21	MANHATTANVILLE REHAB (GROUP 2)
21	PROSPECT PLAZA
20	GLENMORE PLAZA
17	BETANCES VI
12	BROWN
11	WSUR (SITE B) 74 WEST 92ND STREET
11	DE HOSTOS APARTMENTS
11	CAREY GARDENS
9	TAFT REHABS (REHAB PROGRAM)
8	ROBINSON
5	WASHINGTON HEIGHTS REHAB (GROUPS 1&2)
5	HABER
2	FRANKLIN AVENUE II MHOP
2	FULTON
2	KINGSBOROUGH 73
2	METRO NORTH REHAB
1	FRANKLIN AVENUE III MHOP
1	344 EAST 28TH STREET
1	JEFFERSON
1	1010 EAST 178TH STREET
1	BRONXCHESTER
1	FOREST HILLS COOP (108TH STREET-62ND DRIVE)
 
