PREM_TYP_DESC 2015 12 undefined	5
PREM_TYP_DESC 2015 12 VARIETY STORE	4
PREM_TYP_DESC 2015 12 TUNNEL	2
PREM_TYP_DESC 2015 12 TRANSIT - NYC SUBWAY	33
PREM_TYP_DESC 2015 12 TELECOMM. STORE	5
PREM_TYP_DESC 2015 12 TAXI (LIVERY LICENSED)	2
PREM_TYP_DESC 2015 12 STREET	608
PREM_TYP_DESC 2015 12 STORE UNCLASSIFIED	9
PREM_TYP_DESC 2015 12 SOCIAL CLUB/POLICY	2
PREM_TYP_DESC 2015 12 SMALL MERCHANT	8
PREM_TYP_DESC 2015 12 RESTAURANT/DINER	38
PREM_TYP_DESC 2015 12 RESIDENCE-HOUSE	171
PREM_TYP_DESC 2015 12 RESIDENCE - PUBLIC HOUSING	165
PREM_TYP_DESC 2015 12 RESIDENCE - APT. HOUSE	422
PREM_TYP_DESC 2015 12 PUBLIC BUILDING	12
PREM_TYP_DESC 2015 12 PRIVATE/PAROCHIAL SCHOOL	1
PREM_TYP_DESC 2015 12 PARKING LOT/GARAGE (PUBLIC)	13
PREM_TYP_DESC 2015 12 PARKING LOT/GARAGE (PRIVATE)	16
PREM_TYP_DESC 2015 12 PARK/PLAYGROUND	11
PREM_TYP_DESC 2015 12 OTHER	47
PREM_TYP_DESC 2015 12 OPEN AREAS (OPEN LOTS)	1
PREM_TYP_DESC 2015 12 MARINA/PIER	1
PREM_TYP_DESC 2015 12 LIQUOR STORE	1
PREM_TYP_DESC 2015 12 JEWELRY	2
PREM_TYP_DESC 2015 12 HOTEL/MOTEL	14
PREM_TYP_DESC 2015 12 HOSPITAL	9
PREM_TYP_DESC 2015 12 HIGHWAY/PARKWAY	1
PREM_TYP_DESC 2015 12 GYM/FITNESS FACILITY	7
PREM_TYP_DESC 2015 12 GROCERY/BODEGA	28
PREM_TYP_DESC 2015 12 GAS STATION	6
PREM_TYP_DESC 2015 12 FOOD SUPERMARKET	11
PREM_TYP_DESC 2015 12 FERRY/FERRY TERMINAL	1
PREM_TYP_DESC 2015 12 FAST FOOD	19
PREM_TYP_DESC 2015 12 FACTORY/WAREHOUSE	2
PREM_TYP_DESC 2015 12 DRY CLEANER/LAUNDRY	12
PREM_TYP_DESC 2015 12 DRUG STORE	20
PREM_TYP_DESC 2015 12 DOCTOR/DENTIST OFFICE	7
PREM_TYP_DESC 2015 12 DEPARTMENT STORE	54
PREM_TYP_DESC 2015 12 CONSTRUCTION SITE	3
PREM_TYP_DESC 2015 12 COMMERCIAL BUILDING	35
PREM_TYP_DESC 2015 12 CLOTHING/BOUTIQUE	12
PREM_TYP_DESC 2015 12 CHURCH	4
PREM_TYP_DESC 2015 12 CHECK CASHING BUSINESS	3
PREM_TYP_DESC 2015 12 CHAIN STORE	50
PREM_TYP_DESC 2015 12 CANDY STORE	2
PREM_TYP_DESC 2015 12 BUS STOP	2
PREM_TYP_DESC 2015 12 BUS (NYC TRANSIT)	4
PREM_TYP_DESC 2015 12 BRIDGE	2
PREM_TYP_DESC 2015 12 BOOK/CARD	1
PREM_TYP_DESC 2015 12 BEAUTY & NAIL SALON	5
PREM_TYP_DESC 2015 12 BAR/NIGHT CLUB	25
PREM_TYP_DESC 2015 12 BANK	5
PREM_TYP_DESC 2015 12 ATM	1
PREM_TYP_DESC 2015 12 AIRPORT TERMINAL	10
PREM_TYP_DESC 2015 11 TRANSIT - NYC SUBWAY	1
PREM_TYP_DESC 2015 11 RESIDENCE-HOUSE	3
PREM_TYP_DESC 2015 11 RESIDENCE - PUBLIC HOUSING	4
PREM_TYP_DESC 2015 11 RESIDENCE - APT. HOUSE	8
PREM_TYP_DESC 2015 11 OTHER	4
PREM_TYP_DESC 2015 11 HOTEL/MOTEL	1
PREM_TYP_DESC 2015 11 FOOD SUPERMARKET	1
PREM_TYP_DESC 2015 11 COMMERCIAL BUILDING	1
PREM_TYP_DESC 2015 11 CLOTHING/BOUTIQUE	1
PREM_TYP_DESC 2015 10 STREET	2
PREM_TYP_DESC 2015 10 RESIDENCE-HOUSE	1
PREM_TYP_DESC 2015 10 RESIDENCE - PUBLIC HOUSING	1
PREM_TYP_DESC 2015 10 RESIDENCE - APT. HOUSE	4
PREM_TYP_DESC 2015 10 OTHER	2
PREM_TYP_DESC 2015 10 DRUG STORE	1
PREM_TYP_DESC 2015 10 DEPARTMENT STORE	1
PREM_TYP_DESC 2015 10 COMMERCIAL BUILDING	3
PREM_TYP_DESC 2015 10 AIRPORT TERMINAL	1
PREM_TYP_DESC 2015 09 RESIDENCE-HOUSE	1
PREM_TYP_DESC 2015 09 RESIDENCE - APT. HOUSE	3
PREM_TYP_DESC 2015 09 GROCERY/BODEGA	1
PREM_TYP_DESC 2015 09 DOCTOR/DENTIST OFFICE	1
PREM_TYP_DESC 2015 08 RESIDENCE - APT. HOUSE	2
PREM_TYP_DESC 2015 07 RESIDENCE - APT. HOUSE	2
PREM_TYP_DESC 2015 05 RESIDENCE - APT. HOUSE	1
PREM_TYP_DESC 2015 04 RESIDENCE - APT. HOUSE	2
PREM_TYP_DESC 2015 04 OTHER	1
PREM_TYP_DESC 2015 03 STREET	1
PREM_TYP_DESC 2015 03 RESIDENCE - PUBLIC HOUSING	1
PREM_TYP_DESC 2015 01 STREET	1
PREM_TYP_DESC 2015 01 RESIDENCE - APT. HOUSE	1
PREM_TYP_DESC 2014 09 STREET	1
PREM_TYP_DESC 2014 01 STREET	1
PREM_TYP_DESC 2013 12 RESIDENCE - APT. HOUSE	1
PREM_TYP_DESC 2013 06 RESIDENCE-HOUSE	1
PREM_TYP_DESC 2011 08 RESIDENCE - APT. HOUSE	1
PREM_TYP_DESC 2009 12 RESIDENCE - APT. HOUSE	1
PREM_TYP_DESC 2004 12 undefined	1
OFNS_DESC 2015 12 undefined	1
OFNS_DESC 2015 12 VEHICLE AND TRAFFIC LAWS	32
OFNS_DESC 2015 12 UNAUTHORIZED USE OF A VEHICLE	5
OFNS_DESC 2015 12 THEFT-FRAUD	9
OFNS_DESC 2015 12 SEX CRIMES	16
OFNS_DESC 2015 12 ROBBERY	93
OFNS_DESC 2015 12 RAPE	2
OFNS_DESC 2015 12 POSSESSION OF STOLEN PROPERTY	3
OFNS_DESC 2015 12 PETIT LARCENY	327
OFNS_DESC 2015 12 OTHER STATE LAWS (NON PENAL LA	2
OFNS_DESC 2015 12 OTHER OFFENSES RELATED TO THEF	8
OFNS_DESC 2015 12 OFFENSES INVOLVING FRAUD	3
OFNS_DESC 2015 12 OFFENSES AGAINST THE PERSON	5
OFNS_DESC 2015 12 OFFENSES AGAINST PUBLIC ADMINI	38
OFNS_DESC 2015 12 OFF. AGNST PUB ORD SENSBLTY &	95
OFNS_DESC 2015 12 NYS LAWS-UNCLASSIFIED FELONY	1
OFNS_DESC 2015 12 MURDER & NON-NEGL. MANSLAUGHTER	2
OFNS_DESC 2015 12 MISCELLANEOUS PENAL LAW	57
OFNS_DESC 2015 12 INTOXICATED & IMPAIRED DRIVING	27
OFNS_DESC 2015 12 HARRASSMENT 2	256
OFNS_DESC 2015 12 GRAND LARCENY OF MOTOR VEHICLE	28
OFNS_DESC 2015 12 GRAND LARCENY	173
OFNS_DESC 2015 12 GAMBLING	1
OFNS_DESC 2015 12 FRAUDULENT ACCOSTING	3
OFNS_DESC 2015 12 FRAUDS	9
OFNS_DESC 2015 12 FORGERY	23
OFNS_DESC 2015 12 FELONY ASSAULT	91
OFNS_DESC 2015 12 DISORDERLY CONDUCT	1
OFNS_DESC 2015 12 DANGEROUS WEAPONS	39
OFNS_DESC 2015 12 DANGEROUS DRUGS	82
OFNS_DESC 2015 12 CRIMINAL TRESPASS	14
OFNS_DESC 2015 12 CRIMINAL MISCHIEF & RELATED OF	186
OFNS_DESC 2015 12 CHILD ABANDONMENT/NON SUPPORT	2
OFNS_DESC 2015 12 BURGLARY	69
OFNS_DESC 2015 12 ASSAULT 3 & RELATED OFFENSES	224
OFNS_DESC 2015 12 ARSON	4
OFNS_DESC 2015 12 ADMINISTRATIVE CODE	3
OFNS_DESC 2015 11 THEFT-FRAUD	1
OFNS_DESC 2015 11 SEX CRIMES	3
OFNS_DESC 2015 11 PETIT LARCENY	3
OFNS_DESC 2015 11 OFFENSES AGAINST PUBLIC ADMINI	3
OFNS_DESC 2015 11 OFF. AGNST PUB ORD SENSBLTY &	1
OFNS_DESC 2015 11 MISCELLANEOUS PENAL LAW	4
OFNS_DESC 2015 11 HARRASSMENT 2	6
OFNS_DESC 2015 11 GRAND LARCENY	2
OFNS_DESC 2015 11 CRIMINAL MISCHIEF & RELATED OF	1
OFNS_DESC 2015 10 SEX CRIMES	1
OFNS_DESC 2015 10 PETIT LARCENY	1
OFNS_DESC 2015 10 OFFENSES AGAINST PUBLIC ADMINI	2
OFNS_DESC 2015 10 OFF. AGNST PUB ORD SENSBLTY &	1
OFNS_DESC 2015 10 HARRASSMENT 2	3
OFNS_DESC 2015 10 GRAND LARCENY	3
OFNS_DESC 2015 10 FRAUDS	1
OFNS_DESC 2015 10 FORGERY	1
OFNS_DESC 2015 10 FELONY ASSAULT	1
OFNS_DESC 2015 10 ASSAULT 3 & RELATED OFFENSES	2
OFNS_DESC 2015 09 PETIT LARCENY	2
OFNS_DESC 2015 09 OFF. AGNST PUB ORD SENSBLTY &	1
OFNS_DESC 2015 09 GRAND LARCENY	3
OFNS_DESC 2015 08 SEX CRIMES	1
OFNS_DESC 2015 08 RAPE	1
OFNS_DESC 2015 07 SEX CRIMES	1
OFNS_DESC 2015 07 GRAND LARCENY	1
OFNS_DESC 2015 05 GRAND LARCENY	1
OFNS_DESC 2015 04 THEFT-FRAUD	1
OFNS_DESC 2015 04 RAPE	1
OFNS_DESC 2015 04 GRAND LARCENY	1
OFNS_DESC 2015 03 PETIT LARCENY	1
OFNS_DESC 2015 03 HARRASSMENT 2	1
OFNS_DESC 2015 01 GRAND LARCENY	1
OFNS_DESC 2015 01 CRIMINAL MISCHIEF & RELATED OF	1
OFNS_DESC 2014 09 GRAND LARCENY	1
OFNS_DESC 2014 01 CRIMINAL MISCHIEF & RELATED OF	1
OFNS_DESC 2013 12 ASSAULT 3 & RELATED OFFENSES	1
OFNS_DESC 2013 06 SEX CRIMES	1
OFNS_DESC 2011 08 BURGLARY	1
OFNS_DESC 2009 12 RAPE	1
OFNS_DESC 2004 12 MURDER & NON-NEGL. MANSLAUGHTER	1
LOC_OF_OCCUR_DESC 2015 12 undefined	379
LOC_OF_OCCUR_DESC 2015 12 REAR OF	38
LOC_OF_OCCUR_DESC 2015 12 OUTSIDE	2
LOC_OF_OCCUR_DESC 2015 12 OPPOSITE OF	55
LOC_OF_OCCUR_DESC 2015 12 INSIDE	1046
LOC_OF_OCCUR_DESC 2015 12 FRONT OF	414
LOC_OF_OCCUR_DESC 2015 11 undefined	1
LOC_OF_OCCUR_DESC 2015 11 INSIDE	21
LOC_OF_OCCUR_DESC 2015 11 FRONT OF	2
LOC_OF_OCCUR_DESC 2015 10 undefined	3
LOC_OF_OCCUR_DESC 2015 10 OPPOSITE OF	1
LOC_OF_OCCUR_DESC 2015 10 INSIDE	12
LOC_OF_OCCUR_DESC 2015 09 INSIDE	6
LOC_OF_OCCUR_DESC 2015 08 INSIDE	2
LOC_OF_OCCUR_DESC 2015 07 INSIDE	2
LOC_OF_OCCUR_DESC 2015 05 INSIDE	1
LOC_OF_OCCUR_DESC 2015 04 INSIDE	3
LOC_OF_OCCUR_DESC 2015 03 INSIDE	1
LOC_OF_OCCUR_DESC 2015 03 FRONT OF	1
LOC_OF_OCCUR_DESC 2015 01 undefined	1
LOC_OF_OCCUR_DESC 2015 01 INSIDE	1
LOC_OF_OCCUR_DESC 2014 09 undefined	1
LOC_OF_OCCUR_DESC 2014 01 undefined	1
LOC_OF_OCCUR_DESC 2013 12 INSIDE	1
LOC_OF_OCCUR_DESC 2013 06 INSIDE	1
LOC_OF_OCCUR_DESC 2011 08 INSIDE	1
LOC_OF_OCCUR_DESC 2009 12 INSIDE	1
LOC_OF_OCCUR_DESC 2004 12 OUTSIDE	1
LAW_CAT_CD 2015 12 VIOLATION	260
LAW_CAT_CD 2015 12 MISDEMEANOR	1035
LAW_CAT_CD 2015 12 FELONY	639
LAW_CAT_CD 2015 11 VIOLATION	6
LAW_CAT_CD 2015 11 MISDEMEANOR	11
LAW_CAT_CD 2015 11 FELONY	7
LAW_CAT_CD 2015 10 VIOLATION	3
LAW_CAT_CD 2015 10 MISDEMEANOR	8
LAW_CAT_CD 2015 10 FELONY	5
LAW_CAT_CD 2015 09 MISDEMEANOR	3
LAW_CAT_CD 2015 09 FELONY	3
LAW_CAT_CD 2015 08 MISDEMEANOR	1
LAW_CAT_CD 2015 08 FELONY	1
LAW_CAT_CD 2015 07 MISDEMEANOR	1
LAW_CAT_CD 2015 07 FELONY	1
LAW_CAT_CD 2015 05 FELONY	1
LAW_CAT_CD 2015 04 FELONY	3
LAW_CAT_CD 2015 03 VIOLATION	1
LAW_CAT_CD 2015 03 MISDEMEANOR	1
LAW_CAT_CD 2015 01 MISDEMEANOR	1
LAW_CAT_CD 2015 01 FELONY	1
LAW_CAT_CD 2014 09 FELONY	1
LAW_CAT_CD 2014 01 MISDEMEANOR	1
LAW_CAT_CD 2013 12 MISDEMEANOR	1
LAW_CAT_CD 2013 06 FELONY	1
LAW_CAT_CD 2011 08 FELONY	1
LAW_CAT_CD 2009 12 FELONY	1
LAW_CAT_CD 2004 12 FELONY	1
BORO_NM 2015 12 STATEN ISLAND	101
BORO_NM 2015 12 QUEENS	383
BORO_NM 2015 12 MANHATTAN	401
BORO_NM 2015 12 BROOKLYN	619
BORO_NM 2015 12 BRONX	430
BORO_NM 2015 11 STATEN ISLAND	4
BORO_NM 2015 11 QUEENS	3
BORO_NM 2015 11 MANHATTAN	2
BORO_NM 2015 11 BROOKLYN	2
BORO_NM 2015 11 BRONX	13
BORO_NM 2015 10 QUEENS	2
BORO_NM 2015 10 MANHATTAN	4
BORO_NM 2015 10 BROOKLYN	1
BORO_NM 2015 10 BRONX	9
BORO_NM 2015 09 STATEN ISLAND	1
BORO_NM 2015 09 QUEENS	1
BORO_NM 2015 09 MANHATTAN	2
BORO_NM 2015 09 BROOKLYN	1
BORO_NM 2015 09 BRONX	1
BORO_NM 2015 08 MANHATTAN	2
BORO_NM 2015 07 MANHATTAN	1
BORO_NM 2015 07 BROOKLYN	1
BORO_NM 2015 05 QUEENS	1
BORO_NM 2015 04 QUEENS	1
BORO_NM 2015 04 MANHATTAN	1
BORO_NM 2015 04 BROOKLYN	1
BORO_NM 2015 03 MANHATTAN	1
BORO_NM 2015 03 BRONX	1
BORO_NM 2015 01 MANHATTAN	1
BORO_NM 2015 01 BRONX	1
BORO_NM 2014 09 MANHATTAN	1
BORO_NM 2014 01 BRONX	1
BORO_NM 2013 12 BRONX	1
BORO_NM 2013 06 BROOKLYN	1
BORO_NM 2011 08 QUEENS	1
BORO_NM 2009 12 BROOKLYN	1
BORO_NM 2004 12 BROOKLYN	1
