160244	QUEENS 341 - PETIT LARCENY
126333	QUEENS 578 - HARRASSMENT 2
105001	QUEENS 344 - ASSAULT 3 & RELATED OFFENSES
97321	QUEENS 351 - CRIMINAL MISCHIEF & RELATED OF
80725	QUEENS 109 - GRAND LARCENY
58779	QUEENS 361 - OFF. AGNST PUB ORD SENSBLTY &
49647	QUEENS 107 - BURGLARY
40791	QUEENS 105 - ROBBERY
35247	QUEENS 106 - FELONY ASSAULT
32388	QUEENS 110 - GRAND LARCENY OF MOTOR VEHICLE
25509	QUEENS 126 - MISCELLANEOUS PENAL LAW
21540	QUEENS 121 - CRIMINAL MISCHIEF & RELATED OF
16737	QUEENS 347 - INTOXICATED & IMPAIRED DRIVING
15379	QUEENS 359 - OFFENSES AGAINST PUBLIC ADMINI
15138	QUEENS 348 - VEHICLE AND TRAFFIC LAWS
13757	QUEENS 236 - DANGEROUS WEAPONS
13389	QUEENS 235 - DANGEROUS DRUGS
11003	QUEENS 113 - FORGERY
10806	QUEENS 112 - THEFT-FRAUD
9911	QUEENS 118 - DANGEROUS WEAPONS
9864	QUEENS 233 - SEX CRIMES
9174	QUEENS 352 - CRIMINAL TRESPASS
7785	QUEENS 117 - DANGEROUS DRUGS
5511	QUEENS 340 - FRAUDS
4403	QUEENS 353 - UNAUTHORIZED USE OF A VEHICLE
3826	QUEENS 232 - POSSESSION OF STOLEN PROPERTY
2974	QUEENS 104 - RAPE
2734	QUEENS 365 - ADMINISTRATIVE CODE
2363	QUEENS 114 - ARSON
2077	QUEENS 355 - OFFENSES AGAINST THE PERSON
1995	QUEENS 343 - OTHER OFFENSES RELATED TO THEF
1776	QUEENS 111 - POSSESSION OF STOLEN PROPERTY
1758	QUEENS 116 - SEX CRIMES
1283	QUEENS 358 - OFFENSES INVOLVING FRAUD
1120	QUEENS 678 - MISCELLANEOUS PENAL LAW
771	QUEENS 101 - MURDER & NON-NEGL. MANSLAUGHTER
627	QUEENS 345 - OFFENSES RELATED TO CHILDREN
525	QUEENS 231 - BURGLAR'S TOOLS
479	QUEENS 125 - NYS LAWS-UNCLASSIFIED FELONY
423	QUEENS 124 - KIDNAPPING & RELATED OFFENSES
298	QUEENS 364 - OTHER STATE LAWS (NON PENAL LA
283	QUEENS 675 - ADMINISTRATIVE CODE
216	QUEENS 342 - PETIT LARCENY OF MOTOR VEHICLE
132	QUEENS 238 - FRAUDULENT ACCOSTING
113	QUEENS 363 - OFFENSES AGAINST PUBLIC SAFETY
100	QUEENS 346 - ALCOHOLIC BEVERAGE CONTROL LAW
98	QUEENS 350 - GAMBLING
95	QUEENS 343 - THEFT OF SERVICES
69	QUEENS 120 - CHILD ABANDONMENT/NON SUPPORT
67	QUEENS 572 - DISORDERLY CONDUCT
61	QUEENS 356 - PROSTITUTION & RELATED OFFENSES
58	QUEENS 677 - OTHER STATE LAWS
34	QUEENS 345 - ENDAN WELFARE INCOMP
31	QUEENS 230 - JOSTLING
26	QUEENS 102 - HOMICIDE-NEGLIGENT-VEHICLE
25	QUEENS 115 - PROSTITUTION & RELATED OFFENSES
25	QUEENS 237 - ESCAPE 3
22	QUEENS 119 - INTOXICATED/IMPAIRED DRIVING
17	QUEENS 234 - PROSTITUTION & RELATED OFFENSES
16	QUEENS 571 - LOITERING/GAMBLING (CARDS, DIC
15	QUEENS 455 - UNLAWFUL POSS. WEAP. ON SCHOOL
13	QUEENS 364 - AGRICULTURE & MRKTS LAW-UNCLASSIFIED
12	QUEENS 354 - ANTICIPATORY OFFENSES
12	QUEENS 349 - DISRUPTION OF A RELIGIOUS SERV
12	QUEENS 460 - LOITERING/DEVIATE SEX
10	QUEENS 685 - ADMINISTRATIVE CODES
9	QUEENS 122 - GAMBLING
7	QUEENS 672 - LOITERING
7	QUEENS 881 - OTHER TRAFFIC INFRACTION
6	QUEENS 366 - NEW YORK CITY HEALTH CODE
6	QUEENS 120 - ENDAN WELFARE INCOMP
5	QUEENS 103 - HOMICIDE-NEGLIGENT,UNCLASSIFIE
5	QUEENS 676 - NEW YORK CITY HEALTH CODE
3	QUEENS 123 - ABORTION
2	QUEENS 357 - FORTUNE TELLING
1	QUEENS 360 - LOITERING FOR DRUG PURPOSES
1	QUEENS 124 - KIDNAPPING
1	QUEENS 577 - UNDER THE INFLUENCE OF DRUGS
1	QUEENS 677 - NYS LAWS-UNCLASSIFIED VIOLATION
