257702	MANHATTAN 341 - PETIT LARCENY
227208	BROOKLYN 341 - PETIT LARCENY
181737	BROOKLYN 578 - HARRASSMENT 2
167706	BROOKLYN 344 - ASSAULT 3 & RELATED OFFENSES
165944	MANHATTAN 109 - GRAND LARCENY
160244	QUEENS 341 - PETIT LARCENY
138124	BRONX 341 - PETIT LARCENY
132672	BROOKLYN 351 - CRIMINAL MISCHIEF & RELATED OF
129239	BRONX 578 - HARRASSMENT 2
126333	QUEENS 578 - HARRASSMENT 2
126166	BRONX 344 - ASSAULT 3 & RELATED OFFENSES
120721	MANHATTAN 578 - HARRASSMENT 2
112987	BROOKLYN 109 - GRAND LARCENY
111026	BRONX 235 - DANGEROUS DRUGS
105001	QUEENS 344 - ASSAULT 3 & RELATED OFFENSES
98959	MANHATTAN 344 - ASSAULT 3 & RELATED OFFENSES
97321	QUEENS 351 - CRIMINAL MISCHIEF & RELATED OF
94587	BRONX 351 - CRIMINAL MISCHIEF & RELATED OF
89451	BROOKLYN 235 - DANGEROUS DRUGS
83917	BROOKLYN 361 - OFF. AGNST PUB ORD SENSBLTY &
80725	QUEENS 109 - GRAND LARCENY
77557	MANHATTAN 351 - CRIMINAL MISCHIEF & RELATED OF
69610	BROOKLYN 105 - ROBBERY
65843	BROOKLYN 107 - BURGLARY
62858	MANHATTAN 235 - DANGEROUS DRUGS
62407	BROOKLYN 106 - FELONY ASSAULT
61778	BRONX 361 - OFF. AGNST PUB ORD SENSBLTY &
58779	QUEENS 361 - OFF. AGNST PUB ORD SENSBLTY &
57825	MANHATTAN 361 - OFF. AGNST PUB ORD SENSBLTY &
53894	BRONX 109 - GRAND LARCENY
49647	QUEENS 107 - BURGLARY
47739	BRONX 106 - FELONY ASSAULT
45259	BRONX 105 - ROBBERY
44701	STATEN ISLAND 578 - HARRASSMENT 2
43714	BROOKLYN 126 - MISCELLANEOUS PENAL LAW
40791	QUEENS 105 - ROBBERY
38486	MANHATTAN 105 - ROBBERY
36903	STATEN ISLAND 341 - PETIT LARCENY
35247	QUEENS 106 - FELONY ASSAULT
35047	MANHATTAN 107 - BURGLARY
33589	BRONX 107 - BURGLARY
33077	BROOKLYN 110 - GRAND LARCENY OF MOTOR VEHICLE
32988	MANHATTAN 106 - FELONY ASSAULT
32388	QUEENS 110 - GRAND LARCENY OF MOTOR VEHICLE
30467	STATEN ISLAND 351 - CRIMINAL MISCHIEF & RELATED OF
29966	BRONX 359 - OFFENSES AGAINST PUBLIC ADMINI
25544	BRONX 236 - DANGEROUS WEAPONS
25509	QUEENS 126 - MISCELLANEOUS PENAL LAW
24771	BROOKLYN 121 - CRIMINAL MISCHIEF & RELATED OF
24130	MANHATTAN 359 - OFFENSES AGAINST PUBLIC ADMINI
23648	BROOKLYN 359 - OFFENSES AGAINST PUBLIC ADMINI
23156	STATEN ISLAND 344 - ASSAULT 3 & RELATED OFFENSES
22807	BROOKLYN 347 - INTOXICATED & IMPAIRED DRIVING
22750	BRONX 352 - CRIMINAL TRESPASS
22634	MANHATTAN 352 - CRIMINAL TRESPASS
22056	BRONX 110 - GRAND LARCENY OF MOTOR VEHICLE
21540	QUEENS 121 - CRIMINAL MISCHIEF & RELATED OF
21527	BRONX 117 - DANGEROUS DRUGS
19276	STATEN ISLAND 361 - OFF. AGNST PUB ORD SENSBLTY &
18921	MANHATTAN 126 - MISCELLANEOUS PENAL LAW
17944	BRONX 126 - MISCELLANEOUS PENAL LAW
17594	BROOKLYN 236 - DANGEROUS WEAPONS
17135	BROOKLYN 118 - DANGEROUS WEAPONS
16737	QUEENS 347 - INTOXICATED & IMPAIRED DRIVING
16568	MANHATTAN 347 - INTOXICATED & IMPAIRED DRIVING
15567	MANHATTAN 112 - THEFT-FRAUD
15552	BROOKLYN 117 - DANGEROUS DRUGS
15417	MANHATTAN 113 - FORGERY
15394	MANHATTAN 117 - DANGEROUS DRUGS
15379	QUEENS 359 - OFFENSES AGAINST PUBLIC ADMINI
15339	BROOKLYN 348 - VEHICLE AND TRAFFIC LAWS
15138	QUEENS 348 - VEHICLE AND TRAFFIC LAWS
15115	BROOKLYN 112 - THEFT-FRAUD
14484	BRONX 348 - VEHICLE AND TRAFFIC LAWS
13989	BROOKLYN 233 - SEX CRIMES
13971	MANHATTAN 236 - DANGEROUS WEAPONS
13757	QUEENS 236 - DANGEROUS WEAPONS
13389	QUEENS 235 - DANGEROUS DRUGS
13156	BROOKLYN 113 - FORGERY
12671	MANHATTAN 121 - CRIMINAL MISCHIEF & RELATED OF
12630	MANHATTAN 348 - VEHICLE AND TRAFFIC LAWS
11678	BRONX 347 - INTOXICATED & IMPAIRED DRIVING
11512	BRONX 118 - DANGEROUS WEAPONS
11250	STATEN ISLAND 109 - GRAND LARCENY
11003	QUEENS 113 - FORGERY
10806	QUEENS 112 - THEFT-FRAUD
10769	MANHATTAN 358 - OFFENSES INVOLVING FRAUD
10529	BROOKLYN 352 - CRIMINAL TRESPASS
10516	MANHATTAN 110 - GRAND LARCENY OF MOTOR VEHICLE
10309	MANHATTAN 118 - DANGEROUS WEAPONS
10300	MANHATTAN 233 - SEX CRIMES
9911	QUEENS 118 - DANGEROUS WEAPONS
9864	QUEENS 233 - SEX CRIMES
9174	QUEENS 352 - CRIMINAL TRESPASS
9108	MANHATTAN 340 - FRAUDS
9058	BRONX 112 - THEFT-FRAUD
8985	STATEN ISLAND 235 - DANGEROUS DRUGS
8630	BROOKLYN 340 - FRAUDS
8518	BRONX 121 - CRIMINAL MISCHIEF & RELATED OF
8196	BRONX 113 - FORGERY
7836	BRONX 233 - SEX CRIMES
7785	QUEENS 117 - DANGEROUS DRUGS
6933	STATEN ISLAND 359 - OFFENSES AGAINST PUBLIC ADMINI
6927	STATEN ISLAND 107 - BURGLARY
5899	STATEN ISLAND 347 - INTOXICATED & IMPAIRED DRIVING
5861	BROOKLYN 232 - POSSESSION OF STOLEN PROPERTY
5843	MANHATTAN 232 - POSSESSION OF STOLEN PROPERTY
5511	QUEENS 340 - FRAUDS
5506	STATEN ISLAND 106 - FELONY ASSAULT
5316	BRONX 340 - FRAUDS
4858	BROOKLYN 114 - ARSON
4784	STATEN ISLAND 121 - CRIMINAL MISCHIEF & RELATED OF
4442	STATEN ISLAND 105 - ROBBERY
4403	QUEENS 353 - UNAUTHORIZED USE OF A VEHICLE
4174	BROOKLYN 353 - UNAUTHORIZED USE OF A VEHICLE
4152	STATEN ISLAND 126 - MISCELLANEOUS PENAL LAW
3904	BRONX 232 - POSSESSION OF STOLEN PROPERTY
3851	BROOKLYN 104 - RAPE
3826	QUEENS 232 - POSSESSION OF STOLEN PROPERTY
3812	BRONX 114 - ARSON
3704	BROOKLYN 365 - ADMINISTRATIVE CODE
3669	STATEN ISLAND 110 - GRAND LARCENY OF MOTOR VEHICLE
3493	BRONX 355 - OFFENSES AGAINST THE PERSON
3359	STATEN ISLAND 112 - THEFT-FRAUD
3352	BRONX 358 - OFFENSES INVOLVING FRAUD
3252	BROOKLYN 355 - OFFENSES AGAINST THE PERSON
3227	BROOKLYN 116 - SEX CRIMES
3001	MANHATTAN 355 - OFFENSES AGAINST THE PERSON
2974	QUEENS 104 - RAPE
2946	MANHATTAN 111 - POSSESSION OF STOLEN PROPERTY
2875	BRONX 364 - OTHER STATE LAWS (NON PENAL LA
2853	BRONX 104 - RAPE
2804	MANHATTAN 104 - RAPE
2797	MANHATTAN 343 - OTHER OFFENSES RELATED TO THEF
2773	STATEN ISLAND 236 - DANGEROUS WEAPONS
2734	QUEENS 365 - ADMINISTRATIVE CODE
2697	MANHATTAN 678 - MISCELLANEOUS PENAL LAW
2674	BROOKLYN 111 - POSSESSION OF STOLEN PROPERTY
2598	BROOKLYN 343 - OTHER OFFENSES RELATED TO THEF
2582	STATEN ISLAND 340 - FRAUDS
2540	BROOKLYN 678 - MISCELLANEOUS PENAL LAW
2438	MANHATTAN 116 - SEX CRIMES
2366	STATEN ISLAND 117 - DANGEROUS DRUGS
2363	QUEENS 114 - ARSON
2222	BRONX 353 - UNAUTHORIZED USE OF A VEHICLE
2219	MANHATTAN 238 - FRAUDULENT ACCOSTING
2087	MANHATTAN 343 - THEFT OF SERVICES
2077	QUEENS 355 - OFFENSES AGAINST THE PERSON
2075	MANHATTAN 114 - ARSON
2025	BROOKLYN 358 - OFFENSES INVOLVING FRAUD
1995	QUEENS 343 - OTHER OFFENSES RELATED TO THEF
1990	BRONX 116 - SEX CRIMES
1953	BRONX 365 - ADMINISTRATIVE CODE
1859	BRONX 343 - OTHER OFFENSES RELATED TO THEF
1787	BROOKLYN 101 - MURDER & NON-NEGL. MANSLAUGHTER
1776	QUEENS 111 - POSSESSION OF STOLEN PROPERTY
1758	QUEENS 116 - SEX CRIMES
1720	MANHATTAN 353 - UNAUTHORIZED USE OF A VEHICLE
1669	STATEN ISLAND 118 - DANGEROUS WEAPONS
1631	BRONX 678 - MISCELLANEOUS PENAL LAW
1505	STATEN ISLAND 348 - VEHICLE AND TRAFFIC LAWS
1494	BRONX 111 - POSSESSION OF STOLEN PROPERTY
1474	MANHATTAN 364 - OTHER STATE LAWS (NON PENAL LA
1412	STATEN ISLAND 352 - CRIMINAL TRESPASS
1362	STATEN ISLAND 233 - SEX CRIMES
1290	BROOKLYN 125 - NYS LAWS-UNCLASSIFIED FELONY
1283	QUEENS 358 - OFFENSES INVOLVING FRAUD
1237	STATEN ISLAND 353 - UNAUTHORIZED USE OF A VEHICLE
1201	STATEN ISLAND 113 - FORGERY
1151	BRONX 101 - MURDER & NON-NEGL. MANSLAUGHTER
1120	QUEENS 678 - MISCELLANEOUS PENAL LAW
1051	MANHATTAN 365 - ADMINISTRATIVE CODE
1044	BRONX 125 - NYS LAWS-UNCLASSIFIED FELONY
913	STATEN ISLAND 232 - POSSESSION OF STOLEN PROPERTY
890	MANHATTAN 231 - BURGLAR'S TOOLS
822	BROOKLYN 124 - KIDNAPPING & RELATED OFFENSES
806	STATEN ISLAND 114 - ARSON
771	QUEENS 101 - MURDER & NON-NEGL. MANSLAUGHTER
756	BROOKLYN 231 - BURGLAR'S TOOLS
727	BROOKLYN 364 - OTHER STATE LAWS (NON PENAL LA
721	MANHATTAN 350 - GAMBLING
715	MANHATTAN 125 - NYS LAWS-UNCLASSIFIED FELONY
627	QUEENS 345 - OFFENSES RELATED TO CHILDREN
588	MANHATTAN 101 - MURDER & NON-NEGL. MANSLAUGHTER
587	BRONX 350 - GAMBLING
582	MANHATTAN 675 - ADMINISTRATIVE CODE
569	BRONX 124 - KIDNAPPING & RELATED OFFENSES
525	QUEENS 231 - BURGLAR'S TOOLS
501	STATEN ISLAND 104 - RAPE
501	STATEN ISLAND 355 - OFFENSES AGAINST THE PERSON
485	BROOKLYN 350 - GAMBLING
479	QUEENS 125 - NYS LAWS-UNCLASSIFIED FELONY
474	STATEN ISLAND 365 - ADMINISTRATIVE CODE
441	STATEN ISLAND 116 - SEX CRIMES
439	BRONX 343 - THEFT OF SERVICES
423	QUEENS 124 - KIDNAPPING & RELATED OFFENSES
406	MANHATTAN 124 - KIDNAPPING & RELATED OFFENSES
403	STATEN ISLAND 343 - OTHER OFFENSES RELATED TO THEF
347	BRONX 346 - ALCOHOLIC BEVERAGE CONTROL LAW
326	BROOKLYN 342 - PETIT LARCENY OF MOTOR VEHICLE
308	BROOKLYN 675 - ADMINISTRATIVE CODE
300	BRONX 356 - PROSTITUTION & RELATED OFFENSES
299	BRONX 345 - OFFENSES RELATED TO CHILDREN
298	QUEENS 364 - OTHER STATE LAWS (NON PENAL LA
292	BROOKLYN 345 - OFFENSES RELATED TO CHILDREN
284	BROOKLYN 572 - DISORDERLY CONDUCT
283	QUEENS 675 - ADMINISTRATIVE CODE
271	STATEN ISLAND 358 - OFFENSES INVOLVING FRAUD
254	STATEN ISLAND 678 - MISCELLANEOUS PENAL LAW
240	BRONX 231 - BURGLAR'S TOOLS
234	BRONX 363 - OFFENSES AGAINST PUBLIC SAFETY
231	MANHATTAN 572 - DISORDERLY CONDUCT
224	BRONX 572 - DISORDERLY CONDUCT
223	STATEN ISLAND 125 - NYS LAWS-UNCLASSIFIED FELONY
220	BRONX 675 - ADMINISTRATIVE CODE
216	QUEENS 342 - PETIT LARCENY OF MOTOR VEHICLE
205	MANHATTAN 363 - OFFENSES AGAINST PUBLIC SAFETY
202	MANHATTAN 342 - PETIT LARCENY OF MOTOR VEHICLE
200	MANHATTAN 230 - JOSTLING
190	STATEN ISLAND 111 - POSSESSION OF STOLEN PROPERTY
164	BROOKLYN 363 - OFFENSES AGAINST PUBLIC SAFETY
157	BROOKLYN 343 - THEFT OF SERVICES
157	MANHATTAN 346 - ALCOHOLIC BEVERAGE CONTROL LAW
146	STATEN ISLAND 101 - MURDER & NON-NEGL. MANSLAUGHTER
146	BROOKLYN 238 - FRAUDULENT ACCOSTING
136	BRONX 238 - FRAUDULENT ACCOSTING
133	BROOKLYN 356 - PROSTITUTION & RELATED OFFENSES
132	QUEENS 238 - FRAUDULENT ACCOSTING
127	BRONX 342 - PETIT LARCENY OF MOTOR VEHICLE
121	BROOKLYN 346 - ALCOHOLIC BEVERAGE CONTROL LAW
115	STATEN ISLAND 364 - OTHER STATE LAWS (NON PENAL LA
114	BRONX 120 - CHILD ABANDONMENT/NON SUPPORT
113	QUEENS 363 - OFFENSES AGAINST PUBLIC SAFETY
110	MANHATTAN 356 - PROSTITUTION & RELATED OFFENSES
109	BROOKLYN 120 - CHILD ABANDONMENT/NON SUPPORT
101	BROOKLYN 571 - LOITERING/GAMBLING (CARDS, DIC
100	QUEENS 346 - ALCOHOLIC BEVERAGE CONTROL LAW
98	QUEENS 350 - GAMBLING
97	MANHATTAN 345 - OFFENSES RELATED TO CHILDREN
95	QUEENS 343 - THEFT OF SERVICES
93	STATEN ISLAND 363 - OFFENSES AGAINST PUBLIC SAFETY
87	MANHATTAN 677 - OTHER STATE LAWS
76	MANHATTAN 571 - LOITERING/GAMBLING (CARDS, DIC
70	STATEN ISLAND 124 - KIDNAPPING & RELATED OFFENSES
69	QUEENS 120 - CHILD ABANDONMENT/NON SUPPORT
67	QUEENS 572 - DISORDERLY CONDUCT
65	STATEN ISLAND 231 - BURGLAR'S TOOLS
65	MANHATTAN 120 - CHILD ABANDONMENT/NON SUPPORT
61	QUEENS 356 - PROSTITUTION & RELATED OFFENSES
58	QUEENS 677 - OTHER STATE LAWS
55	BROOKLYN 677 - OTHER STATE LAWS
51	STATEN ISLAND 675 - ADMINISTRATIVE CODE
51	BRONX 237 - ESCAPE 3
47	BROOKLYN 230 - JOSTLING
46	BROOKLYN 237 - ESCAPE 3
44	BROOKLYN 122 - GAMBLING
41	BROOKLYN 345 - ENDAN WELFARE INCOMP
40	BROOKLYN 234 - PROSTITUTION & RELATED OFFENSES
40	BROOKLYN 115 - PROSTITUTION & RELATED OFFENSES
39	MANHATTAN 237 - ESCAPE 3
36	MANHATTAN 122 - GAMBLING
34	QUEENS 345 - ENDAN WELFARE INCOMP
33	BRONX 122 - GAMBLING
31	QUEENS 230 - JOSTLING
31	MANHATTAN 234 - PROSTITUTION & RELATED OFFENSES
31	BROOKLYN 354 - ANTICIPATORY OFFENSES
30	MANHATTAN 115 - PROSTITUTION & RELATED OFFENSES
29	STATEN ISLAND 342 - PETIT LARCENY OF MOTOR VEHICLE
29	BRONX 364 - AGRICULTURE & MRKTS LAW-UNCLASSIFIED
29	MANHATTAN 354 - ANTICIPATORY OFFENSES
27	BROOKLYN 102 - HOMICIDE-NEGLIGENT-VEHICLE
27	STATEN ISLAND 345 - OFFENSES RELATED TO CHILDREN
26	QUEENS 102 - HOMICIDE-NEGLIGENT-VEHICLE
25	QUEENS 115 - PROSTITUTION & RELATED OFFENSES
25	BRONX 115 - PROSTITUTION & RELATED OFFENSES
25	QUEENS 237 - ESCAPE 3
25	STATEN ISLAND 346 - ALCOHOLIC BEVERAGE CONTROL LAW
24	MANHATTAN 366 - NEW YORK CITY HEALTH CODE
22	STATEN ISLAND 572 - DISORDERLY CONDUCT
22	MANHATTAN 345 - ENDAN WELFARE INCOMP
22	QUEENS 119 - INTOXICATED/IMPAIRED DRIVING
22	BRONX 234 - PROSTITUTION & RELATED OFFENSES
21	BRONX 230 - JOSTLING
21	BRONX 677 - OTHER STATE LAWS
21	BRONX 345 - ENDAN WELFARE INCOMP
20	BROOKLYN 349 - DISRUPTION OF A RELIGIOUS SERV
20	BRONX 354 - ANTICIPATORY OFFENSES
19	BROOKLYN 364 - AGRICULTURE & MRKTS LAW-UNCLASSIFIED
17	QUEENS 234 - PROSTITUTION & RELATED OFFENSES
17	MANHATTAN 676 - NEW YORK CITY HEALTH CODE
16	QUEENS 571 - LOITERING/GAMBLING (CARDS, DIC
16	BRONX 455 - UNLAWFUL POSS. WEAP. ON SCHOOL
16	MANHATTAN 102 - HOMICIDE-NEGLIGENT-VEHICLE
16	MANHATTAN 364 - AGRICULTURE & MRKTS LAW-UNCLASSIFIED
15	QUEENS 455 - UNLAWFUL POSS. WEAP. ON SCHOOL
14	BRONX 102 - HOMICIDE-NEGLIGENT-VEHICLE
14	BRONX 360 - LOITERING FOR DRUG PURPOSES
14	MANHATTAN 455 - UNLAWFUL POSS. WEAP. ON SCHOOL
13	BROOKLYN 119 - INTOXICATED/IMPAIRED DRIVING
13	QUEENS 364 - AGRICULTURE & MRKTS LAW-UNCLASSIFIED
13	BROOKLYN 455 - UNLAWFUL POSS. WEAP. ON SCHOOL
12	BROOKLYN 103 - HOMICIDE-NEGLIGENT,UNCLASSIFIE
12	BRONX 571 - LOITERING/GAMBLING (CARDS, DIC
12	QUEENS 354 - ANTICIPATORY OFFENSES
12	QUEENS 349 - DISRUPTION OF A RELIGIOUS SERV
12	QUEENS 460 - LOITERING/DEVIATE SEX
11	STATEN ISLAND 677 - OTHER STATE LAWS
11	MANHATTAN 349 - DISRUPTION OF A RELIGIOUS SERV
10	QUEENS 685 - ADMINISTRATIVE CODES
10	STATEN ISLAND 238 - FRAUDULENT ACCOSTING
10	STATEN ISLAND 102 - HOMICIDE-NEGLIGENT-VEHICLE
10	STATEN ISLAND 350 - GAMBLING
9	QUEENS 122 - GAMBLING
9	BRONX 119 - INTOXICATED/IMPAIRED DRIVING
8	MANHATTAN 357 - FORTUNE TELLING
8	BROOKLYN 366 - NEW YORK CITY HEALTH CODE
8	STATEN ISLAND 120 - CHILD ABANDONMENT/NON SUPPORT
7	BRONX 120 - ENDAN WELFARE INCOMP
7	BRONX 103 - HOMICIDE-NEGLIGENT,UNCLASSIFIE
7	BROOKLYN 676 - NEW YORK CITY HEALTH CODE
7	MANHATTAN 103 - HOMICIDE-NEGLIGENT,UNCLASSIFIE
7	QUEENS 672 - LOITERING
7	QUEENS 881 - OTHER TRAFFIC INFRACTION
6	BROOKLYN 120 - ENDAN WELFARE INCOMP
6	QUEENS 366 - NEW YORK CITY HEALTH CODE
6	STATEN ISLAND 364 - AGRICULTURE & MRKTS LAW-UNCLASSIFIED
6	BRONX 366 - NEW YORK CITY HEALTH CODE
6	STATEN ISLAND 237 - ESCAPE 3
6	QUEENS 120 - ENDAN WELFARE INCOMP
6	MANHATTAN 672 - LOITERING
5	QUEENS 103 - HOMICIDE-NEGLIGENT,UNCLASSIFIE
5	BROOKLYN 672 - LOITERING
5	QUEENS 676 - NEW YORK CITY HEALTH CODE
5	BROOKLYN 881 - OTHER TRAFFIC INFRACTION
5	MANHATTAN 360 - LOITERING FOR DRUG PURPOSES
5	STATEN ISLAND 356 - PROSTITUTION & RELATED OFFENSES
4	BRONX 349 - DISRUPTION OF A RELIGIOUS SERV
4	BROOKLYN 685 - ADMINISTRATIVE CODES
4	MANHATTAN 119 - INTOXICATED/IMPAIRED DRIVING
3	STATEN ISLAND 345 - ENDAN WELFARE INCOMP
3	BRONX 364 - OTHER STATE LAWS (NON PENAL LAW)
3	BRONX 460 - LOITERING/DEVIATE SEX
3	QUEENS 123 - ABORTION
3	BROOKLYN 360 - LOITERING FOR DRUG PURPOSES
3	MANHATTAN 120 - ENDAN WELFARE INCOMP
3	MANHATTAN 685 - ADMINISTRATIVE CODES
3	STATEN ISLAND 354 - ANTICIPATORY OFFENSES
2	MANHATTAN 124 - KIDNAPPING AND RELATED OFFENSES
2	BRONX 677 - NYS LAWS-UNCLASSIFIED VIOLATION
2	MANHATTAN 677 - NYS LAWS-UNCLASSIFIED VIOLATION
2	QUEENS 357 - FORTUNE TELLING
2	STATEN ISLAND 103 - HOMICIDE-NEGLIGENT,UNCLASSIFIE
2	MANHATTAN 362 - OFFENSES AGAINST MARRIAGE UNCL
2	BRONX 672 - LOITERING
2	STATEN ISLAND 571 - LOITERING/GAMBLING (CARDS, DIC
1	QUEENS 360 - LOITERING FOR DRUG PURPOSES
1	BROOKLYN 124 - KIDNAPPING
1	QUEENS 124 - KIDNAPPING
1	BRONX 362 - OFFENSES AGAINST MARRIAGE UNCL
1	STATEN ISLAND 577 - UNDER THE INFLUENCE OF DRUGS
1	BROOKLYN 677 - NYS LAWS-UNCLASSIFIED VIOLATION
1	MANHATTAN 577 - UNDER THE INFLUENCE OF DRUGS
1	STATEN ISLAND 676 - NEW YORK CITY HEALTH CODE
1	STATEN ISLAND 115 - PROSTITUTION & RELATED OFFENSES
1	STATEN ISLAND 234 - PROSTITUTION & RELATED OFFENSES
1	MANHATTAN 460 - LOITERING/DEVIATE SEX
1	BRONX 881 - OTHER TRAFFIC INFRACTION
1	QUEENS 577 - UNDER THE INFLUENCE OF DRUGS
1	QUEENS 677 - NYS LAWS-UNCLASSIFIED VIOLATION
1	BRONX 685 - ADMINISTRATIVE CODES
1	BROOKLYN 364 - OTHER STATE LAWS (NON PENAL LAW)
1	BRONX 357 - FORTUNE TELLING
1	STATEN ISLAND 123 - ABORTION
1	BRONX 676 - NEW YORK CITY HEALTH CODE
1	STATEN ISLAND 455 - UNLAWFUL POSS. WEAP. ON SCHOOL
