164603	BROOKLYN - 75
136879	BRONX - 43
126832	BRONX - 44
118154	MANHATTAN - 14
118103	BRONX - 40
110385	BRONX - 46
108914	STATEN ISLAND - 120
106478	BRONX - 52
106441	BROOKLYN - 73
94008	BROOKLYN - 67
91049	QUEENS - 114
89861	BRONX - 47
87255	QUEENS - 113
82188	STATEN ISLAND - 122
81559	BRONX - 48
81160	BROOKLYN - 79
81027	BROOKLYN - 70
80811	QUEENS - 115
79886	QUEENS - 103
79635	QUEENS - 109
78538	MANHATTAN - 18
77944	BRONX - 42
76318	BROOKLYN - 77
74636	QUEENS - 104
73864	MANHATTAN - 13
73430	QUEENS - 105
71587	BROOKLYN - 71
70043	MANHATTAN - 32
69513	BRONX - 41
68567	BROOKLYN - 83
68042	QUEENS - 110
67986	BRONX - 49
66982	MANHATTAN - 25
66197	MANHATTAN - 23
65391	MANHATTAN - 19
65324	BROOKLYN - 90
64758	BROOKLYN - 81
64742	QUEENS - 102
64529	BROOKLYN - 60
64215	BROOKLYN - 61
63856	BRONX - 45
61780	MANHATTAN - 9
61386	BROOKLYN - 62
61007	QUEENS - 106
60881	MANHATTAN - 1
54532	BROOKLYN - 72
54255	MANHATTAN - 6
53851	BROOKLYN - 63
53650	QUEENS - 108
53396	MANHATTAN - 34
53324	QUEENS - 107
52685	MANHATTAN - 28
51070	BROOKLYN - 84
50967	BROOKLYN - 68
50171	MANHATTAN - 24
49834	BROOKLYN - 69
49301	MANHATTAN - 30
49209	BROOKLYN - 66
46199	BRONX - 50
45947	BROOKLYN - 88
44801	MANHATTAN - 33
44587	MANHATTAN - 5
43154	MANHATTAN - 10
40876	QUEENS - 101
40642	MANHATTAN - 20
40600	MANHATTAN - 7
36169	QUEENS - 112
34462	BROOKLYN - 78
33995	MANHATTAN - 26
33780	STATEN ISLAND - 123
33313	BROOKLYN - 94
32842	QUEENS - 111
32379	MANHATTAN - 17
28739	BROOKLYN - 76
25673	QUEENS - 100
17336	STATEN ISLAND - 121
4008	MANHATTAN - 22
3	BRONX - 23
2	BRONX - 114
1	BROOKLYN - 26
1	BROOKLYN - 9
1	BROOKLYN - 7
1	BRONX - 71
1	MANHATTAN - 104
1	BROOKLYN - 104
1	BROOKLYN - 13
1	BRONX - 25
1	BROOKLYN - 14
1	BROOKLYN - 121
1	BROOKLYN - 106
