334	341 - PETIT LARCENY
266	578 - HARRASSMENT 2
227	344 - ASSAULT 3 & RELATED OFFENSES
186	109 - GRAND LARCENY
154	351 - CRIMINAL MISCHIEF & RELATED OF
98	361 - OFF. AGNST PUB ORD SENSBLTY &
93	105 - ROBBERY
92	106 - FELONY ASSAULT
70	107 - BURGLARY
61	235 - DANGEROUS DRUGS
58	126 - MISCELLANEOUS PENAL LAW
43	359 - OFFENSES AGAINST PUBLIC ADMINI
35	121 - CRIMINAL MISCHIEF & RELATED OF
32	348 - VEHICLE AND TRAFFIC LAWS
29	118 - DANGEROUS WEAPONS
28	110 - GRAND LARCENY OF MOTOR VEHICLE
27	347 - INTOXICATED & IMPAIRED DRIVING
24	113 - FORGERY
21	233 - SEX CRIMES
21	117 - DANGEROUS DRUGS
14	352 - CRIMINAL TRESPASS
11	112 - THEFT-FRAUD
10	236 - DANGEROUS WEAPONS
10	340 - FRAUDS
8	343 - OTHER OFFENSES RELATED TO THEF
5	353 - UNAUTHORIZED USE OF A VEHICLE
5	355 - OFFENSES AGAINST THE PERSON
5	104 - RAPE
4	114 - ARSON
3	365 - ADMINISTRATIVE CODE
3	101 - MURDER & NON-NEGL. MANSLAUGHTER
3	358 - OFFENSES INVOLVING FRAUD
3	678 - MISCELLANEOUS PENAL LAW
3	238 - FRAUDULENT ACCOSTING
2	116 - SEX CRIMES
2	120 - CHILD ABANDONMENT/NON SUPPORT
2	232 - POSSESSION OF STOLEN PROPERTY
2	364 - OTHER STATE LAWS (NON PENAL LA
1	364 - 
1	125 - NYS LAWS-UNCLASSIFIED FELONY
1	350 - GAMBLING
1	572 - DISORDERLY CONDUCT
1	111 - POSSESSION OF STOLEN PROPERTY
