10150916	1
10150926	1
10151017	1
10151027	1
10151125	1
10151204	2
19000310	1
19000508	1
19000806	1
19000807	1
19001126	1
19050715	1
19051020	1
19061120	1
19080202	1
19081109	1
19081130	1
19091109	1
19091202	1
19091220	1
19100107	1
19100123	1
19100401	1
19100422	1
19100901	1
19100920	1
19100927	1
19101112	1
19101116	1
19110206	1
19110506	1
19110627	1
19110717	1
19110720	1
19110822	1
19111001	1
19120120	2
19120229	1
19120320	1
19120329	1
19120412	1
19120509	1
19120713	1
19121219	1
19130110	1
19130223	1
19130417	1
19130802	1
19130901	1
19130902	1
19131023	1
19131123	1
19131228	1
19140120	1
19140222	1
19140419	1
19140422	1
19140601	1
19140626	1
19140824	1
19140829	1
19140927	1
19141206	1
19150129	1
19150804	2
19150807	1
19150820	1
19150920	1
19150923	1
19190304	1
19200202	1
19200220	1
19200421	1
19200502	1
19200520	1
19200923	1
19221128	1
19291009	1
19300617	1
19380501	1
19400906	1
19410312	1
19410512	1
19420309	1
19420724	1
19450227	1
19451023	1
19461008	1
19480101	1
19500405	1
19500626	1
19500812	1
19540105	1
19541212	1
19550310	1
19550619	1
19551119	1
19561203	1
19581231	1
19590312	1
19590521	1
19600112	1
19600203	1
19600629	1
19600704	1
19601021	1
19601103	1
19601119	1
19601124	1
19611008	1
19620112	1
19621014	1
19621203	1
19640101	1
19650120	1
19650516	1
19651128	1
19651218	1
19651220	1
19660109	1
19660120	2
19660126	1
19660201	1
19660223	1
19660309	1
19660330	2
19660401	1
19660402	1
19660412	2
19660503	1
19660504	1
19660616	1
19660630	1
19660819	1
19660905	1
19660919	1
19661006	1
19661010	1
19661120	1
19661216	1
19661220	1
19661229	1
19670110	1
19670205	1
19670328	1
19670330	1
19670414	1
19670419	1
19670511	1
19670531	1
19670725	1
19670914	1
19671010	1
19671031	1
19671223	1
19680111	1
19680115	1
19680219	1
19680224	1
19680303	1
19680422	1
19680921	1
19680928	1
19681130	1
19681214	1
19690125	1
19690306	1
19690920	1
19691001	1
19691129	1
19691206	1
19700101	1
19700103	1
19700201	1
19700806	1
19701009	1
19701030	1
19710101	1
19710316	1
19710801	1
19720101	1
19720212	1
19720718	1
19720721	1
19720817	1
19730101	1
19730322	1
19730406	1
19730612	1
19730728	1
19730825	1
19731113	1
19740101	3
19740121	1
19740615	1
19740802	1
19740905	1
19741010	1
19741020	1
19750101	1
19750407	1
19750501	1
19750725	1
19751004	1
19751010	1
19751022	1
19751024	1
19760101	1
19760306	1
19760821	1
19770101	1
19770310	1
19770501	1
19770901	1
19771005	1
19771025	2
19771128	1
19780101	2
19780201	1
19780614	1
19780722	1
19790301	1
19790529	1
19790613	1
19790703	1
19790801	1
19790917	1
19790920	1
19791208	1
19791223	1
19800123	1
19800130	1
19800201	1
19800322	1
19800326	1
19800430	1
19800612	1
19800709	1
19800804	1
19800813	1
19800818	1
19801027	1
19801230	1
19810112	1
19810730	1
19810731	1
19810830	1
19810831	1
19810901	1
19811022	1
19811031	1
19820614	1
19820805	1
19820829	1
19820921	1
19821001	1
19821127	1
19821129	1
19830218	1
19830421	1
19831101	1
19840101	1
19840103	1
19840105	1
19840401	1
19840713	1
19840724	1
19841104	1
19850101	1
19850207	1
19850320	1
19850330	1
19850331	1
19850401	1
19850502	1
19850530	1
19850701	1
19850707	1
19850730	1
19850801	2
19850904	1
19850915	1
19851001	1
19851103	1
19851208	1
19860101	3
19860125	1
19860201	2
19860207	1
19860209	1
19860218	1
19860302	1
19860312	1
19860410	1
19860530	1
19860601	2
19860630	1
19860727	1
19860819	1
19860910	1
19860913	2
19860917	1
19861023	1
19861030	2
19861201	1
19861215	1
19870116	1
19870415	1
19870419	1
19870521	1
19870601	1
19870602	1
19870610	1
19870801	1
19870902	1
19870930	1
19871013	1
19871130	1
19880101	4
19880110	2
19880408	1
19880503	1
19880509	1
19880530	1
19880620	1
19880630	1
19880712	1
19881128	1
19881201	1
19881215	1
19890101	6
19890221	1
19890301	1
19890325	1
19890420	1
19890421	1
19890622	1
19890715	1
19890811	1
19890820	1
19890928	1
19891001	2
19891015	1
19891021	1
19891120	1
19891201	2
19900101	8
19900102	1
19900109	1
19900130	3
19900201	2
19900301	1
19900319	1
19900401	1
19900402	1
19900511	1
19900519	1
19900604	1
19900702	1
19900909	1
19900911	2
19901001	2
19901010	1
19901012	1
19901113	1
19901116	1
19901119	1
19901214	1
19910101	9
19910103	1
19910129	1
19910131	1
19910201	2
19910323	1
19910401	1
19910629	1
19910715	1
19910718	1
19910801	1
19910808	1
19910819	1
19911001	2
19911116	1
19911117	1
19911120	1
19920101	15
19920115	1
19920116	1
19920131	2
19920201	1
19920202	1
19920215	1
19920310	1
19920404	1
19920504	1
19920521	1
19920601	1
19920605	1
19920701	1
19920715	1
19920721	1
19920801	1
19920810	1
19920901	1
19920915	1
19920922	1
19921023	1
19921101	2
19921110	1
19921214	1
19921223	1
19921229	1
19921231	1
19930101	15
19930111	1
19930301	1
19930302	1
19930324	1
19930402	1
19930420	1
19930424	1
19930501	2
19930526	1
19930601	3
19930611	1
19930701	2
19930713	1
19930730	1
19930829	1
19930901	1
19930904	1
19931015	1
19931101	1
19931201	1
19931210	1
19931225	1
19931231	1
19940101	23
19940103	1
19940109	1
19940118	2
19940129	1
19940201	1
19940301	2
19940401	2
19940506	1
19940529	1
19940601	2
19940622	1
19940701	2
19940705	1
19940708	1
19940710	1
19940801	1
19940808	3
19940821	1
19940829	1
19940901	2
19941001	2
19941002	1
19941005	1
19941010	1
19941013	1
19941026	1
19941101	2
19941109	1
19941116	1
19941121	1
19950101	22
19950102	1
19950103	1
19950105	1
19950112	1
19950116	1
19950125	1
19950130	2
19950201	1
19950228	1
19950301	1
19950316	1
19950317	1
19950421	1
19950501	1
19950518	1
19950601	1
19950603	1
19950615	1
19950618	1
19950701	4
19950801	4
19950818	1
19950901	5
19950921	1
19951001	5
19951020	1
19951101	1
19951116	1
19951118	1
19951122	1
19951201	2
19951207	1
19951215	1
19951220	1
19951231	1
19960101	33
19960109	1
19960127	1
19960131	1
19960201	3
19960205	1
19960225	1
19960301	4
19960324	1
19960401	2
19960418	1
19960422	1
19960423	1
19960501	4
19960502	1
19960506	1
19960508	2
19960511	1
19960520	1
19960523	1
19960530	1
19960601	4
19960607	1
19960628	1
19960701	5
19960710	1
19960730	1
19960801	2
19960807	1
19960810	1
19960813	1
19960819	1
19960824	3
19960901	6
19960906	1
19960913	1
19960914	2
19960915	1
19960917	1
19960919	1
19961001	3
19961010	1
19961015	1
19961025	2
19961026	1
19961101	2
19961103	1
19961105	1
19961113	1
19961118	1
19961201	2
19961204	1
19961213	2
19961217	1
19961225	1
19961231	1
19970101	29
19970103	1
19970105	1
19970106	1
19970112	1
19970201	3
19970203	1
19970205	1
19970224	1
19970228	1
19970301	2
19970305	1
19970312	1
19970314	1
19970324	1
19970325	1
19970401	4
19970407	1
19970411	1
19970430	1
19970501	2
19970508	1
19970512	1
19970520	1
19970521	1
19970525	1
19970530	1
19970531	1
19970601	4
19970603	2
19970605	1
19970606	1
19970613	1
19970614	1
19970615	2
19970630	1
19970701	3
19970705	1
19970707	1
19970710	1
19970711	1
19970717	1
19970801	4
19970802	1
19970812	1
19970829	1
19970831	1
19970901	3
19970908	1
19970913	1
19970917	1
19970919	1
19970923	1
19970929	1
19970930	1
19971001	6
19971002	1
19971010	1
19971020	1
19971022	1
19971101	4
19971103	1
19971110	1
19971115	1
19971116	1
19971119	1
19971126	1
19971127	1
19971128	1
19971201	2
19971208	1
19971210	1
19971220	1
19971222	1
19971231	1
19980101	68
19980104	1
19980105	1
19980110	1
19980114	1
19980128	1
19980131	2
19980201	5
19980219	1
19980301	5
19980303	1
19980304	1
19980308	1
19980310	1
19980311	1
19980315	1
19980317	1
19980328	1
19980401	3
19980415	1
19980423	1
19980430	1
19980501	5
19980515	1
19980518	1
19980521	1
19980524	1
19980601	13
19980610	2
19980618	2
19980620	1
19980625	1
19980629	1
19980630	1
19980701	8
19980708	1
19980710	1
19980713	1
19980728	1
19980731	1
19980801	10
19980802	1
19980803	1
19980806	1
19980809	1
19980810	1
19980816	1
19980824	1
19980825	1
19980901	8
19980908	1
19980909	1
19980910	1
19980916	1
19981001	9
19981002	1
19981009	1
19981011	1
19981013	1
19981018	1
19981025	1
19981027	1
19981101	2
19981105	1
19981108	1
19981109	2
19981110	1
19981111	1
19981113	1
19981114	1
19981201	3
19981202	1
19981203	1
19981210	1
19981213	1
19981221	1
19981223	1
19981224	1
19981228	1
19981230	1
19981231	4
19990101	88
19990104	1
19990105	1
19990108	1
19990109	2
19990112	1
19990113	1
19990122	2
19990126	1
19990130	1
19990131	2
19990201	8
19990205	1
19990210	1
19990215	1
19990225	1
19990228	1
19990301	10
19990306	1
19990310	1
19990311	2
19990314	1
19990323	2
19990401	12
19990406	1
19990413	1
19990415	2
19990418	1
19990420	2
19990423	1
19990430	1
19990501	11
19990502	1
19990506	2
19990509	1
19990510	1
19990525	1
19990529	1
19990601	16
19990605	1
19990606	1
19990609	1
19990614	1
19990615	2
19990617	1
19990618	1
19990619	2
19990624	1
19990627	1
19990628	1
19990701	10
19990705	1
19990726	1
19990729	1
19990801	9
19990805	1
19990806	1
19990807	1
19990810	1
19990811	1
19990812	1
19990813	1
19990818	1
19990822	2
19990823	1
19990824	1
19990830	2
19990901	18
19990902	1
19990910	4
19990913	1
19990916	1
19990917	1
19990930	1
19991001	9
19991005	1
19991008	1
19991010	1
19991016	1
19991018	1
19991020	1
19991022	1
19991028	3
19991030	1
19991101	10
19991102	1
19991103	1
19991104	1
19991109	1
19991110	2
19991111	2
19991115	2
19991117	1
19991130	1
19991201	11
19991203	1
19991208	1
19991214	1
19991215	2
19991217	1
19991219	1
19991220	2
19991223	1
19991227	1
19991228	1
19991229	1
19991230	1
19991231	4
20000101	128
20000102	2
20000104	3
20000105	2
20000107	1
20000108	1
20000109	4
20000110	3
20000111	2
20000112	2
20000113	1
20000115	2
20000117	1
20000118	1
20000119	2
20000120	3
20000121	3
20000122	2
20000123	2
20000125	2
20000126	3
20000127	1
20000130	4
20000131	1
20000201	19
20000202	4
20000203	1
20000204	1
20000205	3
20000206	2
20000208	2
20000209	2
20000211	3
20000212	2
20000213	1
20000214	1
20000215	2
20000216	1
20000217	1
20000218	3
20000219	1
20000220	1
20000222	2
20000223	2
20000224	1
20000227	1
20000228	2
20000301	14
20000302	2
20000303	2
20000304	1
20000305	2
20000307	2
20000308	2
20000309	4
20000310	2
20000311	4
20000312	3
20000314	4
20000315	2
20000316	2
20000317	2
20000318	2
20000319	1
20000321	3
20000322	1
20000323	2
20000324	3
20000325	1
20000326	1
20000327	2
20000328	2
20000330	3
20000331	3
20000401	14
20000402	1
20000403	4
20000404	2
20000405	2
20000406	1
20000407	1
20000409	2
20000410	1
20000412	2
20000413	1
20000415	3
20000416	2
20000418	2
20000420	3
20000421	1
20000422	1
20000423	1
20000424	1
20000425	1
20000426	2
20000427	1
20000428	1
20000429	1
20000430	3
20000501	8
20000502	3
20000504	2
20000505	2
20000507	2
20000510	1
20000511	1
20000512	1
20000513	2
20000514	1
20000515	1
20000516	3
20000517	2
20000518	1
20000519	2
20000520	3
20000521	2
20000522	1
20000523	1
20000525	3
20000526	1
20000528	1
20000529	3
20000530	3
20000531	2
20000601	21
20000602	2
20000603	4
20000604	2
20000605	1
20000607	1
20000609	3
20000610	2
20000611	1
20000612	1
20000613	1
20000614	2
20000615	3
20000616	2
20000617	3
20000618	2
20000619	2
20000620	2
20000621	8
20000622	3
20000624	1
20000625	1
20000626	3
20000628	1
20000629	2
20000630	2
20000701	23
20000703	2
20000704	4
20000705	1
20000706	1
20000707	2
20000708	1
20000709	1
20000710	2
20000711	1
20000712	6
20000714	4
20000715	2
20000716	2
20000717	3
20000718	1
20000719	1
20000720	6
20000721	2
20000722	5
20000723	2
20000724	3
20000725	4
20000726	3
20000727	3
20000728	1
20000729	3
20000730	2
20000731	2
20000801	20
20000802	3
20000803	2
20000804	5
20000805	1
20000809	3
20000810	2
20000811	2
20000812	1
20000813	5
20000815	3
20000816	1
20000817	3
20000818	1
20000819	1
20000820	2
20000822	3
20000823	1
20000824	1
20000825	2
20000827	3
20000828	1
20000830	3
20000831	3
20000901	21
20000903	2
20000904	4
20000905	3
20000906	1
20000908	1
20000909	4
20000910	1
20000911	2
20000913	1
20000914	2
20000915	1
20000916	1
20000918	2
20000919	3
20000920	3
20000921	1
20000922	4
20000923	1
20000924	1
20000925	2
20000927	3
20000928	1
20000930	1
20001001	14
20001002	2
20001003	2
20001006	1
20001007	3
20001008	1
20001009	2
20001010	1
20001012	3
20001013	3
20001015	1
20001016	2
20001017	3
20001018	3
20001019	1
20001020	5
20001021	2
20001023	1
20001024	2
20001027	3
20001028	2
20001029	1
20001030	2
20001031	4
20001101	15
20001106	2
20001108	1
20001110	2
20001111	1
20001112	1
20001113	2
20001114	3
20001115	2
20001117	1
20001118	1
20001119	1
20001120	2
20001121	3
20001122	2
20001123	2
20001125	1
20001126	1
20001127	2
20001128	1
20001129	1
20001130	1
20001201	21
20001202	1
20001206	2
20001209	1
20001210	3
20001211	2
20001213	1
20001214	4
20001215	2
20001216	2
20001218	2
20001219	5
20001220	2
20001222	2
20001223	2
20001224	2
20001225	1
20001226	2
20001227	3
20001228	1
20001230	1
20001231	6
20010101	163
20010102	3
20010103	1
20010104	2
20010105	4
20010106	1
20010107	1
20010109	5
20010110	3
20010111	1
20010112	2
20010113	1
20010114	3
20010115	2
20010116	2
20010117	3
20010118	3
20010120	2
20010121	3
20010122	2
20010123	1
20010124	2
20010126	1
20010128	1
20010129	2
20010130	2
20010131	1
20010201	20
20010203	1
20010205	3
20010208	1
20010209	2
20010211	2
20010212	4
20010213	1
20010214	2
20010215	4
20010216	4
20010219	3
20010221	1
20010223	3
20010224	4
20010225	1
20010226	1
20010227	2
20010301	15
20010302	1
20010303	1
20010305	1
20010306	1
20010307	2
20010308	1
20010309	2
20010310	4
20010313	1
20010314	1
20010315	6
20010316	1
20010320	1
20010321	4
20010322	1
20010323	2
20010324	1
20010325	2
20010326	1
20010327	2
20010328	1
20010329	1
20010330	6
20010401	23
20010404	2
20010405	2
20010407	1
20010408	1
20010409	2
20010410	1
20010413	1
20010414	2
20010415	5
20010416	2
20010418	3
20010420	2
20010421	4
20010426	1
20010427	1
20010428	3
20010430	2
20010501	24
20010503	3
20010504	1
20010505	1
20010506	1
20010507	3
20010509	1
20010510	1
20010511	1
20010512	2
20010513	1
20010515	3
20010516	1
20010518	1
20010519	1
20010521	2
20010522	1
20010523	2
20010524	2
20010525	2
20010526	3
20010527	1
20010528	1
20010529	3
20010530	3
20010531	1
20010601	40
20010603	3
20010605	1
20010606	1
20010607	4
20010608	1
20010609	1
20010610	1
20010611	6
20010612	1
20010614	2
20010615	1
20010616	1
20010617	3
20010618	4
20010619	3
20010620	2
20010621	2
20010622	1
20010623	1
20010624	2
20010625	2
20010626	1
20010629	1
20010630	5
20010701	24
20010702	2
20010703	4
20010704	1
20010705	3
20010706	3
20010707	1
20010708	1
20010709	2
20010712	5
20010713	2
20010715	1
20010716	1
20010717	2
20010718	2
20010719	3
20010720	4
20010721	4
20010723	2
20010724	1
20010725	2
20010726	2
20010729	1
20010731	1
20010801	30
20010802	1
20010803	3
20010804	1
20010807	2
20010808	4
20010809	2
20010810	2
20010812	1
20010813	1
20010814	2
20010815	1
20010816	1
20010817	4
20010818	2
20010819	2
20010820	2
20010821	3
20010822	2
20010823	2
20010824	1
20010825	4
20010827	2
20010828	1
20010829	2
20010830	3
20010831	1
20010901	24
20010902	2
20010904	1
20010905	3
20010906	3
20010907	1
20010908	2
20010909	1
20010910	3
20010911	2
20010912	2
20010913	4
20010914	1
20010915	3
20010918	4
20010920	1
20010921	3
20010922	2
20010923	2
20010924	3
20010925	1
20010927	1
20010928	3
20011001	23
20011004	3
20011005	3
20011010	3
20011011	2
20011012	4
20011014	2
20011015	2
20011016	2
20011017	1
20011018	2
20011019	2
20011020	1
20011021	2
20011022	3
20011023	3
20011025	1
20011026	2
20011028	1
20011029	1
20011030	1
20011031	1
20011101	29
20011102	1
20011103	2
20011104	2
20011105	2
20011106	3
20011107	1
20011108	1
20011109	1
20011110	1
20011112	1
20011113	1
20011114	2
20011115	2
20011119	1
20011120	1
20011121	6
20011122	1
20011124	1
20011125	1
20011126	1
20011127	2
20011129	1
20011130	2
20011201	17
20011203	3
20011204	1
20011205	4
20011207	1
20011208	1
20011209	1
20011210	1
20011211	5
20011212	4
20011213	1
20011215	2
20011216	2
20011217	3
20011218	1
20011219	3
20011220	1
20011221	4
20011224	2
20011225	1
20011226	1
20011227	2
20011229	2
20011230	1
20011231	11
20020101	193
20020102	10
20020103	2
20020104	3
20020105	3
20020106	3
20020107	2
20020108	1
20020109	3
20020110	4
20020111	2
20020113	1
20020116	2
20020118	1
20020119	1
20020120	1
20020121	3
20020127	2
20020128	2
20020131	1
20020201	24
20020202	3
20020203	2
20020205	2
20020206	2
20020207	2
20020208	3
20020209	2
20020214	2
20020215	2
20020216	4
20020219	1
20020220	1
20020221	1
20020222	4
20020223	1
20020225	1
20020226	1
20020227	1
20020228	1
20020301	18
20020302	1
20020305	3
20020306	1
20020308	1
20020311	3
20020312	2
20020313	2
20020314	2
20020315	2
20020318	1
20020319	2
20020321	1
20020322	2
20020323	1
20020324	1
20020327	1
20020329	1
20020401	18
20020402	1
20020403	1
20020404	2
20020405	4
20020406	1
20020407	1
20020408	2
20020409	1
20020410	2
20020412	3
20020415	3
20020417	1
20020418	1
20020419	2
20020420	3
20020421	2
20020422	2
20020423	2
20020425	1
20020426	1
20020429	1
20020430	2
20020501	23
20020502	1
20020504	1
20020505	2
20020506	1
20020510	2
20020512	2
20020514	3
20020515	3
20020516	2
20020517	1
20020520	2
20020521	3
20020523	2
20020524	1
20020525	1
20020526	1
20020529	1
20020530	2
20020531	1
20020601	39
20020604	2
20020608	1
20020610	3
20020611	5
20020612	3
20020615	1
20020617	3
20020619	1
20020620	2
20020621	1
20020622	1
20020623	2
20020624	2
20020625	2
20020626	3
20020627	2
20020630	1
20020701	27
20020704	2
20020706	2
20020708	1
20020709	1
20020710	2
20020711	5
20020712	2
20020713	1
20020715	6
20020716	1
20020717	1
20020718	1
20020720	3
20020721	1
20020722	2
20020724	2
20020725	1
20020726	2
20020728	1
20020729	1
20020730	3
20020731	3
20020801	22
20020802	1
20020803	2
20020804	5
20020805	3
20020807	3
20020808	1
20020809	1
20020810	4
20020811	3
20020813	2
20020815	4
20020816	3
20020817	1
20020818	1
20020819	1
20020820	4
20020821	1
20020822	1
20020823	1
20020824	1
20020825	3
20020826	2
20020827	4
20020828	4
20020831	2
20020901	27
20020902	2
20020903	2
20020904	2
20020905	2
20020906	1
20020907	2
20020908	2
20020909	4
20020910	2
20020911	2
20020912	2
20020913	1
20020914	1
20020915	2
20020916	2
20020917	1
20020918	2
20020919	3
20020920	2
20020921	3
20020922	3
20020923	1
20020924	2
20020925	2
20020926	1
20020927	2
20020928	3
20020930	3
20021001	30
20021002	5
20021003	5
20021004	1
20021005	2
20021007	3
20021008	1
20021009	1
20021010	2
20021011	1
20021012	3
20021013	1
20021014	1
20021015	4
20021016	2
20021017	1
20021018	1
20021019	2
20021020	2
20021021	2
20021022	1
20021023	1
20021024	2
20021025	1
20021026	1
20021027	1
20021028	4
20021030	3
20021031	3
20021101	24
20021102	7
20021103	1
20021104	4
20021106	2
20021107	3
20021108	3
20021109	2
20021110	1
20021111	4
20021112	1
20021113	2
20021114	2
20021115	3
20021118	1
20021119	7
20021120	3
20021122	3
20021123	1
20021124	2
20021125	4
20021127	2
20021128	2
20021129	1
20021130	3
20021201	29
20021202	7
20021203	1
20021204	2
20021205	1
20021206	3
20021207	6
20021209	4
20021210	2
20021211	2
20021212	1
20021213	2
20021214	3
20021219	2
20021221	2
20021222	4
20021223	2
20021224	3
20021227	2
20021228	7
20021229	1
20021230	1
20021231	9
20030101	224
20030102	6
20030103	6
20030104	2
20030105	6
20030106	2
20030107	5
20030108	1
20030110	3
20030111	5
20030112	2
20030113	3
20030114	2
20030115	5
20030116	3
20030117	1
20030118	1
20030119	1
20030120	3
20030121	2
20030122	1
20030123	1
20030124	6
20030125	1
20030126	2
20030127	2
20030128	4
20030130	3
20030131	5
20030201	30
20030202	7
20030203	6
20030204	3
20030205	1
20030206	2
20030207	2
20030209	2
20030210	3
20030211	3
20030214	1
20030215	3
20030216	3
20030217	1
20030219	2
20030220	1
20030221	6
20030223	3
20030224	1
20030225	2
20030226	1
20030227	1
20030228	6
20030301	36
20030302	4
20030303	4
20030304	6
20030305	4
20030306	1
20030307	2
20030308	1
20030309	1
20030310	3
20030311	7
20030312	2
20030313	1
20030314	3
20030315	4
20030316	5
20030317	2
20030318	5
20030319	1
20030320	5
20030321	4
20030322	5
20030323	3
20030324	3
20030325	1
20030326	2
20030328	3
20030329	1
20030330	1
20030331	4
20030401	25
20030402	5
20030403	3
20030404	5
20030405	1
20030406	3
20030407	3
20030408	2
20030409	2
20030410	6
20030411	2
20030412	1
20030413	2
20030414	1
20030415	7
20030416	2
20030417	3
20030418	1
20030419	3
20030420	5
20030421	3
20030422	3
20030424	2
20030425	1
20030426	3
20030428	2
20030429	2
20030430	6
20030501	39
20030502	8
20030503	4
20030504	1
20030505	2
20030506	4
20030507	2
20030509	1
20030510	3
20030512	2
20030513	4
20030514	4
20030515	4
20030516	6
20030517	2
20030518	1
20030519	4
20030520	2
20030521	2
20030522	2
20030523	3
20030524	1
20030525	2
20030528	3
20030529	1
20030530	3
20030531	1
20030601	37
20030602	2
20030603	5
20030604	6
20030605	1
20030606	1
20030607	3
20030608	1
20030609	3
20030610	4
20030611	1
20030612	2
20030613	2
20030615	5
20030616	4
20030617	2
20030618	1
20030619	5
20030620	2
20030621	4
20030622	1
20030623	5
20030625	4
20030626	1
20030627	1
20030628	1
20030629	1
20030630	10
20030701	43
20030702	3
20030703	2
20030704	4
20030705	2
20030706	1
20030707	4
20030709	4
20030710	1
20030711	1
20030713	2
20030714	1
20030715	7
20030716	3
20030717	1
20030718	4
20030719	2
20030720	5
20030721	2
20030722	3
20030724	2
20030725	3
20030727	1
20030728	1
20030729	1
20030730	2
20030731	3
20030801	32
20030802	1
20030803	2
20030804	2
20030805	1
20030806	2
20030807	1
20030808	2
20030809	1
20030810	3
20030811	1
20030812	4
20030813	1
20030814	2
20030815	1
20030816	5
20030817	1
20030819	2
20030820	5
20030821	5
20030822	2
20030823	4
20030824	2
20030825	2
20030826	4
20030827	4
20030828	2
20030829	1
20030830	1
20030831	4
20030901	45
20030902	2
20030903	5
20030905	4
20030906	1
20030907	3
20030908	3
20030910	5
20030911	6
20030912	3
20030913	1
20030914	1
20030915	3
20030916	1
20030917	1
20030918	4
20030919	4
20030920	1
20030921	2
20030922	2
20030923	10
20030924	1
20030925	4
20030926	4
20030929	1
20030930	6
20031001	36
20031002	4
20031003	8
20031004	4
20031005	1
20031006	5
20031007	3
20031008	4
20031010	3
20031011	1
20031012	2
20031013	3
20031014	1
20031015	4
20031016	2
20031018	1
20031019	2
20031020	1
20031021	2
20031022	2
20031023	7
20031024	1
20031025	3
20031026	1
20031027	4
20031028	4
20031029	2
20031030	3
20031031	4
20031101	41
20031102	4
20031103	8
20031104	2
20031106	2
20031107	2
20031108	2
20031109	3
20031110	3
20031111	1
20031112	3
20031113	4
20031114	2
20031115	1
20031117	2
20031118	2
20031119	3
20031120	7
20031121	2
20031122	2
20031123	5
20031125	1
20031127	2
20031128	2
20031130	1
20031201	31
20031202	5
20031203	7
20031204	3
20031206	2
20031208	1
20031209	2
20031210	1
20031211	4
20031212	5
20031213	2
20031214	1
20031215	7
20031216	1
20031217	3
20031218	3
20031219	3
20031221	1
20031222	5
20031223	2
20031224	1
20031225	1
20031226	2
20031227	3
20031228	1
20031229	2
20031230	4
20031231	17
20040101	285
20040102	13
20040103	2
20040104	11
20040105	5
20040106	6
20040107	4
20040108	1
20040109	5
20040110	4
20040111	6
20040112	4
20040113	4
20040114	2
20040115	10
20040116	4
20040118	1
20040119	2
20040120	1
20040121	1
20040122	1
20040123	4
20040124	1
20040126	1
20040127	4
20040128	3
20040129	3
20040130	6
20040131	5
20040201	31
20040202	5
20040203	2
20040204	3
20040205	1
20040206	3
20040207	7
20040208	1
20040209	4
20040210	4
20040211	2
20040212	2
20040213	3
20040214	3
20040215	4
20040216	1
20040217	1
20040218	4
20040219	3
20040220	6
20040222	3
20040223	4
20040224	3
20040225	3
20040226	1
20040227	3
20040228	2
20040301	46
20040302	3
20040303	1
20040304	6
20040305	1
20040306	2
20040308	3
20040309	2
20040311	4
20040312	1
20040313	1
20040314	2
20040315	6
20040316	4
20040317	2
20040318	2
20040319	3
20040320	2
20040321	2
20040322	3
20040323	3
20040324	2
20040325	5
20040327	3
20040328	1
20040329	2
20040330	3
20040331	5
20040401	49
20040402	3
20040403	3
20040404	5
20040405	8
20040406	2
20040407	3
20040408	4
20040409	2
20040410	3
20040411	5
20040412	2
20040413	7
20040414	7
20040415	4
20040416	3
20040417	2
20040418	3
20040419	6
20040420	6
20040421	3
20040422	2
20040423	6
20040424	4
20040425	2
20040426	3
20040427	3
20040428	4
20040429	5
20040430	2
20040501	29
20040502	1
20040503	3
20040504	12
20040505	3
20040506	2
20040507	3
20040508	3
20040509	3
20040510	4
20040511	7
20040512	5
20040513	2
20040515	4
20040516	1
20040517	2
20040519	3
20040520	2
20040521	4
20040522	4
20040523	1
20040524	2
20040525	1
20040526	1
20040527	1
20040528	1
20040529	2
20040530	4
20040531	2
20040601	62
20040602	6
20040603	1
20040604	5
20040605	4
20040606	2
20040607	4
20040608	2
20040609	2
20040610	5
20040611	2
20040612	1
20040613	1
20040614	4
20040615	11
20040616	2
20040617	2
20040618	3
20040619	2
20040620	3
20040621	2
20040622	3
20040623	4
20040624	3
20040626	4
20040627	3
20040628	4
20040630	7
20040701	58
20040702	7
20040703	8
20040704	7
20040705	5
20040706	4
20040707	2
20040709	3
20040710	6
20040711	3
20040712	1
20040713	1
20040714	2
20040715	5
20040716	3
20040717	1
20040718	3
20040719	3
20040720	4
20040721	3
20040723	3
20040724	4
20040725	2
20040726	5
20040727	1
20040728	3
20040729	3
20040730	3
20040731	1
20040801	51
20040802	5
20040803	7
20040804	4
20040805	4
20040806	2
20040807	3
20040808	1
20040809	1
20040810	3
20040811	5
20040812	5
20040813	3
20040814	5
20040815	2
20040816	5
20040817	2
20040818	1
20040819	4
20040820	7
20040821	3
20040822	2
20040823	3
20040824	3
20040825	6
20040826	2
20040827	5
20040828	2
20040829	3
20040830	5
20040831	3
20040901	68
20040902	3
20040903	4
20040904	8
20040905	3
20040906	1
20040907	2
20040908	2
20040909	8
20040910	3
20040911	5
20040913	2
20040914	2
20040915	10
20040916	3
20040918	2
20040919	1
20040920	6
20040921	5
20040922	2
20040923	4
20040924	4
20040926	2
20040927	3
20040928	5
20040929	8
20040930	2
20041001	42
20041002	4
20041003	5
20041004	10
20041005	1
20041006	6
20041007	7
20041008	3
20041009	1
20041010	6
20041011	1
20041012	3
20041013	3
20041014	4
20041015	8
20041016	4
20041017	1
20041018	5
20041019	4
20041020	1
20041021	1
20041022	5
20041023	2
20041024	6
20041025	3
20041027	3
20041028	2
20041029	2
20041030	6
20041101	59
20041102	3
20041103	3
20041104	10
20041105	1
20041106	1
20041107	4
20041108	3
20041109	4
20041110	3
20041111	1
20041112	5
20041113	3
20041114	1
20041115	10
20041116	2
20041117	3
20041118	8
20041119	6
20041120	2
20041121	4
20041122	4
20041123	2
20041124	9
20041125	2
20041126	5
20041127	5
20041128	2
20041129	5
20041130	10
20041201	62
20041202	9
20041203	7
20041204	3
20041205	3
20041206	4
20041207	4
20041208	3
20041209	4
20041210	6
20041211	2
20041212	5
20041213	10
20041214	10
20041215	6
20041216	4
20041217	4
20041218	3
20041219	3
20041220	11
20041221	7
20041222	5
20041223	8
20041224	4
20041225	2
20041227	5
20041228	5
20041229	2
20041230	1
20041231	24
20050101	409
20050102	29
20050103	43
20050104	25
20050105	44
20050106	34
20050107	23
20050108	30
20050109	22
20050110	17
20050111	17
20050112	9
20050113	12
20050114	17
20050115	12
20050116	12
20050117	10
20050118	10
20050119	13
20050120	16
20050121	5
20050122	10
20050123	14
20050124	14
20050125	15
20050126	8
20050127	12
20050128	6
20050129	7
20050130	9
20050131	19
20050201	78
20050202	16
20050203	8
20050204	11
20050205	18
20050206	8
20050207	14
20050208	4
20050209	6
20050210	10
20050211	13
20050212	4
20050213	6
20050214	13
20050215	20
20050216	17
20050217	6
20050218	8
20050219	10
20050220	5
20050221	7
20050222	10
20050223	8
20050224	15
20050225	9
20050226	1
20050227	1
20050228	12
20050301	83
20050302	14
20050303	17
20050304	7
20050305	16
20050306	13
20050307	11
20050308	7
20050309	8
20050310	7
20050311	4
20050312	5
20050313	5
20050314	15
20050315	19
20050316	16
20050317	7
20050318	9
20050319	2
20050320	5
20050321	11
20050322	8
20050323	8
20050324	12
20050325	12
20050326	3
20050327	4
20050328	8
20050329	8
20050330	7
20050331	7
20050401	86
20050402	5
20050403	10
20050404	17
20050405	15
20050406	5
20050407	7
20050408	6
20050409	6
20050410	6
20050411	11
20050412	5
20050413	4
20050414	9
20050415	31
20050416	7
20050417	3
20050418	4
20050419	10
20050420	12
20050421	6
20050422	9
20050423	6
20050424	6
20050425	14
20050426	6
20050427	6
20050428	9
20050429	3
20050430	8
20050501	84
20050502	14
20050503	9
20050504	5
20050505	26
20050506	8
20050507	7
20050508	7
20050509	10
20050510	8
20050511	9
20050512	8
20050513	7
20050514	2
20050515	18
20050516	9
20050517	8
20050518	10
20050519	11
20050520	16
20050521	3
20050522	4
20050523	5
20050524	4
20050525	22
20050526	11
20050527	10
20050528	6
20050529	3
20050530	9
20050531	7
20050601	146
20050602	8
20050603	6
20050604	6
20050605	15
20050606	15
20050607	13
20050608	10
20050609	11
20050610	15
20050611	6
20050612	4
20050613	7
20050614	9
20050615	33
20050616	15
20050617	16
20050618	11
20050619	3
20050620	22
20050621	13
20050622	7
20050623	10
20050624	7
20050625	16
20050626	2
20050627	13
20050628	9
20050629	5
20050630	11
20050701	139
20050702	8
20050703	5
20050704	16
20050705	26
20050706	9
20050707	17
20050708	9
20050709	6
20050710	5
20050711	12
20050712	13
20050713	7
20050714	14
20050715	20
20050716	9
20050717	7
20050718	10
20050719	10
20050720	16
20050721	11
20050722	12
20050723	2
20050724	5
20050725	14
20050726	6
20050727	12
20050728	10
20050729	14
20050730	7
20050731	11
20050801	160
20050802	13
20050803	13
20050804	11
20050805	27
20050806	6
20050807	8
20050808	22
20050809	13
20050810	17
20050811	10
20050812	11
20050813	7
20050814	10
20050815	36
20050816	13
20050817	14
20050818	10
20050819	14
20050820	19
20050821	11
20050822	18
20050823	11
20050824	13
20050825	22
20050826	12
20050827	15
20050828	10
20050829	12
20050830	16
20050831	17
20050901	186
20050902	28
20050903	15
20050904	10
20050905	27
20050906	17
20050907	21
20050908	11
20050909	20
20050910	19
20050911	8
20050912	17
20050913	13
20050914	15
20050915	42
20050916	14
20050917	6
20050918	13
20050919	20
20050920	28
20050921	14
20050922	16
20050923	20
20050924	14
20050925	15
20050926	18
20050927	15
20050928	23
20050929	16
20050930	36
20051001	206
20051002	4
20051003	24
20051004	14
20051005	57
20051006	25
20051007	17
20051008	15
20051009	12
20051010	44
20051011	19
20051012	16
20051013	14
20051014	20
20051015	47
20051016	7
20051017	24
20051018	21
20051019	23
20051020	31
20051021	18
20051022	12
20051023	7
20051024	25
20051025	31
20051026	24
20051027	19
20051028	30
20051029	20
20051030	22
20051031	42
20051101	239
20051102	27
20051103	28
20051104	27
20051105	57
20051106	14
20051107	39
20051108	19
20051109	20
20051110	33
20051111	31
20051112	23
20051113	9
20051114	45
20051115	74
20051116	37
20051117	30
20051118	50
20051119	26
20051120	36
20051121	36
20051122	38
20051123	49
20051124	34
20051125	66
20051126	28
20051127	32
20051128	42
20051129	32
20051130	69
20051201	300
20051202	65
20051203	55
20051204	38
20051205	114
20051206	43
20051207	64
20051208	57
20051209	57
20051210	83
20051211	32
20051212	99
20051213	58
20051214	76
20051215	192
20051216	95
20051217	72
20051218	58
20051219	90
20051220	153
20051221	101
20051222	126
20051223	181
20051224	125
20051225	100
20051226	113
20051227	150
20051228	159
20051229	200
20051230	360
20051231	545
20060101	2139
20060102	1193
20060103	1376
20060104	1516
20060105	1588
20060106	1642
20060107	1340
20060108	1326
20060109	1414
20060110	1562
20060111	1525
20060112	1579
20060113	1741
20060114	1286
20060115	1168
20060116	1180
20060117	1440
20060118	1454
20060119	1542
20060120	1646
20060121	1463
20060122	1232
20060123	1460
20060124	1502
20060125	1496
20060126	1356
20060127	1529
20060128	1329
20060129	1213
20060130	1374
20060131	1281
20060201	1754
20060202	1548
20060203	1603
20060204	1374
20060205	1189
20060206	1424
20060207	1436
20060208	1446
20060209	1373
20060210	1590
20060211	1275
20060212	719
20060213	1021
20060214	1287
20060215	1571
20060216	1495
20060217	1711
20060218	1262
20060219	1115
20060220	1196
20060221	1439
20060222	1365
20060223	1352
20060224	1290
20060225	1262
20060226	1076
20060227	1264
20060228	1433
20060301	1771
20060302	1334
20060303	1504
20060304	1345
20060305	1161
20060306	1446
20060307	1465
20060308	1497
20060309	1515
20060310	1646
20060311	1472
20060312	1180
20060313	1446
20060314	1497
20060315	1548
20060316	1498
20060317	1573
20060318	1360
20060319	1174
20060320	1478
20060321	1440
20060322	1482
20060323	1524
20060324	1499
20060325	1375
20060326	1219
20060327	1490
20060328	1489
20060329	1455
20060330	1424
20060331	1464
20060401	1746
20060402	1274
20060403	1366
20060404	1496
20060405	1487
20060406	1554
20060407	1622
20060408	1358
20060409	1215
20060410	1512
20060411	1426
20060412	1607
20060413	1546
20060414	1425
20060415	1459
20060416	1173
20060417	1333
20060418	1485
20060419	1456
20060420	1545
20060421	1477
20060422	1292
20060423	1155
20060424	1355
20060425	1407
20060426	1475
20060427	1558
20060428	1662
20060429	1402
20060430	1264
20060501	1807
20060502	1525
20060503	1560
20060504	1552
20060505	1842
20060506	1475
20060507	1353
20060508	1340
20060509	1525
20060510	1625
20060511	1571
20060512	1538
20060513	1439
20060514	1231
20060515	1474
20060516	1389
20060517	1540
20060518	1558
20060519	1418
20060520	1506
20060521	1283
20060522	1445
20060523	1608
20060524	1518
20060525	1598
20060526	1595
20060527	1429
20060528	1399
20060529	1182
20060530	1620
20060531	1499
20060601	1940
20060602	1518
20060603	1326
20060604	1368
20060605	1482
20060606	1580
20060607	1364
20060608	1456
20060609	1656
20060610	1442
20060611	1312
20060612	1553
20060613	1557
20060614	1658
20060615	1649
20060616	1615
20060617	1438
20060618	1335
20060619	1491
20060620	1801
20060621	1723
20060622	1632
20060623	1713
20060624	1379
20060625	1376
20060626	1485
20060627	1517
20060628	1600
20060629	1421
20060630	1496
20060701	1849
20060702	1340
20060703	1380
20060704	1496
20060705	1658
20060706	1521
20060707	1644
20060708	1448
20060709	1374
20060710	1573
20060711	1526
20060712	1477
20060713	1557
20060714	1617
20060715	1488
20060716	1290
20060717	1468
20060718	1598
20060719	1577
20060720	1655
20060721	1508
20060722	1449
20060723	1339
20060724	1477
20060725	1646
20060726	1569
20060727	1531
20060728	1632
20060729	1491
20060730	1380
20060731	1406
20060801	1833
20060802	1485
20060803	1562
20060804	1609
20060805	1554
20060806	1344
20060807	1580
20060808	1623
20060809	1688
20060810	1607
20060811	1597
20060812	1519
20060813	1379
20060814	1524
20060815	1603
20060816	1619
20060817	1555
20060818	1591
20060819	1414
20060820	1532
20060821	1504
20060822	1477
20060823	1525
20060824	1544
20060825	1523
20060826	1407
20060827	1200
20060828	1366
20060829	1267
20060830	1537
20060831	1441
20060901	1832
20060902	1235
20060903	1320
20060904	1410
20060905	1426
20060906	1509
20060907	1521
20060908	1661
20060909	1483
20060910	1381
20060911	1457
20060912	1376
20060913	1568
20060914	1535
20060915	1568
20060916	1439
20060917	1340
20060918	1385
20060919	1481
20060920	1710
20060921	1549
20060922	1635
20060923	1496
20060924	1469
20060925	1603
20060926	1606
20060927	1565
20060928	1658
20060929	1649
20060930	1517
20061001	1684
20061002	1528
20061003	1560
20061004	1627
20061005	1514
20061006	1745
20061007	1454
20061008	1340
20061009	1383
20061010	1612
20061011	1367
20061012	1634
20061013	1582
20061014	1401
20061015	1358
20061016	1434
20061017	1360
20061018	1594
20061019	1550
20061020	1685
20061021	1472
20061022	1351
20061023	1432
20061024	1445
20061025	1515
20061026	1485
20061027	1644
20061028	1400
20061029	1322
20061030	1420
20061031	1655
20061101	2004
20061102	1449
20061103	1574
20061104	1352
20061105	1208
20061106	1468
20061107	1304
20061108	1316
20061109	1591
20061110	1677
20061111	1488
20061112	1272
20061113	1404
20061114	1469
20061115	1626
20061116	1445
20061117	1617
20061118	1379
20061119	1202
20061120	1427
20061121	1469
20061122	1461
20061123	967
20061124	1383
20061125	1424
20061126	1207
20061127	1409
20061128	1466
20061129	1382
20061130	1603
20061201	1830
20061202	1460
20061203	1248
20061204	1355
20061205	1435
20061206	1534
20061207	1428
20061208	1460
20061209	1340
20061210	1294
20061211	1438
20061212	1605
20061213	1420
20061214	1414
20061215	1669
20061216	1340
20061217	1225
20061218	1343
20061219	1421
20061220	1561
20061221	1523
20061222	1570
20061223	1381
20061224	1076
20061225	894
20061226	1247
20061227	1325
20061228	1377
20061229	1391
20061230	1273
20061231	1146
20070101	2244
20070102	1573
20070103	1580
20070104	1551
20070105	1709
20070106	1459
20070107	1295
20070108	1410
20070109	1380
20070110	1512
20070111	1532
20070112	1642
20070113	1427
20070114	1316
20070115	1351
20070116	1456
20070117	1373
20070118	1458
20070119	1561
20070120	1406
20070121	1164
20070122	1294
20070123	1465
20070124	1485
20070125	1333
20070126	1306
20070127	1434
20070128	1265
20070129	1192
20070130	1315
20070131	1340
20070201	1617
20070202	1612
20070203	1276
20070204	1068
20070205	1139
20070206	1230
20070207	1394
20070208	1394
20070209	1414
20070210	1368
20070211	1103
20070212	1294
20070213	1324
20070214	1031
20070215	1230
20070216	1374
20070217	1271
20070218	1137
20070219	1092
20070220	1421
20070221	1435
20070222	1296
20070223	1379
20070224	1358
20070225	1174
20070226	1270
20070227	1471
20070228	1498
20070301	1744
20070302	1506
20070303	1457
20070304	1237
20070305	1275
20070306	1177
20070307	1385
20070308	1373
20070309	1547
20070310	1462
20070311	1227
20070312	1414
20070313	1524
20070314	1585
20070315	1523
20070316	1211
20070317	1005
20070318	1149
20070319	1248
20070320	1518
20070321	1387
20070322	1575
20070323	1564
20070324	1391
20070325	1301
20070326	1429
20070327	1464
20070328	1529
20070329	1401
20070330	1561
20070331	1345
20070401	1538
20070402	1325
20070403	1303
20070404	1261
20070405	1359
20070406	1364
20070407	1405
20070408	1051
20070409	1190
20070410	1382
20070411	1452
20070412	1311
20070413	1587
20070414	1432
20070415	1106
20070416	1293
20070417	1551
20070418	1534
20070419	1526
20070420	1708
20070421	1405
20070422	1315
20070423	1439
20070424	1574
20070425	1519
20070426	1549
20070427	1537
20070428	1540
20070429	1303
20070430	1497
20070501	1860
20070502	1569
20070503	1576
20070504	1587
20070505	1514
20070506	1305
20070507	1492
20070508	1412
20070509	1581
20070510	1607
20070511	1615
20070512	1588
20070513	1262
20070514	1524
20070515	1695
20070516	1580
20070517	1621
20070518	1658
20070519	1319
20070520	1388
20070521	1439
20070522	1599
20070523	1609
20070524	1572
20070525	1632
20070526	1450
20070527	1293
20070528	1315
20070529	1654
20070530	1585
20070531	1552
20070601	1953
20070602	1538
20070603	1265
20070604	1343
20070605	1711
20070606	1637
20070607	1509
20070608	1641
20070609	1420
20070610	1419
20070611	1492
20070612	1592
20070613	1621
20070614	1594
20070615	1688
20070616	1453
20070617	1358
20070618	1522
20070619	1557
20070620	1622
20070621	1528
20070622	1536
20070623	1633
20070624	1420
20070625	1496
20070626	1534
20070627	1565
20070628	1451
20070629	1559
20070630	1476
20070701	1694
20070702	1405
20070703	1596
20070704	1440
20070705	1530
20070706	1519
20070707	1485
20070708	1333
20070709	1350
20070710	1571
20070711	1510
20070712	1588
20070713	1616
20070714	1530
20070715	1381
20070716	1475
20070717	1535
20070718	1480
20070719	1476
20070720	1704
20070721	1579
20070722	1426
20070723	1301
20070724	1644
20070725	1655
20070726	1569
20070727	1667
20070728	1574
20070729	1361
20070730	1494
20070731	1662
20070801	2050
20070802	1613
20070803	1686
20070804	1466
20070805	1412
20070806	1425
20070807	1654
20070808	1451
20070809	1588
20070810	1554
20070811	1545
20070812	1462
20070813	1461
20070814	1557
20070815	1679
20070816	1511
20070817	1576
20070818	1461
20070819	1311
20070820	1407
20070821	1285
20070822	1504
20070823	1556
20070824	1618
20070825	1532
20070826	1416
20070827	1491
20070828	1526
20070829	1490
20070830	1573
20070831	1620
20070901	1818
20070902	1294
20070903	1323
20070904	1581
20070905	1577
20070906	1579
20070907	1740
20070908	1613
20070909	1471
20070910	1518
20070911	1465
20070912	1721
20070913	1515
20070914	1653
20070915	1614
20070916	1406
20070917	1396
20070918	1473
20070919	1589
20070920	1647
20070921	1753
20070922	1562
20070923	1479
20070924	1481
20070925	1569
20070926	1655
20070927	1659
20070928	1747
20070929	1587
20070930	1407
20071001	1803
20071002	1566
20071003	1617
20071004	1643
20071005	1777
20071006	1538
20071007	1437
20071008	1261
20071009	1598
20071010	1651
20071011	1459
20071012	1652
20071013	1506
20071014	1315
20071015	1431
20071016	1529
20071017	1632
20071018	1647
20071019	1629
20071020	1684
20071021	1455
20071022	1507
20071023	1743
20071024	1485
20071025	1570
20071026	1555
20071027	1458
20071028	1289
20071029	1301
20071030	1494
20071031	1654
20071101	1896
20071102	1622
20071103	1459
20071104	1323
20071105	1425
20071106	1334
20071107	1429
20071108	1466
20071109	1554
20071110	1435
20071111	1278
20071112	1240
20071113	1528
20071114	1475
20071115	1522
20071116	1548
20071117	1418
20071118	1324
20071119	1271
20071120	1394
20071121	1585
20071122	972
20071123	1382
20071124	1319
20071125	1239
20071126	1295
20071127	1511
20071128	1440
20071129	1408
20071130	1601
20071201	1600
20071202	1085
20071203	1385
20071204	1352
20071205	1376
20071206	1430
20071207	1592
20071208	1383
20071209	1205
20071210	1369
20071211	1461
20071212	1509
20071213	1271
20071214	1522
20071215	1551
20071216	1069
20071217	1262
20071218	1494
20071219	1373
20071220	1550
20071221	1645
20071222	1371
20071223	1264
20071224	1237
20071225	973
20071226	1220
20071227	1336
20071228	1351
20071229	1370
20071230	1215
20071231	1226
20080101	2262
20080102	1251
20080103	1310
20080104	1569
20080105	1530
20080106	1276
20080107	1445
20080108	1584
20080109	1486
20080110	1678
20080111	1652
20080112	1513
20080113	1340
20080114	1385
20080115	1483
20080116	1489
20080117	1517
20080118	1670
20080119	1566
20080120	1223
20080121	1193
20080122	1420
20080123	1443
20080124	1434
20080125	1507
20080126	1389
20080127	1223
20080128	1241
20080129	1330
20080130	1402
20080131	1411
20080201	1782
20080202	1532
20080203	1364
20080204	1285
20080205	1445
20080206	1529
20080207	1466
20080208	1676
20080209	1421
20080210	1134
20080211	1126
20080212	1168
20080213	1217
20080214	1362
20080215	1730
20080216	1414
20080217	1151
20080218	1192
20080219	1376
20080220	1389
20080221	1351
20080222	1234
20080223	1341
20080224	1120
20080225	1266
20080226	1294
20080227	1460
20080228	1371
20080229	1424
20080301	1679
20080302	1254
20080303	1351
20080304	1418
20080305	1461
20080306	1501
20080307	1603
20080308	1359
20080309	1219
20080310	1391
20080311	1434
20080312	1523
20080313	1473
20080314	1587
20080315	1489
20080316	1219
20080317	1319
20080318	1412
20080319	1339
20080320	1586
20080321	1498
20080322	1455
20080323	1172
20080324	1287
20080325	1488
20080326	1502
20080327	1498
20080328	1601
20080329	1409
20080330	1171
20080331	1321
20080401	1786
20080402	1544
20080403	1466
20080404	1571
20080405	1523
20080406	1259
20080407	1372
20080408	1414
20080409	1477
20080410	1526
20080411	1667
20080412	1531
20080413	1308
20080414	1353
20080415	1528
20080416	1520
20080417	1432
20080418	1609
20080419	1414
20080420	1255
20080421	1265
20080422	1403
20080423	1440
20080424	1423
20080425	1435
20080426	1396
20080427	1147
20080428	1158
20080429	1299
20080430	1418
20080501	1757
20080502	1569
20080503	1427
20080504	1235
20080505	1382
20080506	1576
20080507	1485
20080508	1567
20080509	1480
20080510	1438
20080511	1227
20080512	1274
20080513	1519
20080514	1569
20080515	1559
20080516	1466
20080517	1459
20080518	1269
20080519	1260
20080520	1386
20080521	1525
20080522	1486
20080523	1667
20080524	1391
20080525	1284
20080526	1248
20080527	1576
20080528	1559
20080529	1458
20080530	1659
20080531	1349
20080601	1730
20080602	1451
20080603	1635
20080604	1523
20080605	1522
20080606	1710
20080607	1455
20080608	1369
20080609	1327
20080610	1505
20080611	1551
20080612	1575
20080613	1742
20080614	1466
20080615	1296
20080616	1495
20080617	1537
20080618	1504
20080619	1529
20080620	1793
20080621	1547
20080622	1346
20080623	1350
20080624	1613
20080625	1574
20080626	1554
20080627	1573
20080628	1477
20080629	1318
20080630	1358
20080701	1877
20080702	1518
20080703	1564
20080704	1308
20080705	1448
20080706	1247
20080707	1330
20080708	1412
20080709	1479
20080710	1517
20080711	1700
20080712	1454
20080713	1313
20080714	1397
20080715	1508
20080716	1476
20080717	1598
20080718	1622
20080719	1481
20080720	1394
20080721	1394
20080722	1560
20080723	1667
20080724	1520
20080725	1650
20080726	1484
20080727	1347
20080728	1491
20080729	1641
20080730	1556
20080731	1485
20080801	1962
20080802	1575
20080803	1450
20080804	1442
20080805	1535
20080806	1523
20080807	1557
20080808	1658
20080809	1509
20080810	1400
20080811	1386
20080812	1535
20080813	1549
20080814	1435
20080815	1611
20080816	1486
20080817	1483
20080818	1403
20080819	1560
20080820	1602
20080821	1481
20080822	1591
20080823	1483
20080824	1407
20080825	1411
20080826	1490
20080827	1468
20080828	1592
20080829	1488
20080830	1523
20080831	1353
20080901	1585
20080902	1506
20080903	1485
20080904	1492
20080905	1749
20080906	1311
20080907	1318
20080908	1459
20080909	1434
20080910	1518
20080911	1514
20080912	1596
20080913	1550
20080914	1434
20080915	1553
20080916	1485
20080917	1536
20080918	1613
20080919	1666
20080920	1584
20080921	1323
20080922	1365
20080923	1456
20080924	1531
20080925	1483
20080926	1470
20080927	1434
20080928	1374
20080929	1428
20080930	1424
20081001	1739
20081002	1531
20081003	1631
20081004	1461
20081005	1249
20081006	1326
20081007	1411
20081008	1519
20081009	1467
20081010	1767
20081011	1463
20081012	1332
20081013	1262
20081014	1545
20081015	1635
20081016	1515
20081017	1652
20081018	1485
20081019	1226
20081020	1422
20081021	1468
20081022	1364
20081023	1401
20081024	1683
20081025	1445
20081026	1231
20081027	1358
20081028	1169
20081029	1414
20081030	1469
20081031	1601
20081101	1840
20081102	1214
20081103	1303
20081104	1207
20081105	1440
20081106	1455
20081107	1630
20081108	1448
20081109	1278
20081110	1319
20081111	1329
20081112	1438
20081113	1320
20081114	1582
20081115	1421
20081116	1178
20081117	1291
20081118	1352
20081119	1427
20081120	1498
20081121	1587
20081122	1309
20081123	1080
20081124	1378
20081125	1457
20081126	1433
20081127	895
20081128	1449
20081129	1284
20081130	1141
20081201	1662
20081202	1481
20081203	1405
20081204	1340
20081205	1573
20081206	1323
20081207	1090
20081208	1217
20081209	1417
20081210	1503
20081211	1276
20081212	1536
20081213	1393
20081214	1163
20081215	1326
20081216	1344
20081217	1389
20081218	1474
20081219	1182
20081220	1283
20081221	1092
20081222	1110
20081223	1305
20081224	1058
20081225	878
20081226	1296
20081227	1322
20081228	1251
20081229	1244
20081230	1220
20081231	1172
20090101	2032
20090102	1335
20090103	1374
20090104	1077
20090105	1390
20090106	1283
20090107	1297
20090108	1433
20090109	1571
20090110	1208
20090111	992
20090112	1299
20090113	1478
20090114	1359
20090115	1328
20090116	1327
20090117	1294
20090118	1049
20090119	1030
20090120	1364
20090121	1347
20090122	1367
20090123	1602
20090124	1347
20090125	1052
20090126	1149
20090127	1313
20090128	1163
20090129	1359
20090130	1436
20090131	1282
20090201	1448
20090202	1308
20090203	1114
20090204	1233
20090205	1218
20090206	1387
20090207	1315
20090208	1128
20090209	1227
20090210	1495
20090211	1498
20090212	1477
20090213	1562
20090214	1302
20090215	1214
20090216	1159
20090217	1351
20090218	1273
20090219	1271
20090220	1451
20090221	1392
20090222	1078
20090223	1117
20090224	1350
20090225	1404
20090226	1532
20090227	1582
20090228	1392
20090301	1395
20090302	873
20090303	1142
20090304	1300
20090305	1483
20090306	1552
20090307	1544
20090308	1211
20090309	1280
20090310	1496
20090311	1567
20090312	1423
20090313	1555
20090314	1415
20090315	1294
20090316	1296
20090317	1384
20090318	1494
20090319	1408
20090320	1514
20090321	1414
20090322	1224
20090323	1168
20090324	1410
20090325	1470
20090326	1303
20090327	1662
20090328	1406
20090329	1220
20090330	1330
20090331	1443
20090401	1745
20090402	1442
20090403	1454
20090404	1330
20090405	1235
20090406	1186
20090407	1391
20090408	1473
20090409	1462
20090410	1423
20090411	1253
20090412	1091
20090413	1168
20090414	1244
20090415	1315
20090416	1325
20090417	1475
20090418	1434
20090419	1130
20090420	1210
20090421	1406
20090422	1412
20090423	1445
20090424	1590
20090425	1408
20090426	1351
20090427	1341
20090428	1440
20090429	1549
20090430	1504
20090501	1859
20090502	1436
20090503	1137
20090504	1218
20090505	1439
20090506	1529
20090507	1365
20090508	1696
20090509	1494
20090510	1275
20090511	1393
20090512	1557
20090513	1581
20090514	1390
20090515	1655
20090516	1401
20090517	1231
20090518	1307
20090519	1330
20090520	1572
20090521	1470
20090522	1550
20090523	1457
20090524	1240
20090525	1295
20090526	1384
20090527	1361
20090528	1404
20090529	1556
20090530	1365
20090531	1243
20090601	1725
20090602	1506
20090603	1423
20090604	1274
20090605	1368
20090606	1376
20090607	1334
20090608	1414
20090609	1393
20090610	1521
20090611	1414
20090612	1552
20090613	1467
20090614	1326
20090615	1390
20090616	1499
20090617	1498
20090618	1249
20090619	1570
20090620	1453
20090621	1282
20090622	1438
20090623	1533
20090624	1446
20090625	1497
20090626	1529
20090627	1479
20090628	1423
20090629	1357
20090630	1476
20090701	1786
20090702	1453
20090703	1532
20090704	1519
20090705	1314
20090706	1325
20090707	1418
20090708	1464
20090709	1529
20090710	1501
20090711	1454
20090712	1239
20090713	1312
20090714	1463
20090715	1562
20090716	1503
20090717	1545
20090718	1543
20090719	1420
20090720	1447
20090721	1374
20090722	1499
20090723	1360
20090724	1520
20090725	1450
20090726	1311
20090727	1359
20090728	1548
20090729	1378
20090730	1473
20090731	1488
20090801	1835
20090802	1320
20090803	1312
20090804	1550
20090805	1559
20090806	1522
20090807	1644
20090808	1477
20090809	1383
20090810	1369
20090811	1441
20090812	1515
20090813	1547
20090814	1610
20090815	1612
20090816	1339
20090817	1433
20090818	1439
20090819	1491
20090820	1625
20090821	1510
20090822	1472
20090823	1364
20090824	1372
20090825	1544
20090826	1553
20090827	1567
20090828	1422
20090829	1419
20090830	1302
20090831	1343
20090901	1811
20090902	1486
20090903	1375
20090904	1581
20090905	1542
20090906	1336
20090907	1247
20090908	1415
20090909	1442
20090910	1450
20090911	1323
20090912	1464
20090913	1336
20090914	1317
20090915	1534
20090916	1531
20090917	1576
20090918	1682
20090919	1432
20090920	1279
20090921	1433
20090922	1457
20090923	1510
20090924	1532
20090925	1604
20090926	1393
20090927	1268
20090928	1251
20090929	1346
20090930	1444
20091001	1730
20091002	1608
20091003	1504
20091004	1368
20091005	1383
20091006	1500
20091007	1421
20091008	1511
20091009	1561
20091010	1511
20091011	1266
20091012	1159
20091013	1429
20091014	1442
20091015	1349
20091016	1470
20091017	1418
20091018	1117
20091019	1234
20091020	1476
20091021	1614
20091022	1537
20091023	1653
20091024	1339
20091025	1314
20091026	1344
20091027	1367
20091028	1323
20091029	1426
20091030	1637
20091031	1532
20091101	1642
20091102	1409
20091103	1327
20091104	1427
20091105	1424
20091106	1506
20091107	1394
20091108	1265
20091109	1359
20091110	1544
20091111	1374
20091112	1315
20091113	1508
20091114	1314
20091115	1346
20091116	1395
20091117	1509
20091118	1482
20091119	1477
20091120	1740
20091121	1438
20091122	1197
20091123	1313
20091124	1387
20091125	1488
20091126	880
20091127	1402
20091128	1318
20091129	1186
20091130	1193
20091201	1674
20091202	1464
20091203	1414
20091204	1518
20091205	1312
20091206	1146
20091207	1284
20091208	1364
20091209	1344
20091210	1356
20091211	1427
20091212	1368
20091213	1106
20091214	1265
20091215	1468
20091216	1383
20091217	1227
20091218	1381
20091219	1091
20091220	927
20091221	1068
20091222	1287
20091223	1278
20091224	1061
20091225	857
20091226	1046
20091227	1183
20091228	1198
20091229	1179
20091230	1346
20091231	1141
20100101	2342
20100102	1175
20100103	1041
20100104	1213
20100105	1347
20100106	1426
20100107	1539
20100108	1492
20100109	1294
20100110	1206
20100111	1224
20100112	1341
20100113	1406
20100114	1499
20100115	1780
20100116	1441
20100117	1220
20100118	1217
20100119	1468
20100120	1504
20100121	1472
20100122	1644
20100123	1453
20100124	1190
20100125	1189
20100126	1381
20100127	1389
20100128	1275
20100129	1358
20100130	1198
20100131	1044
20100201	1477
20100202	1374
20100203	1385
20100204	1328
20100205	1560
20100206	1245
20100207	1061
20100208	1080
20100209	1221
20100210	838
20100211	1096
20100212	1401
20100213	1270
20100214	1024
20100215	1013
20100216	1042
20100217	1211
20100218	1323
20100219	1345
20100220	1466
20100221	1173
20100222	1192
20100223	1229
20100224	1371
20100225	1094
20100226	932
20100227	1241
20100228	1054
20100301	1575
20100302	1338
20100303	1445
20100304	1448
20100305	1603
20100306	1437
20100307	1244
20100308	1331
20100309	1421
20100310	1548
20100311	1408
20100312	1442
20100313	1044
20100314	1086
20100315	1279
20100316	1442
20100317	1509
20100318	1464
20100319	1564
20100320	1460
20100321	1298
20100322	1144
20100323	1402
20100324	1502
20100325	1493
20100326	1517
20100327	1309
20100328	1152
20100329	1072
20100330	1059
20100331	1319
20100401	1707
20100402	1391
20100403	1318
20100404	1162
20100405	1283
20100406	1394
20100407	1450
20100408	1535
20100409	1527
20100410	1493
20100411	1229
20100412	1318
20100413	1443
20100414	1469
20100415	1521
20100416	1530
20100417	1435
20100418	1205
20100419	1378
20100420	1599
20100421	1476
20100422	1533
20100423	1610
20100424	1375
20100425	1129
20100426	1170
20100427	1427
20100428	1541
20100429	1469
20100430	1608
20100501	1654
20100502	1352
20100503	1291
20100504	1440
20100505	1578
20100506	1552
20100507	1686
20100508	1445
20100509	1171
20100510	1354
20100511	1394
20100512	1434
20100513	1490
20100514	1580
20100515	1470
20100516	1261
20100517	1352
20100518	1223
20100519	1423
20100520	1618
20100521	1676
20100522	1522
20100523	1245
20100524	1355
20100525	1603
20100526	1484
20100527	1470
20100528	1618
20100529	1454
20100530	1308
20100531	1230
20100601	1777
20100602	1514
20100603	1536
20100604	1683
20100605	1515
20100606	1326
20100607	1379
20100608	1485
20100609	1357
20100610	1527
20100611	1649
20100612	1408
20100613	1228
20100614	1342
20100615	1478
20100616	1493
20100617	1549
20100618	1625
20100619	1477
20100620	1348
20100621	1353
20100622	1421
20100623	1511
20100624	1474
20100625	1646
20100626	1488
20100627	1326
20100628	1427
20100629	1493
20100630	1477
20100701	1765
20100702	1487
20100703	1379
20100704	1340
20100705	1316
20100706	1385
20100707	1433
20100708	1452
20100709	1536
20100710	1552
20100711	1288
20100712	1384
20100713	1311
20100714	1441
20100715	1567
20100716	1602
20100717	1495
20100718	1299
20100719	1384
20100720	1561
20100721	1476
20100722	1547
20100723	1488
20100724	1447
20100725	1321
20100726	1352
20100727	1464
20100728	1426
20100729	1574
20100730	1473
20100731	1429
20100801	1620
20100802	1395
20100803	1313
20100804	1404
20100805	1469
20100806	1610
20100807	1429
20100808	1414
20100809	1300
20100810	1561
20100811	1569
20100812	1430
20100813	1503
20100814	1494
20100815	1444
20100816	1332
20100817	1431
20100818	1444
20100819	1416
20100820	1521
20100821	1441
20100822	1225
20100823	1195
20100824	1367
20100825	1404
20100826	1435
20100827	1506
20100828	1387
20100829	1364
20100830	1361
20100831	1353
20100901	1819
20100902	1512
20100903	1599
20100904	1551
20100905	1392
20100906	1286
20100907	1426
20100908	1608
20100909	1481
20100910	1620
20100911	1610
20100912	1253
20100913	1231
20100914	1388
20100915	1579
20100916	1345
20100917	1560
20100918	1501
20100919	1416
20100920	1326
20100921	1488
20100922	1447
20100923	1567
20100924	1619
20100925	1570
20100926	1325
20100927	1302
20100928	1422
20100929	1546
20100930	1453
20101001	1821
20101002	1551
20101003	1282
20101004	1174
20101005	1533
20101006	1523
20101007	1502
20101008	1603
20101009	1551
20101010	1378
20101011	1239
20101012	1465
20101013	1512
20101014	1534
20101015	1623
20101016	1431
20101017	1281
20101018	1325
20101019	1383
20101020	1639
20101021	1519
20101022	1594
20101023	1557
20101024	1311
20101025	1372
20101026	1483
20101027	1499
20101028	1547
20101029	1658
20101030	1375
20101031	1385
20101101	1479
20101102	1241
20101103	1445
20101104	1302
20101105	1569
20101106	1407
20101107	1237
20101108	1188
20101109	1405
20101110	1551
20101111	1329
20101112	1628
20101113	1524
20101114	1213
20101115	1378
20101116	1351
20101117	1482
20101118	1557
20101119	1575
20101120	1505
20101121	1184
20101122	1281
20101123	1397
20101124	1474
20101125	913
20101126	1423
20101127	1343
20101128	1175
20101129	1286
20101130	1298
20101201	1524
20101202	1358
20101203	1485
20101204	1344
20101205	1085
20101206	1146
20101207	1268
20101208	1276
20101209	1242
20101210	1462
20101211	1373
20101212	1036
20101213	1209
20101214	1211
20101215	1262
20101216	1262
20101217	1509
20101218	1333
20101219	1125
20101220	1196
20101221	1322
20101222	1304
20101223	1312
20101224	1143
20101225	762
20101226	643
20101227	450
20101228	781
20101229	960
20101230	1117
20101231	1137
20110101	2246
20110102	992
20110103	1133
20110104	1297
20110105	1361
20110106	1352
20110107	1325
20110108	1177
20110109	1005
20110110	1188
20110111	1291
20110112	1041
20110113	1250
20110114	1354
20110115	1385
20110116	1113
20110117	1076
20110118	1213
20110119	1382
20110120	1413
20110121	1366
20110122	1215
20110123	1032
20110124	1070
20110125	1232
20110126	1065
20110127	941
20110128	1243
20110129	1200
20110130	1066
20110131	1089
20110201	1498
20110202	1161
20110203	1316
20110204	1455
20110205	1271
20110206	1102
20110207	1207
20110208	1221
20110209	1330
20110210	1408
20110211	1517
20110212	1362
20110213	1129
20110214	1233
20110215	1421
20110216	1448
20110217	1488
20110218	1565
20110219	1289
20110220	1124
20110221	1067
20110222	1230
20110223	1252
20110224	1258
20110225	1319
20110226	1350
20110227	1224
20110228	1180
20110301	1679
20110302	1436
20110303	1316
20110304	1497
20110305	1441
20110306	1069
20110307	1162
20110308	1357
20110309	1399
20110310	1300
20110311	1569
20110312	1499
20110313	1159
20110314	1238
20110315	1472
20110316	1327
20110317	1385
20110318	1576
20110319	1401
20110320	1231
20110321	1141
20110322	1395
20110323	1257
20110324	1363
20110325	1509
20110326	1254
20110327	1124
20110328	1238
20110329	1188
20110330	1353
20110331	1305
20110401	1678
20110402	1426
20110403	1239
20110404	1279
20110405	1365
20110406	1447
20110407	1455
20110408	1469
20110409	1467
20110410	1233
20110411	1336
20110412	1276
20110413	1342
20110414	1547
20110415	1609
20110416	1206
20110417	1188
20110418	1288
20110419	1237
20110420	1402
20110421	1383
20110422	1393
20110423	1282
20110424	1143
20110425	1199
20110426	1368
20110427	1422
20110428	1356
20110429	1515
20110430	1357
20110501	1458
20110502	1279
20110503	1459
20110504	1316
20110505	1374
20110506	1541
20110507	1355
20110508	1165
20110509	1374
20110510	1544
20110511	1540
20110512	1549
20110513	1608
20110514	1333
20110515	1253
20110516	1278
20110517	1297
20110518	1426
20110519	1509
20110520	1651
20110521	1440
20110522	1239
20110523	1311
20110524	1477
20110525	1512
20110526	1460
20110527	1593
20110528	1424
20110529	1223
20110530	1247
20110531	1351
20110601	1923
20110602	1436
20110603	1568
20110604	1536
20110605	1281
20110606	1282
20110607	1459
20110608	1441
20110609	1330
20110610	1523
20110611	1351
20110612	1308
20110613	1336
20110614	1433
20110615	1631
20110616	1534
20110617	1451
20110618	1431
20110619	1339
20110620	1397
20110621	1481
20110622	1491
20110623	1461
20110624	1523
20110625	1547
20110626	1346
20110627	1387
20110628	1558
20110629	1427
20110630	1443
20110701	1769
20110702	1443
20110703	1229
20110704	1407
20110705	1558
20110706	1407
20110707	1425
20110708	1469
20110709	1368
20110710	1393
20110711	1316
20110712	1619
20110713	1498
20110714	1550
20110715	1653
20110716	1449
20110717	1363
20110718	1323
20110719	1414
20110720	1506
20110721	1453
20110722	1444
20110723	1382
20110724	1374
20110725	1341
20110726	1490
20110727	1500
20110728	1449
20110729	1410
20110730	1461
20110731	1309
20110801	1664
20110802	1396
20110803	1388
20110804	1454
20110805	1527
20110806	1390
20110807	1282
20110808	1280
20110809	1335
20110810	1528
20110811	1519
20110812	1505
20110813	1464
20110814	1033
20110815	1561
20110816	1363
20110817	1400
20110818	1368
20110819	1460
20110820	1517
20110821	1287
20110822	1516
20110823	1432
20110824	1435
20110825	1394
20110826	1415
20110827	1021
20110828	738
20110829	1344
20110830	1434
20110831	1345
20110901	1759
20110902	1459
20110903	1427
20110904	1309
20110905	1297
20110906	1133
20110907	1167
20110908	1345
20110909	1511
20110910	1389
20110911	1184
20110912	1256
20110913	1367
20110914	1464
20110915	1418
20110916	1469
20110917	1281
20110918	1170
20110919	1309
20110920	1356
20110921	1512
20110922	1461
20110923	1412
20110924	1387
20110925	1375
20110926	1358
20110927	1480
20110928	1475
20110929	1348
20110930	1427
20111001	1626
20111002	1164
20111003	1198
20111004	1300
20111005	1455
20111006	1351
20111007	1544
20111008	1358
20111009	1276
20111010	1324
20111011	1435
20111012	1338
20111013	1411
20111014	1377
20111015	1266
20111016	1238
20111017	1317
20111018	1413
20111019	1370
20111020	1555
20111021	1551
20111022	1394
20111023	1252
20111024	1302
20111025	1340
20111026	1403
20111027	1211
20111028	1471
20111029	1095
20111030	1108
20111031	1389
20111101	1717
20111102	1359
20111103	1420
20111104	1509
20111105	1389
20111106	1151
20111107	1502
20111108	1293
20111109	1468
20111110	1480
20111111	1397
20111112	1388
20111113	1210
20111114	1371
20111115	1408
20111116	1293
20111117	1344
20111118	1453
20111119	1416
20111120	1228
20111121	1312
20111122	1356
20111123	1402
20111124	895
20111125	1510
20111126	1365
20111127	1255
20111128	1418
20111129	1338
20111130	1415
20111201	1593
20111202	1475
20111203	1352
20111204	1172
20111205	1347
20111206	1284
20111207	1292
20111208	1304
20111209	1514
20111210	1454
20111211	1038
20111212	1302
20111213	1332
20111214	1430
20111215	1521
20111216	1538
20111217	1309
20111218	1017
20111219	1184
20111220	1417
20111221	1412
20111222	1420
20111223	1410
20111224	1081
20111225	847
20111226	1071
20111227	1173
20111228	1272
20111229	1227
20111230	1411
20111231	1280
20120101	2021
20120102	1212
20120103	1277
20120104	1217
20120105	1437
20120106	1538
20120107	1385
20120108	1161
20120109	1218
20120110	1425
20120111	1355
20120112	1355
20120113	1479
20120114	1278
20120115	1071
20120116	1124
20120117	1431
20120118	1345
20120119	1312
20120120	1488
20120121	1101
20120122	1036
20120123	1341
20120124	1445
20120125	1413
20120126	1369
20120127	1564
20120128	1494
20120129	1198
20120130	1217
20120131	1355
20120201	1747
20120202	1459
20120203	1470
20120204	1432
20120205	1148
20120206	1292
20120207	1357
20120208	1419
20120209	1353
20120210	1618
20120211	1312
20120212	1148
20120213	1201
20120214	1305
20120215	1451
20120216	1385
20120217	1558
20120218	1391
20120219	1159
20120220	1128
20120221	1273
20120222	1388
20120223	1276
20120224	1309
20120225	1306
20120226	1145
20120227	1369
20120228	1380
20120229	1241
20120301	1562
20120302	1457
20120303	1416
20120304	1192
20120305	1313
20120306	1305
20120307	1398
20120308	1471
20120309	1476
20120310	1339
20120311	1118
20120312	1448
20120313	1433
20120314	1479
20120315	1448
20120316	1476
20120317	1434
20120318	1314
20120319	1280
20120320	1501
20120321	1462
20120322	1450
20120323	1521
20120324	1418
20120325	1244
20120326	1245
20120327	1299
20120328	1408
20120329	1387
20120330	1484
20120331	1237
20120401	1412
20120402	1371
20120403	1434
20120404	1492
20120405	1474
20120406	1425
20120407	1402
20120408	1086
20120409	1171
20120410	1310
20120411	1223
20120412	1385
20120413	1460
20120414	1313
20120415	1390
20120416	1339
20120417	1465
20120418	1529
20120419	1394
20120420	1637
20120421	1473
20120422	1122
20120423	1288
20120424	1307
20120425	1542
20120426	1317
20120427	1603
20120428	1395
20120429	1316
20120430	1349
20120501	1692
20120502	1417
20120503	1458
20120504	1590
20120505	1411
20120506	1336
20120507	1282
20120508	1463
20120509	1478
20120510	1510
20120511	1586
20120512	1509
20120513	1230
20120514	1277
20120515	1402
20120516	1540
20120517	1538
20120518	1575
20120519	1460
20120520	1398
20120521	1311
20120522	1478
20120523	1493
20120524	1363
20120525	1599
20120526	1434
20120527	1245
20120528	1224
20120529	1470
20120530	1479
20120531	1434
20120601	1903
20120602	1381
20120603	1359
20120604	1213
20120605	1443
20120606	1482
20120607	1400
20120608	1531
20120609	1427
20120610	1422
20120611	1341
20120612	1412
20120613	1459
20120614	1411
20120615	1645
20120616	1470
20120617	1237
20120618	1355
20120619	1414
20120620	1483
20120621	1366
20120622	1464
20120623	1450
20120624	1424
20120625	1318
20120626	1351
20120627	1557
20120628	1443
20120629	1495
20120630	1395
20120701	1653
20120702	1339
20120703	1528
20120704	1538
20120705	1512
20120706	1492
20120707	1435
20120708	1325
20120709	1369
20120710	1460
20120711	1479
20120712	1572
20120713	1558
20120714	1583
20120715	1383
20120716	1355
20120717	1459
20120718	1462
20120719	1441
20120720	1437
20120721	1478
20120722	1404
20120723	1303
20120724	1422
20120725	1561
20120726	1418
20120727	1490
20120728	1484
20120729	1343
20120730	1320
20120731	1470
20120801	1629
20120802	1549
20120803	1555
20120804	1514
20120805	1356
20120806	1360
20120807	1462
20120808	1544
20120809	1526
20120810	1522
20120811	1585
20120812	1521
20120813	1333
20120814	1417
20120815	1416
20120816	1529
20120817	1588
20120818	1376
20120819	1334
20120820	1467
20120821	1444
20120822	1419
20120823	1513
20120824	1613
20120825	1479
20120826	1391
20120827	1253
20120828	1414
20120829	1431
20120830	1445
20120831	1427
20120901	1823
20120902	1331
20120903	1378
20120904	1325
20120905	1372
20120906	1373
20120907	1525
20120908	1410
20120909	1319
20120910	1279
20120911	1353
20120912	1538
20120913	1463
20120914	1542
20120915	1565
20120916	1211
20120917	1338
20120918	1260
20120919	1379
20120920	1493
20120921	1595
20120922	1535
20120923	1332
20120924	1239
20120925	1474
20120926	1389
20120927	1424
20120928	1485
20120929	1443
20120930	1245
20121001	1613
20121002	1363
20121003	1566
20121004	1517
20121005	1679
20121006	1513
20121007	1187
20121008	1188
20121009	1374
20121010	1373
20121011	1421
20121012	1506
20121013	1397
20121014	1227
20121015	1316
20121016	1331
20121017	1448
20121018	1479
20121019	1485
20121020	1592
20121021	1191
20121022	1302
20121023	1364
20121024	1344
20121025	1329
20121026	1431
20121027	1403
20121028	1167
20121029	759
20121030	831
20121031	1068
20121101	1234
20121102	1014
20121103	1055
20121104	1061
20121105	1019
20121106	950
20121107	870
20121108	1040
20121109	1287
20121110	1293
20121111	1162
20121112	1199
20121113	1198
20121114	1293
20121115	1379
20121116	1403
20121117	1244
20121118	1124
20121119	1197
20121120	1364
20121121	1358
20121122	897
20121123	1298
20121124	1243
20121125	1035
20121126	1189
20121127	1156
20121128	1328
20121129	1340
20121130	1546
20121201	1612
20121202	1226
20121203	1247
20121204	1305
20121205	1362
20121206	1257
20121207	1327
20121208	1472
20121209	1213
20121210	1332
20121211	1274
20121212	1378
20121213	1275
20121214	1499
20121215	1411
20121216	1131
20121217	1215
20121218	1229
20121219	1389
20121220	1434
20121221	1337
20121222	1249
20121223	1243
20121224	1033
20121225	786
20121226	997
20121227	1160
20121228	1316
20121229	1198
20121230	1058
20121231	1192
20130101	2024
20130102	1185
20130103	1271
20130104	1476
20130105	1356
20130106	1111
20130107	1192
20130108	1319
20130109	1390
20130110	1401
20130111	1410
20130112	1364
20130113	1244
20130114	1269
20130115	1313
20130116	1235
20130117	1423
20130118	1353
20130119	1324
20130120	1159
20130121	1005
20130122	1089
20130123	1093
20130124	1150
20130125	1312
20130126	1211
20130127	1065
20130128	1091
20130129	1274
20130130	1346
20130131	1335
20130201	1673
20130202	1341
20130203	1061
20130204	1133
20130205	1238
20130206	1251
20130207	1291
20130208	1111
20130209	911
20130210	1023
20130211	1093
20130212	1339
20130213	1368
20130214	1286
20130215	1532
20130216	1314
20130217	1092
20130218	1074
20130219	1143
20130220	1269
20130221	1261
20130222	1416
20130223	1294
20130224	1153
20130225	1188
20130226	1241
20130227	1275
20130228	1309
20130301	1689
20130302	1286
20130303	1101
20130304	1130
20130305	1283
20130306	1222
20130307	1220
20130308	1268
20130309	1351
20130310	1183
20130311	1222
20130312	1168
20130313	1480
20130314	1291
20130315	1456
20130316	1259
20130317	1171
20130318	1145
20130319	1204
20130320	1304
20130321	1208
20130322	1394
20130323	1323
20130324	1173
20130325	1100
20130326	1266
20130327	1277
20130328	1324
20130329	1281
20130330	1267
20130331	1037
20130401	1409
20130402	1173
20130403	1290
20130404	1318
20130405	1430
20130406	1262
20130407	1124
20130408	1262
20130409	1382
20130410	1456
20130411	1378
20130412	1359
20130413	1421
20130414	1148
20130415	1333
20130416	1379
20130417	1399
20130418	1413
20130419	1460
20130420	1361
20130421	1203
20130422	1169
20130423	1267
20130424	1444
20130425	1447
20130426	1491
20130427	1439
20130428	1183
20130429	1234
20130430	1343
20130501	1700
20130502	1412
20130503	1475
20130504	1349
20130505	1278
20130506	1222
20130507	1448
20130508	1325
20130509	1348
20130510	1582
20130511	1382
20130512	1321
20130513	1260
20130514	1336
20130515	1508
20130516	1460
20130517	1504
20130518	1329
20130519	1103
20130520	1353
20130521	1441
20130522	1504
20130523	1371
20130524	1426
20130525	1294
20130526	1212
20130527	1238
20130528	1286
20130529	1305
20130530	1342
20130531	1400
20130601	1609
20130602	1310
20130603	1313
20130604	1514
20130605	1468
20130606	1358
20130607	1298
20130608	1269
20130609	1349
20130610	1201
20130611	1299
20130612	1534
20130613	1305
20130614	1453
20130615	1581
20130616	1294
20130617	1345
20130618	1301
20130619	1344
20130620	1442
20130621	1475
20130622	1497
20130623	1344
20130624	1285
20130625	1419
20130626	1544
20130627	1446
20130628	1511
20130629	1467
20130630	1320
20130701	1516
20130702	1388
20130703	1414
20130704	1408
20130705	1511
20130706	1359
20130707	1402
20130708	1381
20130709	1443
20130710	1489
20130711	1470
20130712	1360
20130713	1392
20130714	1324
20130715	1399
20130716	1430
20130717	1474
20130718	1374
20130719	1478
20130720	1524
20130721	1410
20130722	1327
20130723	1377
20130724	1539
20130725	1502
20130726	1484
20130727	1496
20130728	1348
20130729	1319
20130730	1398
20130731	1442
20130801	1529
20130802	1546
20130803	1487
20130804	1280
20130805	1329
20130806	1416
20130807	1367
20130808	1375
20130809	1519
20130810	1515
20130811	1414
20130812	1307
20130813	1391
20130814	1566
20130815	1461
20130816	1547
20130817	1452
20130818	1330
20130819	1261
20130820	1378
20130821	1388
20130822	1351
20130823	1551
20130824	1589
20130825	1303
20130826	1304
20130827	1377
20130828	1446
20130829	1362
20130830	1516
20130831	1463
20130901	1636
20130902	1355
20130903	1395
20130904	1436
20130905	1417
20130906	1414
20130907	1493
20130908	1326
20130909	1311
20130910	1367
20130911	1439
20130912	1399
20130913	1531
20130914	1397
20130915	1420
20130916	1287
20130917	1396
20130918	1424
20130919	1535
20130920	1673
20130921	1456
20130922	1300
20130923	1367
20130924	1407
20130925	1493
20130926	1455
20130927	1591
20130928	1508
20130929	1430
20130930	1429
20131001	1691
20131002	1510
20131003	1561
20131004	1705
20131005	1530
20131006	1369
20131007	1323
20131008	1406
20131009	1422
20131010	1471
20131011	1552
20131012	1538
20131013	1314
20131014	1237
20131015	1457
20131016	1346
20131017	1462
20131018	1437
20131019	1369
20131020	1318
20131021	1347
20131022	1331
20131023	1410
20131024	1359
20131025	1470
20131026	1367
20131027	1229
20131028	1345
20131029	1335
20131030	1490
20131031	1559
20131101	1810
20131102	1495
20131103	1205
20131104	1183
20131105	1246
20131106	1351
20131107	1372
20131108	1500
20131109	1430
20131110	1304
20131111	1159
20131112	1279
20131113	1385
20131114	1475
20131115	1612
20131116	1496
20131117	1300
20131118	1388
20131119	1281
20131120	1389
20131121	1342
20131122	1563
20131123	1441
20131124	1061
20131125	1246
20131126	1227
20131127	1272
20131128	974
20131129	1299
20131130	1300
20131201	1427
20131202	1303
20131203	1312
20131204	1424
20131205	1446
20131206	1406
20131207	1398
20131208	1168
20131209	1220
20131210	1293
20131211	1280
20131212	1218
20131213	1411
20131214	1174
20131215	1089
20131216	1151
20131217	1175
20131218	1291
20131219	1348
20131220	1506
20131221	1431
20131222	1314
20131223	1239
20131224	1211
20131225	872
20131226	1179
20131227	1332
20131228	1354
20131229	1119
20131230	1155
20131231	1108
20140101	2206
20140102	1095
20140103	970
20140104	1048
20140105	1014
20140106	1150
20140107	1053
20140108	1253
20140109	1322
20140110	1491
20140111	1347
20140112	1247
20140113	1313
20140114	1368
20140115	1557
20140116	1433
20140117	1527
20140118	1393
20140119	1178
20140120	1180
20140121	986
20140122	979
20140123	1078
20140124	1301
20140125	1279
20140126	1091
20140127	1112
20140128	1209
20140129	1174
20140130	1266
20140131	1394
20140201	1629
20140202	1273
20140203	1088
20140204	1171
20140205	1125
20140206	1242
20140207	1408
20140208	1286
20140209	1131
20140210	1107
20140211	1192
20140212	1271
20140213	875
20140214	1245
20140215	1273
20140216	1025
20140217	1072
20140218	1198
20140219	1176
20140220	1312
20140221	1387
20140222	1510
20140223	1181
20140224	1171
20140225	1271
20140226	1190
20140227	1203
20140228	1376
20140301	1653
20140302	1168
20140303	1087
20140304	1216
20140305	1367
20140306	1258
20140307	1465
20140308	1450
20140309	1138
20140310	1249
20140311	1299
20140312	1389
20140313	1246
20140314	1448
20140315	1621
20140316	1215
20140317	1157
20140318	1331
20140319	1262
20140320	1473
20140321	1431
20140322	1502
20140323	1133
20140324	1208
20140325	1281
20140326	1276
20140327	1286
20140328	1452
20140329	1172
20140330	1076
20140331	1147
20140401	1672
20140402	1396
20140403	1354
20140404	1437
20140405	1391
20140406	1168
20140407	1159
20140408	1339
20140409	1406
20140410	1345
20140411	1419
20140412	1439
20140413	1276
20140414	1201
20140415	1261
20140416	1300
20140417	1238
20140418	1429
20140419	1314
20140420	1145
20140421	1202
20140422	1350
20140423	1443
20140424	1303
20140425	1470
20140426	1348
20140427	1244
20140428	1234
20140429	1235
20140430	1043
20140501	1687
20140502	1571
20140503	1446
20140504	1298
20140505	1331
20140506	1463
20140507	1473
20140508	1320
20140509	1498
20140510	1470
20140511	1272
20140512	1374
20140513	1383
20140514	1499
20140515	1491
20140516	1544
20140517	1435
20140518	1283
20140519	1353
20140520	1480
20140521	1526
20140522	1373
20140523	1483
20140524	1338
20140525	1279
20140526	1287
20140527	1437
20140528	1506
20140529	1417
20140530	1530
20140531	1401
20140601	1596
20140602	1418
20140603	1374
20140604	1469
20140605	1332
20140606	1531
20140607	1344
20140608	1289
20140609	1300
20140610	1470
20140611	1507
20140612	1520
20140613	1418
20140614	1562
20140615	1375
20140616	1442
20140617	1419
20140618	1493
20140619	1408
20140620	1583
20140621	1491
20140622	1339
20140623	1281
20140624	1396
20140625	1489
20140626	1412
20140627	1488
20140628	1433
20140629	1272
20140630	1302
20140701	1716
20140702	1419
20140703	1478
20140704	1435
20140705	1544
20140706	1346
20140707	1404
20140708	1430
20140709	1423
20140710	1543
20140711	1426
20140712	1447
20140713	1347
20140714	1383
20140715	1368
20140716	1444
20140717	1365
20140718	1434
20140719	1539
20140720	1457
20140721	1364
20140722	1423
20140723	1423
20140724	1454
20140725	1519
20140726	1463
20140727	1418
20140728	1399
20140729	1429
20140730	1425
20140731	1477
20140801	1804
20140802	1441
20140803	1360
20140804	1401
20140805	1434
20140806	1415
20140807	1413
20140808	1528
20140809	1474
20140810	1471
20140811	1392
20140812	1378
20140813	1379
20140814	1551
20140815	1563
20140816	1500
20140817	1410
20140818	1306
20140819	1418
20140820	1502
20140821	1445
20140822	1366
20140823	1483
20140824	1377
20140825	1304
20140826	1405
20140827	1429
20140828	1481
20140829	1484
20140830	1491
20140831	1282
20140901	1654
20140902	1473
20140903	1461
20140904	1445
20140905	1570
20140906	1471
20140907	1344
20140908	1325
20140909	1328
20140910	1440
20140911	1464
20140912	1501
20140913	1342
20140914	1311
20140915	1401
20140916	1398
20140917	1451
20140918	1487
20140919	1557
20140920	1632
20140921	1279
20140922	1338
20140923	1341
20140924	1439
20140925	1229
20140926	1419
20140927	1459
20140928	1349
20140929	1355
20140930	1347
20141001	1683
20141002	1425
20141003	1466
20141004	1417
20141005	1306
20141006	1322
20141007	1387
20141008	1425
20141009	1460
20141010	1502
20141011	1306
20141012	1304
20141013	1185
20141014	1552
20141015	1557
20141016	1410
20141017	1660
20141018	1573
20141019	1281
20141020	1375
20141021	1376
20141022	1283
20141023	1220
20141024	1543
20141025	1540
20141026	1309
20141027	1337
20141028	1419
20141029	1357
20141030	1331
20141031	1511
20141101	1461
20141102	1154
20141103	1257
20141104	1333
20141105	1388
20141106	1240
20141107	1440
20141108	1399
20141109	1226
20141110	1342
20141111	1305
20141112	1377
20141113	1230
20141114	1303
20141115	1280
20141116	1171
20141117	1076
20141118	1200
20141119	1172
20141120	1322
20141121	1374
20141122	1331
20141123	1193
20141124	1290
20141125	1238
20141126	1137
20141127	820
20141128	1284
20141129	1150
20141130	1209
20141201	1394
20141202	1199
20141203	1179
20141204	1138
20141205	1233
20141206	1168
20141207	1055
20141208	1051
20141209	1047
20141210	1185
20141211	1255
20141212	1353
20141213	1310
20141214	1183
20141215	1212
20141216	1198
20141217	1312
20141218	1251
20141219	1286
20141220	1222
20141221	991
20141222	1028
20141223	1090
20141224	948
20141225	841
20141226	969
20141227	1003
20141228	924
20141229	961
20141230	982
20141231	925
20150101	1770
20150102	1027
20150103	998
20150104	875
20150105	1038
20150106	942
20150107	956
20150108	991
20150109	1122
20150110	1057
20150111	1011
20150112	1049
20150113	1198
20150114	1210
20150115	1337
20150116	1293
20150117	1267
20150118	967
20150119	1084
20150120	1251
20150121	1208
20150122	1257
20150123	1329
20150124	1071
20150125	1095
20150126	918
20150127	802
20150128	1054
20150129	1048
20150130	1133
20150131	1035
20150201	1292
20150202	878
20150203	944
20150204	1197
20150205	1117
20150206	1207
20150207	1158
20150208	1021
20150209	983
20150210	1130
20150211	1170
20150212	1173
20150213	1145
20150214	1193
20150215	1058
20150216	957
20150217	1029
20150218	1190
20150219	1027
20150220	1144
20150221	1116
20150222	987
20150223	980
20150224	1008
20150225	1192
20150226	1165
20150227	1244
20150228	1165
20150301	1308
20150302	1112
20150303	1120
20150304	1171
20150305	1052
20150306	1215
20150307	1227
20150308	1085
20150309	1290
20150310	1296
20150311	1272
20150312	1270
20150313	1328
20150314	1268
20150315	1282
20150316	1200
20150317	1306
20150318	1273
20150319	1217
20150320	1186
20150321	1250
20150322	1125
20150323	1135
20150324	1166
20150325	1242
20150326	1203
20150327	1307
20150328	1217
20150329	1120
20150330	1159
20150331	1165
20150401	1787
20150402	1385
20150403	1357
20150404	1314
20150405	1010
20150406	1192
20150407	1191
20150408	1244
20150409	1183
20150410	1296
20150411	1220
20150412	1210
20150413	1218
20150414	1353
20150415	1443
20150416	1340
20150417	1402
20150418	1461
20150419	1213
20150420	1145
20150421	1318
20150422	1349
20150423	1256
20150424	1372
20150425	1317
20150426	1253
20150427	1236
20150428	1278
20150429	1359
20150430	1366
20150501	1809
20150502	1176
20150503	1268
20150504	1207
20150505	1384
20150506	1336
20150507	1358
20150508	1367
20150509	1325
20150510	1317
20150511	1295
20150512	1405
20150513	1456
20150514	1374
20150515	1608
20150516	1325
20150517	1281
20150518	1360
20150519	1301
20150520	1465
20150521	1315
20150522	1504
20150523	1332
20150524	1248
20150525	1235
20150526	1393
20150527	1365
20150528	1359
20150529	1442
20150530	1490
20150531	1197
20150601	1460
20150602	1237
20150603	1311
20150604	1305
20150605	1447
20150606	1377
20150607	1241
20150608	1309
20150609	1344
20150610	1421
20150611	1386
20150612	1489
20150613	1350
20150614	1307
20150615	1353
20150616	1400
20150617	1401
20150618	1415
20150619	1475
20150620	1389
20150621	1314
20150622	1427
20150623	1362
20150624	1372
20150625	1525
20150626	1459
20150627	1331
20150628	1182
20150629	1239
20150630	1336
20150701	1692
20150702	1381
20150703	1515
20150704	1353
20150705	1365
20150706	1311
20150707	1435
20150708	1379
20150709	1348
20150710	1366
20150711	1432
20150712	1379
20150713	1328
20150714	1276
20150715	1533
20150716	1426
20150717	1426
20150718	1396
20150719	1245
20150720	1401
20150721	1424
20150722	1484
20150723	1520
20150724	1493
20150725	1519
20150726	1425
20150727	1308
20150728	1338
20150729	1478
20150730	1376
20150731	1469
20150801	1657
20150802	1364
20150803	1396
20150804	1447
20150805	1543
20150806	1440
20150807	1513
20150808	1443
20150809	1319
20150810	1352
20150811	1270
20150812	1503
20150813	1506
20150814	1557
20150815	1506
20150816	1351
20150817	1305
20150818	1399
20150819	1475
20150820	1510
20150821	1494
20150822	1472
20150823	1342
20150824	1361
20150825	1405
20150826	1429
20150827	1357
20150828	1487
20150829	1427
20150830	1311
20150831	1253
20150901	1621
20150902	1405
20150903	1415
20150904	1504
20150905	1443
20150906	1322
20150907	1224
20150908	1284
20150909	1432
20150910	1274
20150911	1479
20150912	1423
20150913	1237
20150914	1249
20150915	1406
20150916	1374
20150917	1364
20150918	1560
20150919	1500
20150920	1357
20150921	1276
20150922	1469
20150923	1366
20150924	1218
20150925	1333
20150926	1305
20150927	1226
20150928	1278
20150929	1274
20150930	1338
20151001	1447
20151002	1170
20151003	1166
20151004	1300
20151005	1327
20151006	1397
20151007	1324
20151008	1336
20151009	1445
20151010	1318
20151011	1309
20151012	1188
20151013	1335
20151014	1362
20151015	1455
20151016	1482
20151017	1224
20151018	1102
20151019	1183
20151020	1367
20151021	1388
20151022	1380
20151023	1359
20151024	1266
20151025	1231
20151026	1178
20151027	1202
20151028	1081
20151029	1325
20151030	1383
20151031	1450
20151101	1463
20151102	1168
20151103	1236
20151104	1408
20151105	1329
20151106	1388
20151107	1356
20151108	1122
20151109	1209
20151110	1222
20151111	1240
20151112	1322
20151113	1362
20151114	1186
20151115	1197
20151116	1220
20151117	1286
20151118	1263
20151119	1246
20151120	1412
20151121	1287
20151122	1166
20151123	1111
20151124	1208
20151125	1267
20151126	920
20151127	1244
20151128	1221
20151129	1071
20151130	1099
20151201	1203
20151202	1247
20151203	1190
20151204	1356
20151205	1301
20151206	1143
20151207	1155
20151208	1189
20151209	1183
20151210	1291
20151211	1457
20151212	1412
20151213	1209
20151214	1176
20151215	1233
20151216	1168
20151217	1137
20151218	1274
20151219	1181
20151220	1071
20151221	1071
20151222	1179
20151223	1069
20151224	1047
20151225	882
20151226	1059
20151227	1022
20151228	1016
20151229	982
20151230	967
20151231	693
