44701	STATEN ISLAND	578 - HARRASSMENT 2
36903	STATEN ISLAND	341 - PETIT LARCENY
30467	STATEN ISLAND	351 - CRIMINAL MISCHIEF & RELATED OF
23156	STATEN ISLAND	344 - ASSAULT 3 & RELATED OFFENSES
19276	STATEN ISLAND	361 - OFF. AGNST PUB ORD SENSBLTY &
11250	STATEN ISLAND	109 - GRAND LARCENY
8985	STATEN ISLAND	235 - DANGEROUS DRUGS
6933	STATEN ISLAND	359 - OFFENSES AGAINST PUBLIC ADMINI
6927	STATEN ISLAND	107 - BURGLARY
5899	STATEN ISLAND	347 - INTOXICATED & IMPAIRED DRIVING
5506	STATEN ISLAND	106 - FELONY ASSAULT
4784	STATEN ISLAND	121 - CRIMINAL MISCHIEF & RELATED OF
4442	STATEN ISLAND	105 - ROBBERY
4152	STATEN ISLAND	126 - MISCELLANEOUS PENAL LAW
3669	STATEN ISLAND	110 - GRAND LARCENY OF MOTOR VEHICLE
3359	STATEN ISLAND	112 - THEFT-FRAUD
2773	STATEN ISLAND	236 - DANGEROUS WEAPONS
2582	STATEN ISLAND	340 - FRAUDS
2366	STATEN ISLAND	117 - DANGEROUS DRUGS
1669	STATEN ISLAND	118 - DANGEROUS WEAPONS
1505	STATEN ISLAND	348 - VEHICLE AND TRAFFIC LAWS
1412	STATEN ISLAND	352 - CRIMINAL TRESPASS
1362	STATEN ISLAND	233 - SEX CRIMES
1237	STATEN ISLAND	353 - UNAUTHORIZED USE OF A VEHICLE
1201	STATEN ISLAND	113 - FORGERY
913	STATEN ISLAND	232 - POSSESSION OF STOLEN PROPERTY
806	STATEN ISLAND	114 - ARSON
501	STATEN ISLAND	104 - RAPE
501	STATEN ISLAND	355 - OFFENSES AGAINST THE PERSON
474	STATEN ISLAND	365 - ADMINISTRATIVE CODE
441	STATEN ISLAND	116 - SEX CRIMES
403	STATEN ISLAND	343 - OTHER OFFENSES RELATED TO THEF
271	STATEN ISLAND	358 - OFFENSES INVOLVING FRAUD
254	STATEN ISLAND	678 - MISCELLANEOUS PENAL LAW
223	STATEN ISLAND	125 - NYS LAWS-UNCLASSIFIED FELONY
190	STATEN ISLAND	111 - POSSESSION OF STOLEN PROPERTY
146	STATEN ISLAND	101 - MURDER & NON-NEGL. MANSLAUGHTER
115	STATEN ISLAND	364 - OTHER STATE LAWS (NON PENAL LA
93	STATEN ISLAND	363 - OFFENSES AGAINST PUBLIC SAFETY
70	STATEN ISLAND	124 - KIDNAPPING & RELATED OFFENSES
65	STATEN ISLAND	231 - BURGLAR'S TOOLS
51	STATEN ISLAND	675 - ADMINISTRATIVE CODE
29	STATEN ISLAND	342 - PETIT LARCENY OF MOTOR VEHICLE
27	STATEN ISLAND	345 - OFFENSES RELATED TO CHILDREN
25	STATEN ISLAND	346 - ALCOHOLIC BEVERAGE CONTROL LAW
22	STATEN ISLAND	572 - DISORDERLY CONDUCT
11	STATEN ISLAND	677 - OTHER STATE LAWS
10	STATEN ISLAND	238 - FRAUDULENT ACCOSTING
10	STATEN ISLAND	102 - HOMICIDE-NEGLIGENT-VEHICLE
10	STATEN ISLAND	350 - GAMBLING
8	STATEN ISLAND	120 - CHILD ABANDONMENT/NON SUPPORT
6	STATEN ISLAND	237 - ESCAPE 3
6	STATEN ISLAND	364 - AGRICULTURE & MRKTS LAW-UNCLASSIFIED
5	STATEN ISLAND	356 - PROSTITUTION & RELATED OFFENSES
3	STATEN ISLAND	345 - ENDAN WELFARE INCOMP
3	STATEN ISLAND	354 - ANTICIPATORY OFFENSES
2	STATEN ISLAND	103 - HOMICIDE-NEGLIGENT,UNCLASSIFIE
2	STATEN ISLAND	571 - LOITERING/GAMBLING (CARDS, DIC
1	STATEN ISLAND	455 - UNLAWFUL POSS. WEAP. ON SCHOOL
1	STATEN ISLAND	234 - PROSTITUTION & RELATED OFFENSES
1	STATEN ISLAND	577 - UNDER THE INFLUENCE OF DRUGS
1	STATEN ISLAND	115 - PROSTITUTION & RELATED OFFENSES
1	STATEN ISLAND	676 - NEW YORK CITY HEALTH CODE
1	STATEN ISLAND	123 - ABORTION
