257702	MANHATTAN 341 - PETIT LARCENY
165944	MANHATTAN 109 - GRAND LARCENY
120721	MANHATTAN 578 - HARRASSMENT 2
98959	MANHATTAN 344 - ASSAULT 3 & RELATED OFFENSES
77557	MANHATTAN 351 - CRIMINAL MISCHIEF & RELATED OF
62858	MANHATTAN 235 - DANGEROUS DRUGS
57825	MANHATTAN 361 - OFF. AGNST PUB ORD SENSBLTY &
38486	MANHATTAN 105 - ROBBERY
35047	MANHATTAN 107 - BURGLARY
32988	MANHATTAN 106 - FELONY ASSAULT
24130	MANHATTAN 359 - OFFENSES AGAINST PUBLIC ADMINI
22634	MANHATTAN 352 - CRIMINAL TRESPASS
18921	MANHATTAN 126 - MISCELLANEOUS PENAL LAW
16568	MANHATTAN 347 - INTOXICATED & IMPAIRED DRIVING
15567	MANHATTAN 112 - THEFT-FRAUD
15417	MANHATTAN 113 - FORGERY
15394	MANHATTAN 117 - DANGEROUS DRUGS
13971	MANHATTAN 236 - DANGEROUS WEAPONS
12671	MANHATTAN 121 - CRIMINAL MISCHIEF & RELATED OF
12630	MANHATTAN 348 - VEHICLE AND TRAFFIC LAWS
10769	MANHATTAN 358 - OFFENSES INVOLVING FRAUD
10516	MANHATTAN 110 - GRAND LARCENY OF MOTOR VEHICLE
10309	MANHATTAN 118 - DANGEROUS WEAPONS
10300	MANHATTAN 233 - SEX CRIMES
9108	MANHATTAN 340 - FRAUDS
5843	MANHATTAN 232 - POSSESSION OF STOLEN PROPERTY
3001	MANHATTAN 355 - OFFENSES AGAINST THE PERSON
2946	MANHATTAN 111 - POSSESSION OF STOLEN PROPERTY
2804	MANHATTAN 104 - RAPE
2797	MANHATTAN 343 - OTHER OFFENSES RELATED TO THEF
2697	MANHATTAN 678 - MISCELLANEOUS PENAL LAW
2438	MANHATTAN 116 - SEX CRIMES
2219	MANHATTAN 238 - FRAUDULENT ACCOSTING
2087	MANHATTAN 343 - THEFT OF SERVICES
2075	MANHATTAN 114 - ARSON
1720	MANHATTAN 353 - UNAUTHORIZED USE OF A VEHICLE
1474	MANHATTAN 364 - OTHER STATE LAWS (NON PENAL LA
1051	MANHATTAN 365 - ADMINISTRATIVE CODE
890	MANHATTAN 231 - BURGLAR'S TOOLS
721	MANHATTAN 350 - GAMBLING
715	MANHATTAN 125 - NYS LAWS-UNCLASSIFIED FELONY
588	MANHATTAN 101 - MURDER & NON-NEGL. MANSLAUGHTER
582	MANHATTAN 675 - ADMINISTRATIVE CODE
406	MANHATTAN 124 - KIDNAPPING & RELATED OFFENSES
231	MANHATTAN 572 - DISORDERLY CONDUCT
205	MANHATTAN 363 - OFFENSES AGAINST PUBLIC SAFETY
202	MANHATTAN 342 - PETIT LARCENY OF MOTOR VEHICLE
200	MANHATTAN 230 - JOSTLING
157	MANHATTAN 346 - ALCOHOLIC BEVERAGE CONTROL LAW
110	MANHATTAN 356 - PROSTITUTION & RELATED OFFENSES
97	MANHATTAN 345 - OFFENSES RELATED TO CHILDREN
87	MANHATTAN 677 - OTHER STATE LAWS
76	MANHATTAN 571 - LOITERING/GAMBLING (CARDS, DIC
65	MANHATTAN 120 - CHILD ABANDONMENT/NON SUPPORT
39	MANHATTAN 237 - ESCAPE 3
36	MANHATTAN 122 - GAMBLING
31	MANHATTAN 234 - PROSTITUTION & RELATED OFFENSES
30	MANHATTAN 115 - PROSTITUTION & RELATED OFFENSES
29	MANHATTAN 354 - ANTICIPATORY OFFENSES
24	MANHATTAN 366 - NEW YORK CITY HEALTH CODE
22	MANHATTAN 345 - ENDAN WELFARE INCOMP
17	MANHATTAN 676 - NEW YORK CITY HEALTH CODE
16	MANHATTAN 102 - HOMICIDE-NEGLIGENT-VEHICLE
16	MANHATTAN 364 - AGRICULTURE & MRKTS LAW-UNCLASSIFIED
14	MANHATTAN 455 - UNLAWFUL POSS. WEAP. ON SCHOOL
11	MANHATTAN 349 - DISRUPTION OF A RELIGIOUS SERV
8	MANHATTAN 357 - FORTUNE TELLING
7	MANHATTAN 103 - HOMICIDE-NEGLIGENT,UNCLASSIFIE
6	MANHATTAN 672 - LOITERING
5	MANHATTAN 360 - LOITERING FOR DRUG PURPOSES
4	MANHATTAN 119 - INTOXICATED/IMPAIRED DRIVING
3	MANHATTAN 120 - ENDAN WELFARE INCOMP
3	MANHATTAN 685 - ADMINISTRATIVE CODES
2	MANHATTAN 124 - KIDNAPPING AND RELATED OFFENSES
2	MANHATTAN 677 - NYS LAWS-UNCLASSIFIED VIOLATION
2	MANHATTAN 362 - OFFENSES AGAINST MARRIAGE UNCL
1	MANHATTAN 577 - UNDER THE INFLUENCE OF DRUGS
1	MANHATTAN 460 - LOITERING/DEVIATE SEX
