138124	BRONX	341 - PETIT LARCENY
129239	BRONX	578 - HARRASSMENT 2
126166	BRONX	344 - ASSAULT 3 & RELATED OFFENSES
111026	BRONX	235 - DANGEROUS DRUGS
94587	BRONX	351 - CRIMINAL MISCHIEF & RELATED OF
61778	BRONX	361 - OFF. AGNST PUB ORD SENSBLTY &
53894	BRONX	109 - GRAND LARCENY
47739	BRONX	106 - FELONY ASSAULT
45259	BRONX	105 - ROBBERY
33589	BRONX	107 - BURGLARY
29966	BRONX	359 - OFFENSES AGAINST PUBLIC ADMINI
25544	BRONX	236 - DANGEROUS WEAPONS
22750	BRONX	352 - CRIMINAL TRESPASS
22056	BRONX	110 - GRAND LARCENY OF MOTOR VEHICLE
21527	BRONX	117 - DANGEROUS DRUGS
17944	BRONX	126 - MISCELLANEOUS PENAL LAW
14484	BRONX	348 - VEHICLE AND TRAFFIC LAWS
11678	BRONX	347 - INTOXICATED & IMPAIRED DRIVING
11512	BRONX	118 - DANGEROUS WEAPONS
9058	BRONX	112 - THEFT-FRAUD
8518	BRONX	121 - CRIMINAL MISCHIEF & RELATED OF
8196	BRONX	113 - FORGERY
7836	BRONX	233 - SEX CRIMES
5316	BRONX	340 - FRAUDS
3904	BRONX	232 - POSSESSION OF STOLEN PROPERTY
3812	BRONX	114 - ARSON
3493	BRONX	355 - OFFENSES AGAINST THE PERSON
3352	BRONX	358 - OFFENSES INVOLVING FRAUD
2875	BRONX	364 - OTHER STATE LAWS (NON PENAL LA
2853	BRONX	104 - RAPE
2222	BRONX	353 - UNAUTHORIZED USE OF A VEHICLE
1990	BRONX	116 - SEX CRIMES
1953	BRONX	365 - ADMINISTRATIVE CODE
1859	BRONX	343 - OTHER OFFENSES RELATED TO THEF
1631	BRONX	678 - MISCELLANEOUS PENAL LAW
1494	BRONX	111 - POSSESSION OF STOLEN PROPERTY
1151	BRONX	101 - MURDER & NON-NEGL. MANSLAUGHTER
1044	BRONX	125 - NYS LAWS-UNCLASSIFIED FELONY
587	BRONX	350 - GAMBLING
569	BRONX	124 - KIDNAPPING & RELATED OFFENSES
439	BRONX	343 - THEFT OF SERVICES
347	BRONX	346 - ALCOHOLIC BEVERAGE CONTROL LAW
300	BRONX	356 - PROSTITUTION & RELATED OFFENSES
299	BRONX	345 - OFFENSES RELATED TO CHILDREN
240	BRONX	231 - BURGLAR'S TOOLS
234	BRONX	363 - OFFENSES AGAINST PUBLIC SAFETY
224	BRONX	572 - DISORDERLY CONDUCT
220	BRONX	675 - ADMINISTRATIVE CODE
136	BRONX	238 - FRAUDULENT ACCOSTING
127	BRONX	342 - PETIT LARCENY OF MOTOR VEHICLE
114	BRONX	120 - CHILD ABANDONMENT/NON SUPPORT
51	BRONX	237 - ESCAPE 3
33	BRONX	122 - GAMBLING
29	BRONX	364 - AGRICULTURE & MRKTS LAW-UNCLASSIFIED
25	BRONX	115 - PROSTITUTION & RELATED OFFENSES
22	BRONX	234 - PROSTITUTION & RELATED OFFENSES
21	BRONX	677 - OTHER STATE LAWS
21	BRONX	230 - JOSTLING
21	BRONX	345 - ENDAN WELFARE INCOMP
20	BRONX	354 - ANTICIPATORY OFFENSES
16	BRONX	455 - UNLAWFUL POSS. WEAP. ON SCHOOL
14	BRONX	102 - HOMICIDE-NEGLIGENT-VEHICLE
14	BRONX	360 - LOITERING FOR DRUG PURPOSES
12	BRONX	571 - LOITERING/GAMBLING (CARDS, DIC
9	BRONX	119 - INTOXICATED/IMPAIRED DRIVING
7	BRONX	120 - ENDAN WELFARE INCOMP
7	BRONX	103 - HOMICIDE-NEGLIGENT,UNCLASSIFIE
6	BRONX	366 - NEW YORK CITY HEALTH CODE
4	BRONX	349 - DISRUPTION OF A RELIGIOUS SERV
3	BRONX	364 - OTHER STATE LAWS (NON PENAL LAW)
3	BRONX	460 - LOITERING/DEVIATE SEX
2	BRONX	677 - NYS LAWS-UNCLASSIFIED VIOLATION
2	BRONX	672 - LOITERING
1	BRONX	362 - OFFENSES AGAINST MARRIAGE UNCL
1	BRONX	676 - NEW YORK CITY HEALTH CODE
1	BRONX	357 - FORTUNE TELLING
1	BRONX	881 - OTHER TRAFFIC INFRACTION
1	BRONX	685 - ADMINISTRATIVE CODES
