227208	BROOKLYN 341 - PETIT LARCENY
181737	BROOKLYN 578 - HARRASSMENT 2
167706	BROOKLYN 344 - ASSAULT 3 & RELATED OFFENSES
132672	BROOKLYN 351 - CRIMINAL MISCHIEF & RELATED OF
112987	BROOKLYN 109 - GRAND LARCENY
89451	BROOKLYN 235 - DANGEROUS DRUGS
83917	BROOKLYN 361 - OFF. AGNST PUB ORD SENSBLTY &
69610	BROOKLYN 105 - ROBBERY
65843	BROOKLYN 107 - BURGLARY
62407	BROOKLYN 106 - FELONY ASSAULT
43714	BROOKLYN 126 - MISCELLANEOUS PENAL LAW
33077	BROOKLYN 110 - GRAND LARCENY OF MOTOR VEHICLE
24771	BROOKLYN 121 - CRIMINAL MISCHIEF & RELATED OF
23648	BROOKLYN 359 - OFFENSES AGAINST PUBLIC ADMINI
22807	BROOKLYN 347 - INTOXICATED & IMPAIRED DRIVING
17594	BROOKLYN 236 - DANGEROUS WEAPONS
17135	BROOKLYN 118 - DANGEROUS WEAPONS
15552	BROOKLYN 117 - DANGEROUS DRUGS
15339	BROOKLYN 348 - VEHICLE AND TRAFFIC LAWS
15115	BROOKLYN 112 - THEFT-FRAUD
13989	BROOKLYN 233 - SEX CRIMES
13156	BROOKLYN 113 - FORGERY
10529	BROOKLYN 352 - CRIMINAL TRESPASS
8630	BROOKLYN 340 - FRAUDS
5861	BROOKLYN 232 - POSSESSION OF STOLEN PROPERTY
4858	BROOKLYN 114 - ARSON
4174	BROOKLYN 353 - UNAUTHORIZED USE OF A VEHICLE
3851	BROOKLYN 104 - RAPE
3704	BROOKLYN 365 - ADMINISTRATIVE CODE
3252	BROOKLYN 355 - OFFENSES AGAINST THE PERSON
3227	BROOKLYN 116 - SEX CRIMES
2674	BROOKLYN 111 - POSSESSION OF STOLEN PROPERTY
2598	BROOKLYN 343 - OTHER OFFENSES RELATED TO THEF
2540	BROOKLYN 678 - MISCELLANEOUS PENAL LAW
2025	BROOKLYN 358 - OFFENSES INVOLVING FRAUD
1787	BROOKLYN 101 - MURDER & NON-NEGL. MANSLAUGHTER
1290	BROOKLYN 125 - NYS LAWS-UNCLASSIFIED FELONY
822	BROOKLYN 124 - KIDNAPPING & RELATED OFFENSES
756	BROOKLYN 231 - BURGLAR'S TOOLS
727	BROOKLYN 364 - OTHER STATE LAWS (NON PENAL LA
485	BROOKLYN 350 - GAMBLING
326	BROOKLYN 342 - PETIT LARCENY OF MOTOR VEHICLE
308	BROOKLYN 675 - ADMINISTRATIVE CODE
292	BROOKLYN 345 - OFFENSES RELATED TO CHILDREN
284	BROOKLYN 572 - DISORDERLY CONDUCT
164	BROOKLYN 363 - OFFENSES AGAINST PUBLIC SAFETY
157	BROOKLYN 343 - THEFT OF SERVICES
146	BROOKLYN 238 - FRAUDULENT ACCOSTING
133	BROOKLYN 356 - PROSTITUTION & RELATED OFFENSES
121	BROOKLYN 346 - ALCOHOLIC BEVERAGE CONTROL LAW
109	BROOKLYN 120 - CHILD ABANDONMENT/NON SUPPORT
101	BROOKLYN 571 - LOITERING/GAMBLING (CARDS, DIC
55	BROOKLYN 677 - OTHER STATE LAWS
47	BROOKLYN 230 - JOSTLING
46	BROOKLYN 237 - ESCAPE 3
44	BROOKLYN 122 - GAMBLING
41	BROOKLYN 345 - ENDAN WELFARE INCOMP
40	BROOKLYN 234 - PROSTITUTION & RELATED OFFENSES
40	BROOKLYN 115 - PROSTITUTION & RELATED OFFENSES
31	BROOKLYN 354 - ANTICIPATORY OFFENSES
27	BROOKLYN 102 - HOMICIDE-NEGLIGENT-VEHICLE
20	BROOKLYN 349 - DISRUPTION OF A RELIGIOUS SERV
19	BROOKLYN 364 - AGRICULTURE & MRKTS LAW-UNCLASSIFIED
13	BROOKLYN 119 - INTOXICATED/IMPAIRED DRIVING
13	BROOKLYN 455 - UNLAWFUL POSS. WEAP. ON SCHOOL
12	BROOKLYN 103 - HOMICIDE-NEGLIGENT,UNCLASSIFIE
8	BROOKLYN 366 - NEW YORK CITY HEALTH CODE
7	BROOKLYN 676 - NEW YORK CITY HEALTH CODE
6	BROOKLYN 120 - ENDAN WELFARE INCOMP
5	BROOKLYN 672 - LOITERING
5	BROOKLYN 881 - OTHER TRAFFIC INFRACTION
4	BROOKLYN 685 - ADMINISTRATIVE CODES
3	BROOKLYN 360 - LOITERING FOR DRUG PURPOSES
1	BROOKLYN 124 - KIDNAPPING
1	BROOKLYN 677 - NYS LAWS-UNCLASSIFIED VIOLATION
1	BROOKLYN 364 - OTHER STATE LAWS (NON PENAL LAW)
