1870	
6	RICHMOND TERRACE
6	TOMPKINS
5	BUTLER
5	LINDEN
4	CASTLE HILL
4	BORINQUEN PLAZA II
4	SOUTH BEACH
3	DOUGLASS
3	LA GUARDIA
3	SOUNDVIEW
3	303 VERNON AVENUE
3	RED HOOK WEST
3	GRANT
3	SHEEPSHEAD BAY
3	FARRAGUT
2	RUTGERS
2	GLENWOOD
2	STAPLETON
2	BAY VIEW
2	WILLIAMS PLAZA
2	MILL BROOK
2	REDFERN
2	BOSTON SECOR
2	HIGHBRIDGE GARDENS
2	BEDFORD-STUYVESANT REHAB
2	MORRIS I
2	VAN DYKE I
1	WOODSIDE
1	GOWANUS
1	WSUR (SITE C) 589 AMSTERDAM AVENUE
1	UNION AVENUE-EAST 166TH STREET
1	WILLIAMSBURG
1	BELMONT-SUTTER AREA
1	SMITH
1	FORT INDEPENDENCE STREET-HEATH AVENUE
1	MARCY
1	CYPRESS HILLS
1	MACOMBS ROAD
1	MITCHEL
1	BUSHWICK II (GROUPS B & D)
1	MONROE
1	MELROSE
1	WEST TREMONT REHAB (GROUP 3)
1	WEEKSVILLE GARDENS
1	830 AMSTERDAM AVENUE
1	UNITY PLAZA (SITES 4-27)
1	LATIMER GARDENS
1	VLADECK II
1	PENNSYLVANIA AVENUE-WORTMAN AVENUE
1	GUN HILL
1	JACKSON
1	WEST BRIGHTON I
1	STERLING PLACE REHAB (SAINT JOHNS-STERLING)
1	BORINQUEN PLAZA I
1	MORRIS II
1	MARINER'S HARBOR
1	FOREST
1	ATLANTIC TERMINAL SITE 4B
1	PELHAM PARKWAY
1	TILDEN
1	1471 WATSON AVENUE
1	CONEY ISLAND
1	FENIMORE-LEFFERTS
1	MARBLE HILL
1	QUEENSBRIDGE SOUTH
1	WALD
1	THROGGS NECK
1	BARUCH
1	DOUGLASS ADDITION
1	BUSHWICK II CDA (GROUP E)
1	UNITY PLAZA (SITES 17,24,25A)
1	BOULEVARD
1	CLAREMONT PARKWAY-FRANKLIN AVENUE
1	EASTCHESTER GARDENS
